Â· Running '/usr/bin/git config init.defaultBranch'
Â· Running '/usr/bin/git config --global init.defaultBranch'
Â· Running '/usr/bin/git config --system init.defaultBranch'
Â· Running '/usr/bin/git rev-parse main^{commit}'
  OUTPUT -------->
  3c2e5ac20e8e5ff3218c527aa551c878efd8e003
Â· Creating environments
Â·Â· Creating conda environment for conda-py3.10-joblib1.2.0-nibabel5.2.0-numpy1.22.4-pandas2.2.0-scikit-learn1.4.0-scipy1.8.0
Â·Â· Running '/usr/bin/conda --version'
   OUTPUT -------->
   conda 25.7.0
Â·Â· conda version: 25.7.0
Â·Â· Running '/usr/bin/conda env create -f /tmp/tmpy39tkcb9.yml -p /home/runner/work/nilearn/nilearn/asv_benchmarks/env/98bc781cb9d42ce498ecc1fd616179dc --yes'
   OUTPUT -------->
   CI detected...
   By accessing https://repo.anaconda.com/pkgs/main via CI for this repository you 
   acknowledge and agree to the Terms of Service:
   ANACONDA TERMS OF SERVICE
   Effective Date: July 15, 2025
   
   See https://anaconda.com/legal/terms/terms-of-service
   By accessing https://repo.anaconda.com/pkgs/r via CI for this repository you 

   acknowledge and agree to the Terms of Service:
   ANACONDA TERMS OF SERVICE
   Effective Date: July 15, 2025
   
   See https://anaconda.com/legal/terms/terms-of-service
   2 channel Terms of Service accepted

   Retrieving notices: - \ done
   Channels:
    - conda-forge
    - defaults
   Platform: linux-64
   Collecting package metadata (repodata.json): / - \ | / - \ | / - \ | / - \ | / - \ | / - \ | done

   Solving environment: - \ done
   Downloading and Extracting Packages: ...working...scipy-1.8.0          | 25.7 MB   |            |   0% 
   python-3.10.18       | 23.9 MB   |            |   0% [A
   
   pandas-2.2.0         | 12.4 MB   |            |   0% [A[A

   
   
   scikit-learn-1.4.0   | 8.6 MB    |            |   0% [A[A[A

   
   
   
   numpy-1.22.4         | 6.8 MB    |            |   0% [A[A[A[A

   
   
   
   
   libopenblas-0.3.25   | 5.3 MB    |            |   0% [A[A[A[A[A

   
   
   
   
   
   libstdcxx-15.1.0     | 3.7 MB    |            |   0% [A[A[A[A[A[A

   
   
   
   
   
   
   tk-8.6.13            | 3.1 MB    |            |   0% [A[A[A[A[A[A[A

   
   
   
   
   
   
   
   openssl-3.5.3        | 3.0 MB    |            |   0% [A[A[A[A[A[A[A[A

   
   
   
   
   
   
   
   
   nibabel-5.2.0        | 2.6 MB    |            |   0% [A[A[A[A[A[A[A[A[A

   
   
   
   
   
   
   
   
   
   libgfortran5-15.1.0  | 1.5 MB    |            |   0% [A[A[A[A[A[A[A[A[A[A

   
   
   
   
   
   
   
   
   
   
   pip-25.2             | 1.1 MB    |            |   0% [A[A[A[A[A[A[A[A[A[A[A

   
   
   
   
   
   
   
   
   
   
   
   libsqlite-3.50.4     | 911 KB    |            |   0% [A[A[A[A[A[A[A[A[A[A[A[A

   
   
   
   
   
   
   
   
   
   
   
   
   ncurses-6.5          | 871 KB    |            |   0% [A[A[A[A[A[A[A[A[A[A[A[A[A

   
   
   
   
   
   
   
   
   
   
   
   
   
   libgcc-15.1.0        | 805 KB    |            |   0% [A[A[A[A[A[A[A[A[A[A[A[A[A[A

   
   
   
   
   
   
   
   
   
   
   
   
   
   
   setuptools-80.9.0    | 731 KB    |            |   0% [A[A[A[A[A[A[A[A[A[A[A[A[A[A[A

   
   
   
   
   
   
   
   
   
   
   
   
   
   
   
   ld_impl_linux-64-2.4 | 660 KB    |            |   0% [A[A[A[A[A[A[A[A[A[A[A[A[A[A[A[A

   
   
   
   
   
   
   
   
   
   
   
   
   
   
   
   
   libgomp-15.1.0       | 437 KB    |            |   0% [A[A[A[A[A[A[A[A[A[A[A[A[A[A[A[A[A

   
   
   
   
   
   
   
   
   
   
   
   
   
   
   
   
   
   readline-8.2         | 276 KB    |            |   0% [A[A[A[A[A[A[A[A[A[A[A[A[A[A[A[A[A[A

   
   
   
   
   
   
   
   
   
   
   
   
   
   
   
   
   
   
    ... (more hidden) ...[A[A[A[A[A[A[A[A[A[A[A[A[A[A[A[A[A[A[Ascipy-1.8.0          | 25.7 MB   |            |   1% 

   python-3.10.18       | 23.9 MB   | 7          |   7% [A
   
   pandas-2.2.0         | 12.4 MB   | 5          |   6% [A[A

   
   
   scikit-learn-1.4.0   | 8.6 MB    | 7          |   8% [A[A[A

   
   
   
   numpy-1.22.4         | 6.8 MB    | ####2      |  43% [A[A[A[Ascipy-1.8.0          | 25.7 MB   | #4         |  14% 

   python-3.10.18       | 23.9 MB   | ##         |  20% [A
   
   pandas-2.2.0         | 12.4 MB   | ###4       |  34% [A[A

   
   
   scikit-learn-1.4.0   | 8.6 MB    | #####      |  50% [A[A[A

   
   
   
   numpy-1.22.4         | 6.8 MB    | #########4 |  95% [A[A[A[Ascipy-1.8.0          | 25.7 MB   | ##9        |  30% 

   python-3.10.18       | 23.9 MB   | ###6       |  37% [A
   
   pandas-2.2.0         | 12.4 MB   | ######5    |  66% [A[A

   
   
   scikit-learn-1.4.0   | 8.6 MB    | #########3 |  93% [A[A[A

   
   
   
   numpy-1.22.4         | 6.8 MB    | ########## | 100% [A[A[A[A

   
   
   
   
   libopenblas-0.3.25   | 5.3 MB    |            |   0% [A[A[A[A[Ascipy-1.8.0          | 25.7 MB   | ####4      |  45% 

   python-3.10.18       | 23.9 MB   | #####3     |  54% [A
   
   pandas-2.2.0         | 12.4 MB   | #########7 |  97% [A[A

   
   
   
   
   libopenblas-0.3.25   | 5.3 MB    | #######    |  71% [A[A[A[A[A

   
   
   scikit-learn-1.4.0   | 8.6 MB    | ########## | 100% [A[A[Ascipy-1.8.0          | 25.7 MB   | #####9     |  60% 

   python-3.10.18       | 23.9 MB   | ######9    |  70% [A
   
   
   
   
   
   libstdcxx-15.1.0     | 3.7 MB    |            |   0% [A[A[A[A[A[Ascipy-1.8.0          | 25.7 MB   | #######3   |  74% 

   python-3.10.18       | 23.9 MB   | ########4  |  85% [A
   
   
   
   
   
   libstdcxx-15.1.0     | 3.7 MB    | ########8  |  88% [A[A[A[A[A[A

   
   
   
   
   libopenblas-0.3.25   | 5.3 MB    | ########## | 100% [A[A[A[A[A

   
   pandas-2.2.0         | 12.4 MB   | ########## | 100% [A[A

   
   
   
   
   
   
   tk-8.6.13            | 3.1 MB    |            |   0% [A[A[A[A[A[A[A

   
   
   
   
   
   
   
   openssl-3.5.3        | 3.0 MB    |            |   1% [A[A[A[A[A[A[A[A

   python-3.10.18       | 23.9 MB   | #########9 | 100% [Ascipy-1.8.0          | 25.7 MB   | ########7  |  87% 
   
   
   
   
   
   libstdcxx-15.1.0     | 3.7 MB    | ########## | 100% [A[A[A[A[A[A

   
   
   
   
   
   
   tk-8.6.13            | 3.1 MB    | ########## | 100% [A[A[A[A[A[A[A

   
   
   
   
   
   
   tk-8.6.13            | 3.1 MB    | ########## | 100% [A[A[A[A[A[A[A

   
   
   
   
   
   
   
   openssl-3.5.3        | 3.0 MB    | ########## | 100% [A[A[A[A[A[A[A[A

   
   
   
   
   
   
   
   openssl-3.5.3        | 3.0 MB    | ########## | 100% [A[A[A[A[A[A[A[A

   
   
   
   
   
   
   
   
   nibabel-5.2.0        | 2.6 MB    |            |   1% [A[A[A[A[A[A[A[A[A

   
   
   
   
   
   
   
   
   
   libgfortran5-15.1.0  | 1.5 MB    | 1          |   1% [A[A[A[A[A[A[A[A[A[A

   
   
   
   
   
   
   
   
   
   
   pip-25.2             | 1.1 MB    | 1          |   1% [A[A[A[A[A[A[A[A[A[A[A

   
   
   
   
   
   
   
   
   
   
   pip-25.2             | 1.1 MB    | ########## | 100% [A[A[A[A[A[A[A[A[A[A[A

   
   
   
   
   
   
   
   
   
   libgfortran5-15.1.0  | 1.5 MB    | ########## | 100% [A[A[A[A[A[A[A[A[A[A

   
   
   
   
   
   
   
   
   nibabel-5.2.0        | 2.6 MB    | ####9      |  50% [A[A[A[A[A[A[A[A[A

   
   
   
   
   
   
   
   
   
   
   
   libsqlite-3.50.4     | 911 KB    | 1          |   2% [A[A[A[A[A[A[A[A[A[A[A[A

   
   
   
   
   
   
   
   
   
   
   
   
   ncurses-6.5          | 871 KB    | 1          |   2% [A[A[A[A[A[A[A[A[A[A[A[A[A

   
   
   
   
   
   
   
   
   
   
   
   libsqlite-3.50.4     | 911 KB    | ########## | 100% [A[A[A[A[A[A[A[A[A[A[A[A

   
   
   
   
   
   
   
   
   
   
   
   
   ncurses-6.5          | 871 KB    | ########## | 100% [A[A[A[A[A[A[A[A[A[A[A[A[A

   
   
   
   
   
   
   
   
   nibabel-5.2.0        | 2.6 MB    | ########## | 100% [A[A[A[A[A[A[A[A[A

   
   
   
   
   
   
   
   
   
   
   
   
   
   libgcc-15.1.0        | 805 KB    | 1          |   2% [A[A[A[A[A[A[A[A[A[A[A[A[A[A

   
   
   
   
   
   
   
   
   
   
   
   
   
   
   setuptools-80.9.0    | 731 KB    | 2          |   2% [A[A[A[A[A[A[A[A[A[A[A[A[A[A[A

   
   
   
   
   
   
   
   
   
   
   
   
   
   
   
   ld_impl_linux-64-2.4 | 660 KB    | 2          |   2% [A[A[A[A[A[A[A[A[A[A[A[A[A[A[A[A

   
   
   
   
   
   
   
   
   
   
   
   
   
   
   setuptools-80.9.0    | 731 KB    | ########## | 100% [A[A[A[A[A[A[A[A[A[A[A[A[A[A[A

   
   
   
   
   
   
   
   
   
   
   
   
   
   libgcc-15.1.0        | 805 KB    | ########## | 100% [A[A[A[A[A[A[A[A[A[A[A[A[A[A

   
   
   
   
   
   
   
   
   
   
   
   
   
   
   
   ld_impl_linux-64-2.4 | 660 KB    | ########## | 100% [A[A[A[A[A[A[A[A[A[A[A[A[A[A[A[A

   
   
   
   
   
   
   
   
   
   
   
   
   
   
   
   
   libgomp-15.1.0       | 437 KB    | 3          |   4% [A[A[A[A[A[A[A[A[A[A[A[A[A[A[A[A[A

   
   
   
   
   
   
   
   
   
   
   
   
   
   
   
   
   
   readline-8.2         | 276 KB    | 5          |   6% [A[A[A[A[A[A[A[A[A[A[A[A[A[A[A[A[A[A

   
   
   
   
   
   
   
   
   
   
   
   
   
   
   
   
   libgomp-15.1.0       | 437 KB    | ########## | 100% [A[A[A[A[A[A[A[A[A[A[A[A[A[A[A[A[A

   
   
   
   
   
   
   
   
   
   
   
   
   
   
   
   
   
   readline-8.2         | 276 KB    | ########## | 100% [A[A[A[A[A[A[A[A[A[A[A[A[A[A[A[A[A[A

   
   
   
   
   
   
   
   
   
   
   
   
   
   
   
   
   
   
    ... (more hidden) ...[A[A[A[A[A[A[A[A[A[A[A[A[A[A[A[A[A[A[A

   
   
   
   
   
   
   
   
   
   
   
   
   
   
   
   
   
   
    ... (more hidden) ...[A[A[A[A[A[A[A[A[A[A[A[A[A[A[A[A[A[A[A

   python-3.10.18       | 23.9 MB   | ########## | 100% [Ascipy-1.8.0          | 25.7 MB   | ########## | 100% 
   
   
   
   
   libopenblas-0.3.25   | 5.3 MB    | ########## | 100% [A[A[A[A[A

   
   
   scikit-learn-1.4.0   | 8.6 MB    | ########## | 100% [A[A[A

   
   
   
   
   
   libstdcxx-15.1.0     | 3.7 MB    | ########## | 100% [A[A[A[A[A[A

   
   
   
   
   
   
   tk-8.6.13            | 3.1 MB    | ########## | 100% [A[A[A[A[A[A[A

   
   
   
   
   
   
   
   openssl-3.5.3        | 3.0 MB    | ########## | 100% [A[A[A[A[A[A[A[A

   
   
   
   
   
   
   
   
   
   
   pip-25.2             | 1.1 MB    | ########## | 100% [A[A[A[A[A[A[A[A[A[A[A

   
   
   
   
   
   
   
   
   
   
   pip-25.2             | 1.1 MB    | ########## | 100% [A[A[A[A[A[A[A[A[A[A[A

   
   
   
   
   
   
   
   
   
   libgfortran5-15.1.0  | 1.5 MB    | ########## | 100% [A[A[A[A[A[A[A[A[A[A

   
   
   
   
   
   
   
   
   
   libgfortran5-15.1.0  | 1.5 MB    | ########## | 100% [A[A[A[A[A[A[A[A[A[A

   
   
   
   
   
   
   
   
   
   
   
   libsqlite-3.50.4     | 911 KB    | ########## | 100% [A[A[A[A[A[A[A[A[A[A[A[A

   
   
   
   
   
   
   
   
   
   
   
   libsqlite-3.50.4     | 911 KB    | ########## | 100% [A[A[A[A[A[A[A[A[A[A[A[A

   
   pandas-2.2.0         | 12.4 MB   | ########## | 100% [A[A

   
   
   
   numpy-1.22.4         | 6.8 MB    | ########## | 100% [A[A[A[A

   
   
   
   
   
   
   
   
   nibabel-5.2.0        | 2.6 MB    | ########## | 100% [A[A[A[A[A[A[A[A[A

   
   
   
   
   
   
   
   
   nibabel-5.2.0        | 2.6 MB    | ########## | 100% [A[A[A[A[A[A[A[A[A

   
   
   
   
   
   
   
   
   
   
   
   
   
   libgcc-15.1.0        | 805 KB    | ########## | 100% [A[A[A[A[A[A[A[A[A[A[A[A[A[A

   
   
   
   
   
   
   
   
   
   
   
   
   
   libgcc-15.1.0        | 805 KB    | ########## | 100% [A[A[A[A[A[A[A[A[A[A[A[A[A[A

   
   
   
   
   
   
   
   
   
   
   
   
   
   
   
   ld_impl_linux-64-2.4 | 660 KB    | ########## | 100% [A[A[A[A[A[A[A[A[A[A[A[A[A[A[A[A

   
   
   
   
   
   
   
   
   
   
   
   
   
   
   
   ld_impl_linux-64-2.4 | 660 KB    | ########## | 100% [A[A[A[A[A[A[A[A[A[A[A[A[A[A[A[A

   
   
   
   
   
   
   
   
   
   
   
   
   
   
   setuptools-80.9.0    | 731 KB    | ########## | 100% [A[A[A[A[A[A[A[A[A[A[A[A[A[A[A

   
   
   
   
   
   
   
   
   
   
   
   
   
   
   setuptools-80.9.0    | 731 KB    | ########## | 100% [A[A[A[A[A[A[A[A[A[A[A[A[A[A[A

   
   
   
   
   
   
   
   
   
   
   
   
   
   
   
   
   libgomp-15.1.0       | 437 KB    | ########## | 100% [A[A[A[A[A[A[A[A[A[A[A[A[A[A[A[A[A

   
   
   
   
   
   
   
   
   
   
   
   
   
   
   
   
   libgomp-15.1.0       | 437 KB    | ########## | 100% [A[A[A[A[A[A[A[A[A[A[A[A[A[A[A[A[A

   
   
   
   
   
   
   
   
   
   
   
   
   
   
   
   
   
   readline-8.2         | 276 KB    | ########## | 100% [A[A[A[A[A[A[A[A[A[A[A[A[A[A[A[A[A[A

   
   
   
   
   
   
   
   
   
   
   
   
   
   
   
   
   
   readline-8.2         | 276 KB    | ########## | 100% [A[A[A[A[A[A[A[A[A[A[A[A[A[A[A[A[A[A

   
   
   
   
   
   
   
   
   
   
   
   
   
   
   
   
   
   
    ... (more hidden) ...[A[A[A[A[A[A[A[A[A[A[A[A[A[A[A[A[A[A[A

   
   
   
   
   
   
   
   
   
   
   
   
   
   
   
   
   
   
    ... (more hidden) ...[A[A[A[A[A[A[A[A[A[A[A[A[A[A[A[A[A[A[A

   
   
   
   
   
   
   
   
   
   
   
   
   ncurses-6.5          | 871 KB    | ########## | 100% [A[A[A[A[A[A[A[A[A[A[A[A[A

   
   
   
   
   
   
   
   
   
   
   
   
   ncurses-6.5          | 871 KB    | ########## | 100% [A[A[A[A[A[A[A[A[A[A[A[A[A

   python-3.10.18       | 23.9 MB   | ########## | 100% [Ascipy-1.8.0          | 25.7 MB   | ########## | 100% 
   
   
   
   
   
   
   
   
   
   
   
   
   
   
   
   
   
   
                         [A[A[A[A[A[A[A[A[A[A[A[A[A[A[A[A[A[A[A                                                     

                                                        [A
   
                                                        [A[A
   
   
                                                        [A[A[A
   
   
   
                                                        [A[A[A[A
   
   
   
   
                                                        [A[A[A[A[A
   
   
   
   
   
                                                        [A[A[A[A[A[A

   
   
   
   
   
   
                                                        [A[A[A[A[A[A[A
   
   
   
   
   
   
   
                                                        [A[A[A[A[A[A[A[A
   
   
   
   
   
   
   
   
                                                        [A[A[A[A[A[A[A[A[A
   
   
   
   
   
   
   
   
   
                                                        [A[A[A[A[A[A[A[A[A[A
   
   
   
   
   
   
   
   
   
   
                                                        [A[A[A[A[A[A[A[A[A[A[A
   
   
   
   
   
   
   
   
   
   
   
                                                        [A[A[A[A[A[A[A[A[A[A[A[A
   
   
   
   
   
   
   
   
   
   
   
   
                                                        [A[A[A[A[A[A[A[A[A[A[A[A[A
   
   
   
   
   
   
   
   
   
   
   
   
   
                                                        [A[A[A[A[A[A[A[A[A[A[A[A[A[A

   
   
   
   
   
   
   
   
   
   
   
   
   
   
                                                        [A[A[A[A[A[A[A[A[A[A[A[A[A[A[A
   
   
   
   
   
   
   
   
   
   
   
   
   
   
   
                                                        [A[A[A[A[A[A[A[A[A[A[A[A[A[A[A[A
   
   
   
   
   
   
   
   
   
   
   
   
   
   
   
   
                                                        [A[A[A[A[A[A[A[A[A[A[A[A[A[A[A[A[A
   
   
   
   
   
   
   
   
   
   
   
   
   
   
   
   
   
                                                        [A[A[A[A[A[A[A[A[A[A[A[A[A[A[A[A[A[A
   [A
   
   [A[A
   
   
   [A[A[A
   
   
   
   [A[A[A[A
   
   
   
   
   [A[A[A[A[A
   
   
   
   
   
   [A[A[A[A[A[A

   
   
   
   
   
   
   [A[A[A[A[A[A[A
   
   
   
   
   
   
   
   [A[A[A[A[A[A[A[A
   
   
   
   
   
   
   
   
   [A[A[A[A[A[A[A[A[A
   
   
   
   
   
   
   
   
   
   [A[A[A[A[A[A[A[A[A[A
   
   
   
   
   
   
   
   
   
   
   [A[A[A[A[A[A[A[A[A[A[A
   
   
   
   
   
   
   
   
   
   
   
   [A[A[A[A[A[A[A[A[A[A[A[A
   
   
   
   
   
   
   
   
   
   
   
   
   [A[A[A[A[A[A[A[A[A[A[A[A[A
   
   
   
   
   
   
   
   
   
   
   
   
   
   [A[A[A[A[A[A[A[A[A[A[A[A[A[A
   
   
   
   
   
   
   
   
   
   
   
   
   
   
   [A[A[A[A[A[A[A[A[A[A[A[A[A[A[A
   
   
   
   
   
   
   
   
   
   
   
   
   
   
   
   [A[A[A[A[A[A[A[A[A[A[A[A[A[A[A[A
   
   
   
   
   
   
   
   
   
   
   
   
   
   
   
   
   [A[A[A[A[A[A[A[A[A[A[A[A[A[A[A[A[A
   
   
   
   
   
   
   
   
   
   
   
   
   
   
   
   
   
   [A[A[A[A[A[A[A[A[A[A[A[A[A[A[A[A[A[A
   [A
   
   [A[A
   
   
   [A[A[A
   
   
   
   [A[A[A[A
   
   
   
   
   [A[A[A[A[A
   
   
   
   
   
   [A[A[A[A[A[A
   
   
   
   
   
   
   [A[A[A[A[A[A[A
   
   
   
   
   
   
   
   [A[A[A[A[A[A[A[A
   
   
   
   
   
   
   
   
   [A[A[A[A[A[A[A[A[A
   
   
   
   
   
   
   
   
   
   [A[A[A[A[A[A[A[A[A[A done
   Preparing transaction: / - \ done

   Verifying transaction: / - \ | / - \ | / - \ | / done
   Executing transaction: \ | / - \ | / - \ | / - \ | / - \ | / - \ | / - \ | / - \ | / - \ | / - \ | / - \ done
   #
   # To activate this environment, use
   #
   #     $ conda activate /home/runner/work/nilearn/nilearn/asv_benchmarks/env/98bc781cb9d42ce498ecc1fd616179dc
   #
   # To deactivate an active environment, use
   #
   #     $ conda deactivate
   

Â·Â· Running '/home/runner/work/nilearn/nilearn/asv_benchmarks/env/98bc781cb9d42ce498ecc1fd616179dc/bin/python -m pip install -v --upgrade build'
   OUTPUT -------->
   Using pip 25.2 from /home/runner/work/nilearn/nilearn/asv_benchmarks/env/98bc781cb9d42ce498ecc1fd616179dc/lib/python3.10/site-packages/pip (python 3.10)
   Collecting build
     Obtaining dependency information for build from https://files.pythonhosted.org/packages/cb/8c/2b30c12155ad8de0cf641d76a8b396a16d2c36bc6d50b621a62b7c4567c1/build-1.3.0-py3-none-any.whl.metadata
     Using cached build-1.3.0-py3-none-any.whl.metadata (5.6 kB)
   Requirement already satisfied: packaging>=19.1 in ./env/98bc781cb9d42ce498ecc1fd616179dc/lib/python3.10/site-packages (from build) (25.0)
   Collecting pyproject_hooks (from build)
     Obtaining dependency information for pyproject_hooks from https://files.pythonhosted.org/packages/bd/24/12818598c362d7f300f18e74db45963dbcb85150324092410c8b49405e42/pyproject_hooks-1.2.0-py3-none-any.whl.metadata
     Using cached pyproject_hooks-1.2.0-py3-none-any.whl.metadata (1.3 kB)
   Collecting tomli>=1.1.0 (from build)
     Obtaining dependency information for tomli>=1.1.0 from https://files.pythonhosted.org/packages/6e/c2/61d3e0f47e2b74ef40a68b9e6ad5984f6241a942f7cd3bbfbdbd03861ea9/tomli-2.2.1-py3-none-any.whl.metadata
     Using cached tomli-2.2.1-py3-none-any.whl.metadata (10 kB)
   Using cached build-1.3.0-py3-none-any.whl (23 kB)
   Using cached tomli-2.2.1-py3-none-any.whl (14 kB)
   Using cached pyproject_hooks-1.2.0-py3-none-any.whl (10 kB)
   Installing collected packages: tomli, pyproject_hooks, build
     changing mode of /home/runner/work/nilearn/nilearn/asv_benchmarks/env/98bc781cb9d42ce498ecc1fd616179dc/bin/pyproject-build to 755
   Successfully installed build-1.3.0 pyproject_hooks-1.2.0 tomli-2.2.1
Â·Â· Running '/home/runner/work/nilearn/nilearn/asv_benchmarks/env/98bc781cb9d42ce498ecc1fd616179dc/bin/python -m pip install -v --upgrade asv_runner'
   OUTPUT -------->
   Using pip 25.2 from /home/runner/work/nilearn/nilearn/asv_benchmarks/env/98bc781cb9d42ce498ecc1fd616179dc/lib/python3.10/site-packages/pip (python 3.10)
   Collecting asv_runner
     Obtaining dependency information for asv_runner from https://files.pythonhosted.org/packages/54/9a/6872af94fc8e8072723946651e65f66e16a0ca0efec7806bce8c2e2483d1/asv_runner-0.2.1-py3-none-any.whl.metadata
     Using cached asv_runner-0.2.1-py3-none-any.whl.metadata (2.8 kB)
   Collecting importlib-metadata (from asv_runner)
     Obtaining dependency information for importlib-metadata from https://files.pythonhosted.org/packages/20/b0/36bd937216ec521246249be3bf9855081de4c5e06a0c9b4219dbeda50373/importlib_metadata-8.7.0-py3-none-any.whl.metadata
     Using cached importlib_metadata-8.7.0-py3-none-any.whl.metadata (4.8 kB)
   Requirement already satisfied: zipp>=3.20 in ./env/98bc781cb9d42ce498ecc1fd616179dc/lib/python3.10/site-packages (from importlib-metadata->asv_runner) (3.23.0)
   Using cached asv_runner-0.2.1-py3-none-any.whl (47 kB)
   Using cached importlib_metadata-8.7.0-py3-none-any.whl (27 kB)
   Installing collected packages: importlib-metadata, asv_runner
   Successfully installed asv_runner-0.2.1 importlib-metadata-8.7.0
Â·Â· Running '/home/runner/work/nilearn/nilearn/asv_benchmarks/env/98bc781cb9d42ce498ecc1fd616179dc/bin/python -m pip install -v --upgrade pympler'
   OUTPUT -------->
   Using pip 25.2 from /home/runner/work/nilearn/nilearn/asv_benchmarks/env/98bc781cb9d42ce498ecc1fd616179dc/lib/python3.10/site-packages/pip (python 3.10)
   Collecting pympler
     Obtaining dependency information for pympler from https://files.pythonhosted.org/packages/79/4f/a6a2e2b202d7fd97eadfe90979845b8706676b41cbd3b42ba75adf329d1f/Pympler-1.1-py3-none-any.whl.metadata
     Using cached Pympler-1.1-py3-none-any.whl.metadata (3.6 kB)
   Using cached Pympler-1.1-py3-none-any.whl (165 kB)
   Installing collected packages: pympler
   Successfully installed pympler-1.1
Â· Discovering benchmarks
Â·Â· Running '/usr/bin/git rev-parse main^{commit}'
   OUTPUT -------->
   3c2e5ac20e8e5ff3218c527aa551c878efd8e003
Â·Â· Running '/usr/bin/git clone --shared --recursive /home/runner/work/nilearn/nilearn /home/runner/work/nilearn/nilearn/asv_benchmarks/env/98bc781cb9d42ce498ecc1fd616179dc/project'
   OUTPUT -------->
   Cloning into '/home/runner/work/nilearn/nilearn/asv_benchmarks/env/98bc781cb9d42ce498ecc1fd616179dc/project'...
   done.
Â·Â· Running '/usr/bin/git -c protocol.file.allow=always submodule deinit -f .'
Â·Â· Running '/usr/bin/git checkout -f 3c2e5ac20e8e5ff3218c527aa551c878efd8e003'
   OUTPUT -------->
   Note: switching to '3c2e5ac20e8e5ff3218c527aa551c878efd8e003'.
   
   You are in 'detached HEAD' state. You can look around, make experimental
   changes and commit them, and you can discard any commits you make in this
   state without impacting any branches by switching back to a branch.
   
   If you want to create a new branch to retain commits you create, you may
   do so (now or later) by using -c with the switch command. Example:
   
     git switch -c <new-branch-name>
   
   Or undo this operation with:
   
     git switch -
   
   Turn off this advice by setting config variable advice.detachedHead to false
   
   HEAD is now at 3c2e5ac20 [MAINT] add `datasets` and `reporting` to architecture (#5676)

Â·Â· Running '/usr/bin/git clean -fdx'
Â·Â· Running '/usr/bin/git -c protocol.file.allow=always submodule update --init --recursive'
Â·Â· Uninstalling from conda-py3.10-joblib1.2.0-nibabel5.2.0-numpy1.22.4-pandas2.2.0-scikit-learn1.4.0-scipy1.8.0
Â·Â· Running '/home/runner/work/nilearn/nilearn/asv_benchmarks/env/98bc781cb9d42ce498ecc1fd616179dc/bin/python -m pip uninstall -y nilearn'
   OUTPUT -------->
   WARNING: Skipping nilearn as it is not installed.
Â·Â· Running '/usr/bin/git name-rev --name-only --exclude=remotes/* --no-undefined 3c2e5ac20e8e5ff3218c527aa551c878efd8e003'
   OUTPUT -------->
   main
Â·Â· Building 3c2e5ac2 <main> for conda-py3.10-joblib1.2.0-nibabel5.2.0-numpy1.22.4-pandas2.2.0-scikit-learn1.4.0-scipy1.8.0
Â·Â· Running '/home/runner/work/nilearn/nilearn/asv_benchmarks/env/98bc781cb9d42ce498ecc1fd616179dc/bin/python -m build --wheel -o /home/runner/work/nilearn/nilearn/asv_benchmarks/env/98bc781cb9d42ce498ecc1fd616179dc/asv-build-cache/3c2e5ac20e8e5ff3218c527aa551c878efd8e003 /home/runner/work/nilearn/nilearn/asv_benchmarks/env/98bc781cb9d42ce498ecc1fd616179dc/project'
   OUTPUT -------->
   * Creating isolated environment: venv+pip...
   * Installing packages in isolated environment:
     - hatch-vcs
     - hatchling
     - setuptools-scm!=9.0.0
   * Getting build dependencies for wheel...
   * Building wheel...

   Successfully built nilearn-0.12.2.dev58+g3c2e5ac20-py3-none-any.whl
Â·Â· Running '/usr/bin/git name-rev --name-only --exclude=remotes/* --no-undefined 3c2e5ac20e8e5ff3218c527aa551c878efd8e003'
   OUTPUT -------->
   main
Â·Â· Installing 3c2e5ac2 <main> into conda-py3.10-joblib1.2.0-nibabel5.2.0-numpy1.22.4-pandas2.2.0-scikit-learn1.4.0-scipy1.8.0
Â·Â· Running '/home/runner/work/nilearn/nilearn/asv_benchmarks/env/98bc781cb9d42ce498ecc1fd616179dc/bin/python -m pip install /home/runner/work/nilearn/nilearn/asv_benchmarks/env/98bc781cb9d42ce498ecc1fd616179dc/asv-build-cache/3c2e5ac20e8e5ff3218c527aa551c878efd8e003/nilearn-0.12.2.dev58+g3c2e5ac20-py3-none-any.whl'
   OUTPUT -------->
   Processing /home/runner/work/nilearn/nilearn/asv_benchmarks/env/98bc781cb9d42ce498ecc1fd616179dc/asv-build-cache/3c2e5ac20e8e5ff3218c527aa551c878efd8e003/nilearn-0.12.2.dev58+g3c2e5ac20-py3-none-any.whl
   Requirement already satisfied: joblib>=1.2.0 in /home/runner/work/nilearn/nilearn/asv_benchmarks/env/98bc781cb9d42ce498ecc1fd616179dc/lib/python3.10/site-packages (from nilearn==0.12.2.dev58+g3c2e5ac20) (1.2.0)
   Collecting lxml (from nilearn==0.12.2.dev58+g3c2e5ac20)
     Downloading lxml-6.0.2-cp310-cp310-manylinux_2_26_x86_64.manylinux_2_28_x86_64.whl.metadata (3.6 kB)
   Requirement already satisfied: nibabel>=5.2.0 in /home/runner/work/nilearn/nilearn/asv_benchmarks/env/98bc781cb9d42ce498ecc1fd616179dc/lib/python3.10/site-packages (from nilearn==0.12.2.dev58+g3c2e5ac20) (5.2.0)
   Requirement already satisfied: numpy>=1.22.4 in /home/runner/work/nilearn/nilearn/asv_benchmarks/env/98bc781cb9d42ce498ecc1fd616179dc/lib/python3.10/site-packages (from nilearn==0.12.2.dev58+g3c2e5ac20) (1.22.4)
   Requirement already satisfied: packaging in /home/runner/work/nilearn/nilearn/asv_benchmarks/env/98bc781cb9d42ce498ecc1fd616179dc/lib/python3.10/site-packages (from nilearn==0.12.2.dev58+g3c2e5ac20) (25.0)
   Requirement already satisfied: pandas>=2.2.0 in /home/runner/work/nilearn/nilearn/asv_benchmarks/env/98bc781cb9d42ce498ecc1fd616179dc/lib/python3.10/site-packages (from nilearn==0.12.2.dev58+g3c2e5ac20) (2.2.0)
   Collecting requests>=2.25.0 (from nilearn==0.12.2.dev58+g3c2e5ac20)
     Downloading requests-2.32.5-py3-none-any.whl.metadata (4.9 kB)
   Requirement already satisfied: scikit-learn>=1.4.0 in /home/runner/work/nilearn/nilearn/asv_benchmarks/env/98bc781cb9d42ce498ecc1fd616179dc/lib/python3.10/site-packages (from nilearn==0.12.2.dev58+g3c2e5ac20) (1.4.0)
   Requirement already satisfied: scipy>=1.8.0 in /home/runner/work/nilearn/nilearn/asv_benchmarks/env/98bc781cb9d42ce498ecc1fd616179dc/lib/python3.10/site-packages (from nilearn==0.12.2.dev58+g3c2e5ac20) (1.8.0)
   Requirement already satisfied: python-dateutil>=2.8.2 in /home/runner/work/nilearn/nilearn/asv_benchmarks/env/98bc781cb9d42ce498ecc1fd616179dc/lib/python3.10/site-packages (from pandas>=2.2.0->nilearn==0.12.2.dev58+g3c2e5ac20) (2.9.0.post0)
   Requirement already satisfied: pytz>=2020.1 in /home/runner/work/nilearn/nilearn/asv_benchmarks/env/98bc781cb9d42ce498ecc1fd616179dc/lib/python3.10/site-packages (from pandas>=2.2.0->nilearn==0.12.2.dev58+g3c2e5ac20) (2025.2)
   Requirement already satisfied: tzdata>=2022.7 in /home/runner/work/nilearn/nilearn/asv_benchmarks/env/98bc781cb9d42ce498ecc1fd616179dc/lib/python3.10/site-packages (from pandas>=2.2.0->nilearn==0.12.2.dev58+g3c2e5ac20) (2025.2)
   Requirement already satisfied: six>=1.5 in /home/runner/work/nilearn/nilearn/asv_benchmarks/env/98bc781cb9d42ce498ecc1fd616179dc/lib/python3.10/site-packages (from python-dateutil>=2.8.2->pandas>=2.2.0->nilearn==0.12.2.dev58+g3c2e5ac20) (1.17.0)
   Collecting charset_normalizer<4,>=2 (from requests>=2.25.0->nilearn==0.12.2.dev58+g3c2e5ac20)
     Downloading charset_normalizer-3.4.3-cp310-cp310-manylinux2014_x86_64.manylinux_2_17_x86_64.manylinux_2_28_x86_64.whl.metadata (36 kB)
   Collecting idna<4,>=2.5 (from requests>=2.25.0->nilearn==0.12.2.dev58+g3c2e5ac20)
     Downloading idna-3.10-py3-none-any.whl.metadata (10 kB)
   Collecting urllib3<3,>=1.21.1 (from requests>=2.25.0->nilearn==0.12.2.dev58+g3c2e5ac20)
     Downloading urllib3-2.5.0-py3-none-any.whl.metadata (6.5 kB)
   Collecting certifi>=2017.4.17 (from requests>=2.25.0->nilearn==0.12.2.dev58+g3c2e5ac20)
     Downloading certifi-2025.8.3-py3-none-any.whl.metadata (2.4 kB)
   Requirement already satisfied: threadpoolctl>=2.0.0 in /home/runner/work/nilearn/nilearn/asv_benchmarks/env/98bc781cb9d42ce498ecc1fd616179dc/lib/python3.10/site-packages (from scikit-learn>=1.4.0->nilearn==0.12.2.dev58+g3c2e5ac20) (3.6.0)
   Downloading requests-2.32.5-py3-none-any.whl (64 kB)
   Downloading charset_normalizer-3.4.3-cp310-cp310-manylinux2014_x86_64.manylinux_2_17_x86_64.manylinux_2_28_x86_64.whl (152 kB)
   Downloading idna-3.10-py3-none-any.whl (70 kB)
   Downloading urllib3-2.5.0-py3-none-any.whl (129 kB)
   Downloading certifi-2025.8.3-py3-none-any.whl (161 kB)
   Downloading lxml-6.0.2-cp310-cp310-manylinux_2_26_x86_64.manylinux_2_28_x86_64.whl (5.3 MB)
      â”â”â”â”â”â”â”â”â”â”â”â”â”â”â”â”â”â”â”â”â”â”â”â”â”â”â”â”â”â”â”â”â”â”â”â”â”â”â”â” 5.3/5.3 MB 156.9 MB/s  0:00:00
   Installing collected packages: urllib3, lxml, idna, charset_normalizer, certifi, requests, nilearn
   Successfully installed certifi-2025.8.3 charset_normalizer-3.4.3 idna-3.10 lxml-6.0.2 nilearn-0.12.2.dev58+g3c2e5ac20 requests-2.32.5 urllib3-2.5.0
Â·Â· Running '/opt/hostedtoolcache/Python/3.9.23/x64/lib/python3.9/site-packages/asv/benchmark.py discover /home/runner/work/nilearn/nilearn/asv_benchmarks/benchmarks /tmp/tmpdw2xv9ib/result.json' in conda-py3.10-joblib1.2.0-nibabel5.2.0-numpy1.22.4-pandas2.2.0-scikit-learn1.4.0-scipy1.8.0
Â·Â· Running '/home/runner/work/nilearn/nilearn/asv_benchmarks/env/98bc781cb9d42ce498ecc1fd616179dc/bin/python /opt/hostedtoolcache/Python/3.9.23/x64/lib/python3.9/site-packages/asv/benchmark.py discover /home/runner/work/nilearn/nilearn/asv_benchmarks/benchmarks /tmp/tmpdw2xv9ib/result.json'
Â· Running 14 total benchmarks (1 commits * 1 environments * 14 benchmarks)
[ 0.00%] Â· Running '/usr/bin/git name-rev --name-only --exclude=remotes/* --no-undefined 3c2e5ac20e8e5ff3218c527aa551c878efd8e003'
           OUTPUT -------->
           main
[ 0.00%] Â· For nilearn commit 3c2e5ac2 <main>:
[ 0.00%] Â·Â· Running '/usr/bin/git rev-list -n 1 --format=%at 3c2e5ac20e8e5ff3218c527aa551c878efd8e003'
            OUTPUT -------->
            commit 3c2e5ac20e8e5ff3218c527aa551c878efd8e003
            1758615277
[ 0.00%] Â·Â· Benchmarking conda-py3.10-joblib1.2.0-nibabel5.2.0-numpy1.22.4-pandas2.2.0-scikit-learn1.4.0-scipy1.8.0
[ 0.00%] Â·Â·Â· Running '/opt/hostedtoolcache/Python/3.9.23/x64/lib/python3.9/site-packages/asv/benchmark.py run_server /home/runner/work/nilearn/nilearn/asv_benchmarks/benchmarks /tmp/asv-forkserver-buyj3zre/socket' in conda-py3.10-joblib1.2.0-nibabel5.2.0-numpy1.22.4-pandas2.2.0-scikit-learn1.4.0-scipy1.8.0
[ 0.00%] Â·Â·Â· Running '/home/runner/work/nilearn/nilearn/asv_benchmarks/env/98bc781cb9d42ce498ecc1fd616179dc/bin/python /opt/hostedtoolcache/Python/3.9.23/x64/lib/python3.9/site-packages/asv/benchmark.py run_server /home/runner/work/nilearn/nilearn/asv_benchmarks/benchmarks /tmp/asv-forkserver-buyj3zre/socket'
[ 7.14%] Â·Â·Â· Setting up common:14
[ 7.14%] Â·Â·Â· Running '/opt/hostedtoolcache/Python/3.9.23/x64/lib/python3.9/site-packages/asv/benchmark.py setup_cache /home/runner/work/nilearn/nilearn/asv_benchmarks/benchmarks comparisons.image.CompareLoad.time_compare_load {"cpu_affinity": null}' in conda-py3.10-joblib1.2.0-nibabel5.2.0-numpy1.22.4-pandas2.2.0-scikit-learn1.4.0-scipy1.8.0
[ 7.14%] Â·Â·Â· Running '/home/runner/work/nilearn/nilearn/asv_benchmarks/env/98bc781cb9d42ce498ecc1fd616179dc/bin/python /opt/hostedtoolcache/Python/3.9.23/x64/lib/python3.9/site-packages/asv/benchmark.py setup_cache /home/runner/work/nilearn/nilearn/asv_benchmarks/benchmarks comparisons.image.CompareLoad.time_compare_load {"cpu_affinity": null}'
             OUTPUT -------->
             [fetch_abide_pcp] Added README.md to /home/runner/nilearn_data
             [fetch_abide_pcp] Dataset created in /home/runner/nilearn_data/ABIDE_pcp
             [fetch_abide_pcp] Downloading data from https://s3.amazonaws.com/fcp-indi/data/Projects/ABIDE_Initiative/Phenotypic_V1_0b_preprocessed1.csv ...
             [fetch_abide_pcp]  ...done. (0 seconds, 0 min)
             
             [fetch_abide_pcp] Downloading data from https://s3.amazonaws.com/fcp-indi/data/Projects/ABIDE_Initiative/Outputs/cpac/nofilt_noglobal/func_preproc/Pitt_0050003_func_preproc.nii.gz ...
             [fetch_abide_pcp] Downloaded 54247424 of 104419884 bytes (52.0%%,    0.9s remaining)
             [fetch_abide_pcp] Downloaded 100646912 of 104419884 bytes (96.4%%,    0.1s remaining)
             [fetch_abide_pcp]  ...done. (2 seconds, 0 min)
             
             [fetch_abide_pcp] Downloading data from https://s3.amazonaws.com/fcp-indi/data/Projects/ABIDE_Initiative/Outputs/cpac/nofilt_noglobal/func_preproc/Pitt_0050004_func_preproc.nii.gz ...
             [fetch_abide_pcp] Downloaded 65748992 of 107986683 bytes (60.9%%,    0.6s remaining)
             [fetch_abide_pcp]  ...done. (2 seconds, 0 min)
             
             [fetch_abide_pcp] Downloading data from https://s3.amazonaws.com/fcp-indi/data/Projects/ABIDE_Initiative/Outputs/cpac/nofilt_noglobal/func_preproc/Pitt_0050005_func_preproc.nii.gz ...
             [fetch_abide_pcp] Downloaded 67100672 of 110518334 bytes (60.7%%,    0.7s remaining)
             [fetch_abide_pcp]  ...done. (2 seconds, 0 min)
             
             [fetch_abide_pcp] Downloading data from https://s3.amazonaws.com/fcp-indi/data/Projects/ABIDE_Initiative/Outputs/cpac/nofilt_noglobal/func_preproc/Pitt_0050006_func_preproc.nii.gz ...
             [fetch_abide_pcp] Downloaded 45907968 of 115167850 bytes (39.9%%,    1.5s remaining)
             [fetch_abide_pcp] Downloaded 100646912 of 115167850 bytes (87.4%%,    0.3s remaining)
             [fetch_abide_pcp]  ...done. (3 seconds, 0 min)
             
             [fetch_abide_pcp] Downloading data from https://s3.amazonaws.com/fcp-indi/data/Projects/ABIDE_Initiative/Outputs/cpac/nofilt_noglobal/func_preproc/Pitt_0050007_func_preproc.nii.gz ...
             [fetch_abide_pcp] Downloaded 50323456 of 102974496 bytes (48.9%%,    1.1s remaining)
             [fetch_abide_pcp]  ...done. (2 seconds, 0 min)
             
             [fetch_abide_pcp] Downloading data from https://s3.amazonaws.com/fcp-indi/data/Projects/ABIDE_Initiative/Outputs/cpac/nofilt_noglobal/func_preproc/Pitt_0050008_func_preproc.nii.gz ...
             [fetch_abide_pcp] Downloaded 41934848 of 105723516 bytes (39.7%%,    1.6s remaining)
             [fetch_abide_pcp] Downloaded 92266496 of 105723516 bytes (87.3%%,    0.3s remaining)
             [fetch_abide_pcp]  ...done. (3 seconds, 0 min)
             
             [fetch_abide_pcp] Downloading data from https://s3.amazonaws.com/fcp-indi/data/Projects/ABIDE_Initiative/Outputs/cpac/nofilt_noglobal/func_preproc/Pitt_0050010_func_preproc.nii.gz ...
             [fetch_abide_pcp] Downloaded 58712064 of 108702932 bytes (54.0%%,    0.9s remaining)
             [fetch_abide_pcp] Downloaded 103301120 of 108702932 bytes (95.0%%,    0.1s remaining)
             [fetch_abide_pcp]  ...done. (2 seconds, 0 min)
             
             [fetch_abide_pcp] Downloading data from https://s3.amazonaws.com/fcp-indi/data/Projects/ABIDE_Initiative/Outputs/cpac/nofilt_noglobal/func_preproc/Pitt_0050011_func_preproc.nii.gz ...
             [fetch_abide_pcp] Downloaded 50323456 of 100532666 bytes (50.1%%,    1.1s remaining)
             [fetch_abide_pcp]  ...done. (2 seconds, 0 min)
             
             [fetch_abide_pcp] Downloading data from https://s3.amazonaws.com/fcp-indi/data/Projects/ABIDE_Initiative/Outputs/cpac/nofilt_noglobal/func_preproc/Pitt_0050012_func_preproc.nii.gz ...
             [fetch_abide_pcp] Downloaded 50323456 of 110228275 bytes (45.7%%,    1.2s remaining)
             [fetch_abide_pcp] Downloaded 109043712 of 110228275 bytes (98.9%%,    0.0s remaining)
             [fetch_abide_pcp]  ...done. (2 seconds, 0 min)
             
             [fetch_abide_pcp] Downloading data from https://s3.amazonaws.com/fcp-indi/data/Projects/ABIDE_Initiative/Outputs/cpac/nofilt_noglobal/func_preproc/Pitt_0050013_func_preproc.nii.gz ...
             [fetch_abide_pcp] Downloaded 50323456 of 112533425 bytes (44.7%%,    1.3s remaining)
             [fetch_abide_pcp] Downloaded 95125504 of 112533425 bytes (84.5%%,    0.4s remaining)
             [fetch_abide_pcp]  ...done. (3 seconds, 0 min)
             
             Traceback (most recent call last):
               File "/home/runner/work/nilearn/nilearn/asv_benchmarks/env/98bc781cb9d42ce498ecc1fd616179dc/lib/python3.10/site-packages/sklearn/utils/_bunch.py", line 54, in __getattr__

                 return self[key]
               File "/home/runner/work/nilearn/nilearn/asv_benchmarks/env/98bc781cb9d42ce498ecc1fd616179dc/lib/python3.10/site-packages/sklearn/utils/_bunch.py", line 39, in __getitem__
                 return super().__getitem__(key)
             KeyError: 'func'
             
             During handling of the above exception, another exception occurred:
             
             Traceback (most recent call last):
               File "/opt/hostedtoolcache/Python/3.9.23/x64/lib/python3.9/site-packages/asv/benchmark.py", line 99, in <module>
                 main()
               File "/opt/hostedtoolcache/Python/3.9.23/x64/lib/python3.9/site-packages/asv/benchmark.py", line 91, in main
                 commands[mode](args)
               File "/home/runner/work/nilearn/nilearn/asv_benchmarks/env/98bc781cb9d42ce498ecc1fd616179dc/lib/python3.10/site-packages/asv_runner/setup_cache.py", line 41, in _setup_cache
                 cache = benchmark.do_setup_cache()
               File "/home/runner/work/nilearn/nilearn/asv_benchmarks/env/98bc781cb9d42ce498ecc1fd616179dc/lib/python3.10/site-packages/asv_runner/benchmarks/_base.py", line 655, in do_setup_cache
                 return self._setup_cache()
               File "/home/runner/work/nilearn/nilearn/asv_benchmarks/benchmarks/common.py", line 33, in setup_cache
                 concat = concat_imgs(fmri_data.func)
               File "/home/runner/work/nilearn/nilearn/asv_benchmarks/env/98bc781cb9d42ce498ecc1fd616179dc/lib/python3.10/site-packages/sklearn/utils/_bunch.py", line 56, in __getattr__
                 raise AttributeError(key)

             AttributeError: func                                        failed
[ 7.14%] Â·Â·Â·Â· [fetch_abide_pcp] Added README.md to /home/runner/nilearn_data
              [fetch_abide_pcp] Dataset created in /home/runner/nilearn_data/ABIDE_pcp
              [fetch_abide_pcp] Downloading data from https://s3.amazonaws.com/fcp-indi/data/Projects/ABIDE_Initiative/Phenotypic_V1_0b_preprocessed1.csv ...
              [fetch_abide_pcp]  ...done. (0 seconds, 0 min)
              
              [fetch_abide_pcp] Downloading data from https://s3.amazonaws.com/fcp-indi/data/Projects/ABIDE_Initiative/Outputs/cpac/nofilt_noglobal/func_preproc/Pitt_0050003_func_preproc.nii.gz ...
              [fetch_abide_pcp] Downloaded 54247424 of 104419884 bytes (52.0%%,    0.9s remaining)
              [fetch_abide_pcp] Downloaded 100646912 of 104419884 bytes (96.4%%,    0.1s remaining)
              [fetch_abide_pcp]  ...done. (2 seconds, 0 min)
              
              [fetch_abide_pcp] Downloading data from https://s3.amazonaws.com/fcp-indi/data/Projects/ABIDE_Initiative/Outputs/cpac/nofilt_noglobal/func_preproc/Pitt_0050004_func_preproc.nii.gz ...
              [fetch_abide_pcp] Downloaded 65748992 of 107986683 bytes (60.9%%,    0.6s remaining)
              [fetch_abide_pcp]  ...done. (2 seconds, 0 min)
              
              [fetch_abide_pcp] Downloading data from https://s3.amazonaws.com/fcp-indi/data/Projects/ABIDE_Initiative/Outputs/cpac/nofilt_noglobal/func_preproc/Pitt_0050005_func_preproc.nii.gz ...
              [fetch_abide_pcp] Downloaded 67100672 of 110518334 bytes (60.7%%,    0.7s remaining)
              [fetch_abide_pcp]  ...done. (2 seconds, 0 min)
              
              [fetch_abide_pcp] Downloading data from https://s3.amazonaws.com/fcp-indi/data/Projects/ABIDE_Initiative/Outputs/cpac/nofilt_noglobal/func_preproc/Pitt_0050006_func_preproc.nii.gz ...
              [fetch_abide_pcp] Downloaded 45907968 of 115167850 bytes (39.9%%,    1.5s remaining)
              [fetch_abide_pcp] Downloaded 100646912 of 115167850 bytes (87.4%%,    0.3s remaining)
              [fetch_abide_pcp]  ...done. (3 seconds, 0 min)
              
              [fetch_abide_pcp] Downloading data from https://s3.amazonaws.com/fcp-indi/data/Projects/ABIDE_Initiative/Outputs/cpac/nofilt_noglobal/func_preproc/Pitt_0050007_func_preproc.nii.gz ...
              [fetch_abide_pcp] Downloaded 50323456 of 102974496 bytes (48.9%%,    1.1s remaining)
              [fetch_abide_pcp]  ...done. (2 seconds, 0 min)
              
              [fetch_abide_pcp] Downloading data from https://s3.amazonaws.com/fcp-indi/data/Projects/ABIDE_Initiative/Outputs/cpac/nofilt_noglobal/func_preproc/Pitt_0050008_func_preproc.nii.gz ...
              [fetch_abide_pcp] Downloaded 41934848 of 105723516 bytes (39.7%%,    1.6s remaining)
              [fetch_abide_pcp] Downloaded 92266496 of 105723516 bytes (87.3%%,    0.3s remaining)
              [fetch_abide_pcp]  ...done. (3 seconds, 0 min)
              
              [fetch_abide_pcp] Downloading data from https://s3.amazonaws.com/fcp-indi/data/Projects/ABIDE_Initiative/Outputs/cpac/nofilt_noglobal/func_preproc/Pitt_0050010_func_preproc.nii.gz ...
              [fetch_abide_pcp] Downloaded 58712064 of 108702932 bytes (54.0%%,    0.9s remaining)
              [fetch_abide_pcp] Downloaded 103301120 of 108702932 bytes (95.0%%,    0.1s remaining)
              [fetch_abide_pcp]  ...done. (2 seconds, 0 min)
              
              [fetch_abide_pcp] Downloading data from https://s3.amazonaws.com/fcp-indi/data/Projects/ABIDE_Initiative/Outputs/cpac/nofilt_noglobal/func_preproc/Pitt_0050011_func_preproc.nii.gz ...
              [fetch_abide_pcp] Downloaded 50323456 of 100532666 bytes (50.1%%,    1.1s remaining)
              [fetch_abide_pcp]  ...done. (2 seconds, 0 min)
              
              [fetch_abide_pcp] Downloading data from https://s3.amazonaws.com/fcp-indi/data/Projects/ABIDE_Initiative/Outputs/cpac/nofilt_noglobal/func_preproc/Pitt_0050012_func_preproc.nii.gz ...
              [fetch_abide_pcp] Downloaded 50323456 of 110228275 bytes (45.7%%,    1.2s remaining)
              [fetch_abide_pcp] Downloaded 109043712 of 110228275 bytes (98.9%%,    0.0s remaining)
              [fetch_abide_pcp]  ...done. (2 seconds, 0 min)
              
              [fetch_abide_pcp] Downloading data from https://s3.amazonaws.com/fcp-indi/data/Projects/ABIDE_Initiative/Outputs/cpac/nofilt_noglobal/func_preproc/Pitt_0050013_func_preproc.nii.gz ...
              [fetch_abide_pcp] Downloaded 50323456 of 112533425 bytes (44.7%%,    1.3s remaining)
              [fetch_abide_pcp] Downloaded 95125504 of 112533425 bytes (84.5%%,    0.4s remaining)
              [fetch_abide_pcp]  ...done. (3 seconds, 0 min)
              
              Traceback (most recent call last):
                File "/home/runner/work/nilearn/nilearn/asv_benchmarks/env/98bc781cb9d42ce498ecc1fd616179dc/lib/python3.10/site-packages/sklearn/utils/_bunch.py", line 54, in __getattr__
                  return self[key]
                File "/home/runner/work/nilearn/nilearn/asv_benchmarks/env/98bc781cb9d42ce498ecc1fd616179dc/lib/python3.10/site-packages/sklearn/utils/_bunch.py", line 39, in __getitem__
                  return super().__getitem__(key)
              KeyError: 'func'
              
              During handling of the above exception, another exception occurred:
              
              Traceback (most recent call last):
                File "/opt/hostedtoolcache/Python/3.9.23/x64/lib/python3.9/site-packages/asv/benchmark.py", line 99, in <module>
                  main()
                File "/opt/hostedtoolcache/Python/3.9.23/x64/lib/python3.9/site-packages/asv/benchmark.py", line 91, in main
                  commands[mode](args)
                File "/home/runner/work/nilearn/nilearn/asv_benchmarks/env/98bc781cb9d42ce498ecc1fd616179dc/lib/python3.10/site-packages/asv_runner/setup_cache.py", line 41, in _setup_cache
                  cache = benchmark.do_setup_cache()
                File "/home/runner/work/nilearn/nilearn/asv_benchmarks/env/98bc781cb9d42ce498ecc1fd616179dc/lib/python3.10/site-packages/asv_runner/benchmarks/_base.py", line 655, in do_setup_cache
                  return self._setup_cache()
                File "/home/runner/work/nilearn/nilearn/asv_benchmarks/benchmarks/common.py", line 33, in setup_cache
                  concat = concat_imgs(fmri_data.func)
                File "/home/runner/work/nilearn/nilearn/asv_benchmarks/env/98bc781cb9d42ce498ecc1fd616179dc/lib/python3.10/site-packages/sklearn/utils/_bunch.py", line 56, in __getattr__
                  raise AttributeError(key)
              AttributeError: func
              
              asv: setup_cache failed (exit status 1)

[ 7.14%] Â·Â·Â· comparisons.image.CompareLoad.time_compare_load skipped (setup_cache failed)
[14.29%] Â·Â·Â· comparisons.image.CompareMean.time_compare_mean skipped (setup_cache failed)
[21.43%] Â·Â·Â· comparisons.image.CompareSlice.time_compare_slice skipped (setup_cache failed)
[28.57%] Â·Â·Â· comparisons.maskers.CompareMask.time_compare_mask skipped (setup_cache failed)
[35.71%] Â·Â·Â· tracking.image.LoadImgBenchmark.time_load_img skipped (setup_cache failed)
[42.86%] Â·Â·Â· tracking.image.MeanImgBenchmark.time_mean_img skipped (setup_cache failed)
[50.00%] Â·Â·Â· tracking.maskers.NiftiMaskerBenchmark.time_nifti_masker skipped (setup_cache failed)
[53.57%] Â·Â·Â· comparisons.image.CompareLoad.peakmem_compare_load skipped (setup_cache failed)
[57.14%] Â·Â·Â· comparisons.image.CompareLoad.time_compare_load             failed
[57.14%] Â·Â·Â· =============== ========
                  loader             
             --------------- --------
                 nilearn      failed 
              nibabel (ref)   failed 
             =============== ========
             asv: setup_cache failed
             
             [fetch_abide_pcp] Added README.md to /home/runner/nilearn_data
             [fetch_abide_pcp] Dataset created in /home/runner/nilearn_data/ABIDE_pcp
             [fetch_abide_pcp] Downloading data from https://s3.amazonaws.com/fcp-indi/data/Projects/ABIDE_Initiative/Phenotypic_V1_0b_preprocessed1.csv ...
             [fetch_abide_pcp]  ...done. (0 seconds, 0 min)
             
             [fetch_abide_pcp] Downloading data from https://s3.amazonaws.com/fcp-indi/data/Projects/ABIDE_Initiative/Outputs/cpac/nofilt_noglobal/func_preproc/Pitt_0050003_func_preproc.nii.gz ...
             [fetch_abide_pcp] Downloaded 54247424 of 104419884 bytes (52.0%%,    0.9s remaining)
             [fetch_abide_pcp] Downloaded 100646912 of 104419884 bytes (96.4%%,    0.1s remaining)
             [fetch_abide_pcp]  ...done. (2 seconds, 0 min)
             
             [fetch_abide_pcp] Downloading data from https://s3.amazonaws.com/fcp-indi/data/Projects/ABIDE_Initiative/Outputs/cpac/nofilt_noglobal/func_preproc/Pitt_0050004_func_preproc.nii.gz ...
             [fetch_abide_pcp] Downloaded 65748992 of 107986683 bytes (60.9%%,    0.6s remaining)
             [fetch_abide_pcp]  ...done. (2 seconds, 0 min)
             
             [fetch_abide_pcp] Downloading data from https://s3.amazonaws.com/fcp-indi/data/Projects/ABIDE_Initiative/Outputs/cpac/nofilt_noglobal/func_preproc/Pitt_0050005_func_preproc.nii.gz ...
             [fetch_abide_pcp] Downloaded 67100672 of 110518334 bytes (60.7%%,    0.7s remaining)
             [fetch_abide_pcp]  ...done. (2 seconds, 0 min)
             
             [fetch_abide_pcp] Downloading data from https://s3.amazonaws.com/fcp-indi/data/Projects/ABIDE_Initiative/Outputs/cpac/nofilt_noglobal/func_preproc/Pitt_0050006_func_preproc.nii.gz ...
             [fetch_abide_pcp] Downloaded 45907968 of 115167850 bytes (39.9%%,    1.5s remaining)
             [fetch_abide_pcp] Downloaded 100646912 of 115167850 bytes (87.4%%,    0.3s remaining)
             [fetch_abide_pcp]  ...done. (3 seconds, 0 min)
             
             [fetch_abide_pcp] Downloading data from https://s3.amazonaws.com/fcp-indi/data/Projects/ABIDE_Initiative/Outputs/cpac/nofilt_noglobal/func_preproc/Pitt_0050007_func_preproc.nii.gz ...
             [fetch_abide_pcp] Downloaded 50323456 of 102974496 bytes (48.9%%,    1.1s remaining)
             [fetch_abide_pcp]  ...done. (2 seconds, 0 min)
             
             [fetch_abide_pcp] Downloading data from https://s3.amazonaws.com/fcp-indi/data/Projects/ABIDE_Initiative/Outputs/cpac/nofilt_noglobal/func_preproc/Pitt_0050008_func_preproc.nii.gz ...
             [fetch_abide_pcp] Downloaded 41934848 of 105723516 bytes (39.7%%,    1.6s remaining)
             [fetch_abide_pcp] Downloaded 92266496 of 105723516 bytes (87.3%%,    0.3s remaining)
             [fetch_abide_pcp]  ...done. (3 seconds, 0 min)
             
             [fetch_abide_pcp] Downloading data from https://s3.amazonaws.com/fcp-indi/data/Projects/ABIDE_Initiative/Outputs/cpac/nofilt_noglobal/func_preproc/Pitt_0050010_func_preproc.nii.gz ...
             [fetch_abide_pcp] Downloaded 58712064 of 108702932 bytes (54.0%%,    0.9s remaining)
             [fetch_abide_pcp] Downloaded 103301120 of 108702932 bytes (95.0%%,    0.1s remaining)
             [fetch_abide_pcp]  ...done. (2 seconds, 0 min)
             
             [fetch_abide_pcp] Downloading data from https://s3.amazonaws.com/fcp-indi/data/Projects/ABIDE_Initiative/Outputs/cpac/nofilt_noglobal/func_preproc/Pitt_0050011_func_preproc.nii.gz ...
             [fetch_abide_pcp] Downloaded 50323456 of 100532666 bytes (50.1%%,    1.1s remaining)
             [fetch_abide_pcp]  ...done. (2 seconds, 0 min)
             
             [fetch_abide_pcp] Downloading data from https://s3.amazonaws.com/fcp-indi/data/Projects/ABIDE_Initiative/Outputs/cpac/nofilt_noglobal/func_preproc/Pitt_0050012_func_preproc.nii.gz ...
             [fetch_abide_pcp] Downloaded 50323456 of 110228275 bytes (45.7%%,    1.2s remaining)
             [fetch_abide_pcp] Downloaded 109043712 of 110228275 bytes (98.9%%,    0.0s remaining)
             [fetch_abide_pcp]  ...done. (2 seconds, 0 min)
             
             [fetch_abide_pcp] Downloading data from https://s3.amazonaws.com/fcp-indi/data/Projects/ABIDE_Initiative/Outputs/cpac/nofilt_noglobal/func_preproc/Pitt_0050013_func_preproc.nii.gz ...
             [fetch_abide_pcp] Downloaded 50323456 of 112533425 bytes (44.7%%,    1.3s remaining)
             [fetch_abide_pcp] Downloaded 95125504 of 112533425 bytes (84.5%%,    0.4s remaining)
             [fetch_abide_pcp]  ...done. (3 seconds, 0 min)
             
             Traceback (most recent call last):
               File "/home/runner/work/nilearn/nilearn/asv_benchmarks/env/98bc781cb9d42ce498ecc1fd616179dc/lib/python3.10/site-packages/sklearn/utils/_bunch.py", line 54, in __getattr__
                 return self[key]
               File "/home/runner/work/nilearn/nilearn/asv_benchmarks/env/98bc781cb9d42ce498ecc1fd616179dc/lib/python3.10/site-packages/sklearn/utils/_bunch.py", line 39, in __getitem__
                 return super().__getitem__(key)
             KeyError: 'func'
             
             During handling of the above exception, another exception occurred:
             
             Traceback (most recent call last):
               File "/opt/hostedtoolcache/Python/3.9.23/x64/lib/python3.9/site-packages/asv/benchmark.py", line 99, in <module>
                 main()
               File "/opt/hostedtoolcache/Python/3.9.23/x64/lib/python3.9/site-packages/asv/benchmark.py", line 91, in main
                 commands[mode](args)
               File "/home/runner/work/nilearn/nilearn/asv_benchmarks/env/98bc781cb9d42ce498ecc1fd616179dc/lib/python3.10/site-packages/asv_runner/setup_cache.py", line 41, in _setup_cache
                 cache = benchmark.do_setup_cache()
               File "/home/runner/work/nilearn/nilearn/asv_benchmarks/env/98bc781cb9d42ce498ecc1fd616179dc/lib/python3.10/site-packages/asv_runner/benchmarks/_base.py", line 655, in do_setup_cache
                 return self._setup_cache()
               File "/home/runner/work/nilearn/nilearn/asv_benchmarks/benchmarks/common.py", line 33, in setup_cache
                 concat = concat_imgs(fmri_data.func)
               File "/home/runner/work/nilearn/nilearn/asv_benchmarks/env/98bc781cb9d42ce498ecc1fd616179dc/lib/python3.10/site-packages/sklearn/utils/_bunch.py", line 56, in __getattr__
                 raise AttributeError(key)
             AttributeError: func
             
             asv: setup_cache failed (exit status 1)

[57.14%] Â·Â·Â·Â· asv: setup_cache failed
              
              [fetch_abide_pcp] Added README.md to /home/runner/nilearn_data
              [fetch_abide_pcp] Dataset created in /home/runner/nilearn_data/ABIDE_pcp
              [fetch_abide_pcp] Downloading data from https://s3.amazonaws.com/fcp-indi/data/Projects/ABIDE_Initiative/Phenotypic_V1_0b_preprocessed1.csv ...
              [fetch_abide_pcp]  ...done. (0 seconds, 0 min)
              
              [fetch_abide_pcp] Downloading data from https://s3.amazonaws.com/fcp-indi/data/Projects/ABIDE_Initiative/Outputs/cpac/nofilt_noglobal/func_preproc/Pitt_0050003_func_preproc.nii.gz ...
              [fetch_abide_pcp] Downloaded 54247424 of 104419884 bytes (52.0%%,    0.9s remaining)
              [fetch_abide_pcp] Downloaded 100646912 of 104419884 bytes (96.4%%,    0.1s remaining)
              [fetch_abide_pcp]  ...done. (2 seconds, 0 min)
              
              [fetch_abide_pcp] Downloading data from https://s3.amazonaws.com/fcp-indi/data/Projects/ABIDE_Initiative/Outputs/cpac/nofilt_noglobal/func_preproc/Pitt_0050004_func_preproc.nii.gz ...
              [fetch_abide_pcp] Downloaded 65748992 of 107986683 bytes (60.9%%,    0.6s remaining)
              [fetch_abide_pcp]  ...done. (2 seconds, 0 min)
              
              [fetch_abide_pcp] Downloading data from https://s3.amazonaws.com/fcp-indi/data/Projects/ABIDE_Initiative/Outputs/cpac/nofilt_noglobal/func_preproc/Pitt_0050005_func_preproc.nii.gz ...
              [fetch_abide_pcp] Downloaded 67100672 of 110518334 bytes (60.7%%,    0.7s remaining)
              [fetch_abide_pcp]  ...done. (2 seconds, 0 min)
              
              [fetch_abide_pcp] Downloading data from https://s3.amazonaws.com/fcp-indi/data/Projects/ABIDE_Initiative/Outputs/cpac/nofilt_noglobal/func_preproc/Pitt_0050006_func_preproc.nii.gz ...
              [fetch_abide_pcp] Downloaded 45907968 of 115167850 bytes (39.9%%,    1.5s remaining)
              [fetch_abide_pcp] Downloaded 100646912 of 115167850 bytes (87.4%%,    0.3s remaining)
              [fetch_abide_pcp]  ...done. (3 seconds, 0 min)
              
              [fetch_abide_pcp] Downloading data from https://s3.amazonaws.com/fcp-indi/data/Projects/ABIDE_Initiative/Outputs/cpac/nofilt_noglobal/func_preproc/Pitt_0050007_func_preproc.nii.gz ...
              [fetch_abide_pcp] Downloaded 50323456 of 102974496 bytes (48.9%%,    1.1s remaining)
              [fetch_abide_pcp]  ...done. (2 seconds, 0 min)
              
              [fetch_abide_pcp] Downloading data from https://s3.amazonaws.com/fcp-indi/data/Projects/ABIDE_Initiative/Outputs/cpac/nofilt_noglobal/func_preproc/Pitt_0050008_func_preproc.nii.gz ...
              [fetch_abide_pcp] Downloaded 41934848 of 105723516 bytes (39.7%%,    1.6s remaining)
              [fetch_abide_pcp] Downloaded 92266496 of 105723516 bytes (87.3%%,    0.3s remaining)
              [fetch_abide_pcp]  ...done. (3 seconds, 0 min)
              
              [fetch_abide_pcp] Downloading data from https://s3.amazonaws.com/fcp-indi/data/Projects/ABIDE_Initiative/Outputs/cpac/nofilt_noglobal/func_preproc/Pitt_0050010_func_preproc.nii.gz ...
              [fetch_abide_pcp] Downloaded 58712064 of 108702932 bytes (54.0%%,    0.9s remaining)
              [fetch_abide_pcp] Downloaded 103301120 of 108702932 bytes (95.0%%,    0.1s remaining)
              [fetch_abide_pcp]  ...done. (2 seconds, 0 min)
              
              [fetch_abide_pcp] Downloading data from https://s3.amazonaws.com/fcp-indi/data/Projects/ABIDE_Initiative/Outputs/cpac/nofilt_noglobal/func_preproc/Pitt_0050011_func_preproc.nii.gz ...
              [fetch_abide_pcp] Downloaded 50323456 of 100532666 bytes (50.1%%,    1.1s remaining)
              [fetch_abide_pcp]  ...done. (2 seconds, 0 min)
              
              [fetch_abide_pcp] Downloading data from https://s3.amazonaws.com/fcp-indi/data/Projects/ABIDE_Initiative/Outputs/cpac/nofilt_noglobal/func_preproc/Pitt_0050012_func_preproc.nii.gz ...
              [fetch_abide_pcp] Downloaded 50323456 of 110228275 bytes (45.7%%,    1.2s remaining)
              [fetch_abide_pcp] Downloaded 109043712 of 110228275 bytes (98.9%%,    0.0s remaining)
              [fetch_abide_pcp]  ...done. (2 seconds, 0 min)
              
              [fetch_abide_pcp] Downloading data from https://s3.amazonaws.com/fcp-indi/data/Projects/ABIDE_Initiative/Outputs/cpac/nofilt_noglobal/func_preproc/Pitt_0050013_func_preproc.nii.gz ...
              [fetch_abide_pcp] Downloaded 50323456 of 112533425 bytes (44.7%%,    1.3s remaining)
              [fetch_abide_pcp] Downloaded 95125504 of 112533425 bytes (84.5%%,    0.4s remaining)
              [fetch_abide_pcp]  ...done. (3 seconds, 0 min)
              
              Traceback (most recent call last):
                File "/home/runner/work/nilearn/nilearn/asv_benchmarks/env/98bc781cb9d42ce498ecc1fd616179dc/lib/python3.10/site-packages/sklearn/utils/_bunch.py", line 54, in __getattr__
                  return self[key]
                File "/home/runner/work/nilearn/nilearn/asv_benchmarks/env/98bc781cb9d42ce498ecc1fd616179dc/lib/python3.10/site-packages/sklearn/utils/_bunch.py", line 39, in __getitem__
                  return super().__getitem__(key)
              KeyError: 'func'
              
              During handling of the above exception, another exception occurred:
              
              Traceback (most recent call last):
                File "/opt/hostedtoolcache/Python/3.9.23/x64/lib/python3.9/site-packages/asv/benchmark.py", line 99, in <module>
                  main()
                File "/opt/hostedtoolcache/Python/3.9.23/x64/lib/python3.9/site-packages/asv/benchmark.py", line 91, in main
                  commands[mode](args)
                File "/home/runner/work/nilearn/nilearn/asv_benchmarks/env/98bc781cb9d42ce498ecc1fd616179dc/lib/python3.10/site-packages/asv_runner/setup_cache.py", line 41, in _setup_cache
                  cache = benchmark.do_setup_cache()
                File "/home/runner/work/nilearn/nilearn/asv_benchmarks/env/98bc781cb9d42ce498ecc1fd616179dc/lib/python3.10/site-packages/asv_runner/benchmarks/_base.py", line 655, in do_setup_cache
                  return self._setup_cache()
                File "/home/runner/work/nilearn/nilearn/asv_benchmarks/benchmarks/common.py", line 33, in setup_cache
                  concat = concat_imgs(fmri_data.func)
                File "/home/runner/work/nilearn/nilearn/asv_benchmarks/env/98bc781cb9d42ce498ecc1fd616179dc/lib/python3.10/site-packages/sklearn/utils/_bunch.py", line 56, in __getattr__
                  raise AttributeError(key)
              AttributeError: func
              
              asv: setup_cache failed (exit status 1)
              asv: benchmark failed (exit status 1)

[60.71%] Â·Â·Â· comparisons.image.CompareMean.peakmem_compare_mean skipped (setup_cache failed)
[64.29%] Â·Â·Â· comparisons.image.CompareMean.time_compare_mean             failed
[64.29%] Â·Â·Â· =============== ========
                  loader             
             --------------- --------
                 nilearn      failed 
              nibabel (ref)   failed 
             =============== ========
             asv: setup_cache failed
             
             [fetch_abide_pcp] Added README.md to /home/runner/nilearn_data
             [fetch_abide_pcp] Dataset created in /home/runner/nilearn_data/ABIDE_pcp
             [fetch_abide_pcp] Downloading data from https://s3.amazonaws.com/fcp-indi/data/Projects/ABIDE_Initiative/Phenotypic_V1_0b_preprocessed1.csv ...
             [fetch_abide_pcp]  ...done. (0 seconds, 0 min)
             
             [fetch_abide_pcp] Downloading data from https://s3.amazonaws.com/fcp-indi/data/Projects/ABIDE_Initiative/Outputs/cpac/nofilt_noglobal/func_preproc/Pitt_0050003_func_preproc.nii.gz ...
             [fetch_abide_pcp] Downloaded 54247424 of 104419884 bytes (52.0%%,    0.9s remaining)
             [fetch_abide_pcp] Downloaded 100646912 of 104419884 bytes (96.4%%,    0.1s remaining)
             [fetch_abide_pcp]  ...done. (2 seconds, 0 min)
             
             [fetch_abide_pcp] Downloading data from https://s3.amazonaws.com/fcp-indi/data/Projects/ABIDE_Initiative/Outputs/cpac/nofilt_noglobal/func_preproc/Pitt_0050004_func_preproc.nii.gz ...
             [fetch_abide_pcp] Downloaded 65748992 of 107986683 bytes (60.9%%,    0.6s remaining)
             [fetch_abide_pcp]  ...done. (2 seconds, 0 min)
             
             [fetch_abide_pcp] Downloading data from https://s3.amazonaws.com/fcp-indi/data/Projects/ABIDE_Initiative/Outputs/cpac/nofilt_noglobal/func_preproc/Pitt_0050005_func_preproc.nii.gz ...
             [fetch_abide_pcp] Downloaded 67100672 of 110518334 bytes (60.7%%,    0.7s remaining)
             [fetch_abide_pcp]  ...done. (2 seconds, 0 min)
             
             [fetch_abide_pcp] Downloading data from https://s3.amazonaws.com/fcp-indi/data/Projects/ABIDE_Initiative/Outputs/cpac/nofilt_noglobal/func_preproc/Pitt_0050006_func_preproc.nii.gz ...
             [fetch_abide_pcp] Downloaded 45907968 of 115167850 bytes (39.9%%,    1.5s remaining)
             [fetch_abide_pcp] Downloaded 100646912 of 115167850 bytes (87.4%%,    0.3s remaining)
             [fetch_abide_pcp]  ...done. (3 seconds, 0 min)
             
             [fetch_abide_pcp] Downloading data from https://s3.amazonaws.com/fcp-indi/data/Projects/ABIDE_Initiative/Outputs/cpac/nofilt_noglobal/func_preproc/Pitt_0050007_func_preproc.nii.gz ...
             [fetch_abide_pcp] Downloaded 50323456 of 102974496 bytes (48.9%%,    1.1s remaining)
             [fetch_abide_pcp]  ...done. (2 seconds, 0 min)
             
             [fetch_abide_pcp] Downloading data from https://s3.amazonaws.com/fcp-indi/data/Projects/ABIDE_Initiative/Outputs/cpac/nofilt_noglobal/func_preproc/Pitt_0050008_func_preproc.nii.gz ...
             [fetch_abide_pcp] Downloaded 41934848 of 105723516 bytes (39.7%%,    1.6s remaining)
             [fetch_abide_pcp] Downloaded 92266496 of 105723516 bytes (87.3%%,    0.3s remaining)
             [fetch_abide_pcp]  ...done. (3 seconds, 0 min)
             
             [fetch_abide_pcp] Downloading data from https://s3.amazonaws.com/fcp-indi/data/Projects/ABIDE_Initiative/Outputs/cpac/nofilt_noglobal/func_preproc/Pitt_0050010_func_preproc.nii.gz ...
             [fetch_abide_pcp] Downloaded 58712064 of 108702932 bytes (54.0%%,    0.9s remaining)
             [fetch_abide_pcp] Downloaded 103301120 of 108702932 bytes (95.0%%,    0.1s remaining)
             [fetch_abide_pcp]  ...done. (2 seconds, 0 min)
             
             [fetch_abide_pcp] Downloading data from https://s3.amazonaws.com/fcp-indi/data/Projects/ABIDE_Initiative/Outputs/cpac/nofilt_noglobal/func_preproc/Pitt_0050011_func_preproc.nii.gz ...
             [fetch_abide_pcp] Downloaded 50323456 of 100532666 bytes (50.1%%,    1.1s remaining)
             [fetch_abide_pcp]  ...done. (2 seconds, 0 min)
             
             [fetch_abide_pcp] Downloading data from https://s3.amazonaws.com/fcp-indi/data/Projects/ABIDE_Initiative/Outputs/cpac/nofilt_noglobal/func_preproc/Pitt_0050012_func_preproc.nii.gz ...
             [fetch_abide_pcp] Downloaded 50323456 of 110228275 bytes (45.7%%,    1.2s remaining)
             [fetch_abide_pcp] Downloaded 109043712 of 110228275 bytes (98.9%%,    0.0s remaining)
             [fetch_abide_pcp]  ...done. (2 seconds, 0 min)
             
             [fetch_abide_pcp] Downloading data from https://s3.amazonaws.com/fcp-indi/data/Projects/ABIDE_Initiative/Outputs/cpac/nofilt_noglobal/func_preproc/Pitt_0050013_func_preproc.nii.gz ...
             [fetch_abide_pcp] Downloaded 50323456 of 112533425 bytes (44.7%%,    1.3s remaining)
             [fetch_abide_pcp] Downloaded 95125504 of 112533425 bytes (84.5%%,    0.4s remaining)
             [fetch_abide_pcp]  ...done. (3 seconds, 0 min)
             
             Traceback (most recent call last):
               File "/home/runner/work/nilearn/nilearn/asv_benchmarks/env/98bc781cb9d42ce498ecc1fd616179dc/lib/python3.10/site-packages/sklearn/utils/_bunch.py", line 54, in __getattr__
                 return self[key]
               File "/home/runner/work/nilearn/nilearn/asv_benchmarks/env/98bc781cb9d42ce498ecc1fd616179dc/lib/python3.10/site-packages/sklearn/utils/_bunch.py", line 39, in __getitem__
                 return super().__getitem__(key)
             KeyError: 'func'
             
             During handling of the above exception, another exception occurred:
             
             Traceback (most recent call last):
               File "/opt/hostedtoolcache/Python/3.9.23/x64/lib/python3.9/site-packages/asv/benchmark.py", line 99, in <module>
                 main()
               File "/opt/hostedtoolcache/Python/3.9.23/x64/lib/python3.9/site-packages/asv/benchmark.py", line 91, in main
                 commands[mode](args)
               File "/home/runner/work/nilearn/nilearn/asv_benchmarks/env/98bc781cb9d42ce498ecc1fd616179dc/lib/python3.10/site-packages/asv_runner/setup_cache.py", line 41, in _setup_cache
                 cache = benchmark.do_setup_cache()
               File "/home/runner/work/nilearn/nilearn/asv_benchmarks/env/98bc781cb9d42ce498ecc1fd616179dc/lib/python3.10/site-packages/asv_runner/benchmarks/_base.py", line 655, in do_setup_cache
                 return self._setup_cache()
               File "/home/runner/work/nilearn/nilearn/asv_benchmarks/benchmarks/common.py", line 33, in setup_cache
                 concat = concat_imgs(fmri_data.func)
               File "/home/runner/work/nilearn/nilearn/asv_benchmarks/env/98bc781cb9d42ce498ecc1fd616179dc/lib/python3.10/site-packages/sklearn/utils/_bunch.py", line 56, in __getattr__
                 raise AttributeError(key)
             AttributeError: func
             
             asv: setup_cache failed (exit status 1)

[64.29%] Â·Â·Â·Â· asv: setup_cache failed
              
              [fetch_abide_pcp] Added README.md to /home/runner/nilearn_data
              [fetch_abide_pcp] Dataset created in /home/runner/nilearn_data/ABIDE_pcp
              [fetch_abide_pcp] Downloading data from https://s3.amazonaws.com/fcp-indi/data/Projects/ABIDE_Initiative/Phenotypic_V1_0b_preprocessed1.csv ...
              [fetch_abide_pcp]  ...done. (0 seconds, 0 min)
              
              [fetch_abide_pcp] Downloading data from https://s3.amazonaws.com/fcp-indi/data/Projects/ABIDE_Initiative/Outputs/cpac/nofilt_noglobal/func_preproc/Pitt_0050003_func_preproc.nii.gz ...
              [fetch_abide_pcp] Downloaded 54247424 of 104419884 bytes (52.0%%,    0.9s remaining)
              [fetch_abide_pcp] Downloaded 100646912 of 104419884 bytes (96.4%%,    0.1s remaining)
              [fetch_abide_pcp]  ...done. (2 seconds, 0 min)
              
              [fetch_abide_pcp] Downloading data from https://s3.amazonaws.com/fcp-indi/data/Projects/ABIDE_Initiative/Outputs/cpac/nofilt_noglobal/func_preproc/Pitt_0050004_func_preproc.nii.gz ...
              [fetch_abide_pcp] Downloaded 65748992 of 107986683 bytes (60.9%%,    0.6s remaining)
              [fetch_abide_pcp]  ...done. (2 seconds, 0 min)
              
              [fetch_abide_pcp] Downloading data from https://s3.amazonaws.com/fcp-indi/data/Projects/ABIDE_Initiative/Outputs/cpac/nofilt_noglobal/func_preproc/Pitt_0050005_func_preproc.nii.gz ...
              [fetch_abide_pcp] Downloaded 67100672 of 110518334 bytes (60.7%%,    0.7s remaining)
              [fetch_abide_pcp]  ...done. (2 seconds, 0 min)
              
              [fetch_abide_pcp] Downloading data from https://s3.amazonaws.com/fcp-indi/data/Projects/ABIDE_Initiative/Outputs/cpac/nofilt_noglobal/func_preproc/Pitt_0050006_func_preproc.nii.gz ...
              [fetch_abide_pcp] Downloaded 45907968 of 115167850 bytes (39.9%%,    1.5s remaining)
              [fetch_abide_pcp] Downloaded 100646912 of 115167850 bytes (87.4%%,    0.3s remaining)
              [fetch_abide_pcp]  ...done. (3 seconds, 0 min)
              
              [fetch_abide_pcp] Downloading data from https://s3.amazonaws.com/fcp-indi/data/Projects/ABIDE_Initiative/Outputs/cpac/nofilt_noglobal/func_preproc/Pitt_0050007_func_preproc.nii.gz ...
              [fetch_abide_pcp] Downloaded 50323456 of 102974496 bytes (48.9%%,    1.1s remaining)
              [fetch_abide_pcp]  ...done. (2 seconds, 0 min)
              
              [fetch_abide_pcp] Downloading data from https://s3.amazonaws.com/fcp-indi/data/Projects/ABIDE_Initiative/Outputs/cpac/nofilt_noglobal/func_preproc/Pitt_0050008_func_preproc.nii.gz ...
              [fetch_abide_pcp] Downloaded 41934848 of 105723516 bytes (39.7%%,    1.6s remaining)
              [fetch_abide_pcp] Downloaded 92266496 of 105723516 bytes (87.3%%,    0.3s remaining)
              [fetch_abide_pcp]  ...done. (3 seconds, 0 min)
              
              [fetch_abide_pcp] Downloading data from https://s3.amazonaws.com/fcp-indi/data/Projects/ABIDE_Initiative/Outputs/cpac/nofilt_noglobal/func_preproc/Pitt_0050010_func_preproc.nii.gz ...
              [fetch_abide_pcp] Downloaded 58712064 of 108702932 bytes (54.0%%,    0.9s remaining)
              [fetch_abide_pcp] Downloaded 103301120 of 108702932 bytes (95.0%%,    0.1s remaining)
              [fetch_abide_pcp]  ...done. (2 seconds, 0 min)
              
              [fetch_abide_pcp] Downloading data from https://s3.amazonaws.com/fcp-indi/data/Projects/ABIDE_Initiative/Outputs/cpac/nofilt_noglobal/func_preproc/Pitt_0050011_func_preproc.nii.gz ...
              [fetch_abide_pcp] Downloaded 50323456 of 100532666 bytes (50.1%%,    1.1s remaining)
              [fetch_abide_pcp]  ...done. (2 seconds, 0 min)
              
              [fetch_abide_pcp] Downloading data from https://s3.amazonaws.com/fcp-indi/data/Projects/ABIDE_Initiative/Outputs/cpac/nofilt_noglobal/func_preproc/Pitt_0050012_func_preproc.nii.gz ...
              [fetch_abide_pcp] Downloaded 50323456 of 110228275 bytes (45.7%%,    1.2s remaining)
              [fetch_abide_pcp] Downloaded 109043712 of 110228275 bytes (98.9%%,    0.0s remaining)
              [fetch_abide_pcp]  ...done. (2 seconds, 0 min)
              
              [fetch_abide_pcp] Downloading data from https://s3.amazonaws.com/fcp-indi/data/Projects/ABIDE_Initiative/Outputs/cpac/nofilt_noglobal/func_preproc/Pitt_0050013_func_preproc.nii.gz ...
              [fetch_abide_pcp] Downloaded 50323456 of 112533425 bytes (44.7%%,    1.3s remaining)
              [fetch_abide_pcp] Downloaded 95125504 of 112533425 bytes (84.5%%,    0.4s remaining)
              [fetch_abide_pcp]  ...done. (3 seconds, 0 min)
              
              Traceback (most recent call last):
                File "/home/runner/work/nilearn/nilearn/asv_benchmarks/env/98bc781cb9d42ce498ecc1fd616179dc/lib/python3.10/site-packages/sklearn/utils/_bunch.py", line 54, in __getattr__
                  return self[key]
                File "/home/runner/work/nilearn/nilearn/asv_benchmarks/env/98bc781cb9d42ce498ecc1fd616179dc/lib/python3.10/site-packages/sklearn/utils/_bunch.py", line 39, in __getitem__
                  return super().__getitem__(key)
              KeyError: 'func'
              
              During handling of the above exception, another exception occurred:
              
              Traceback (most recent call last):
                File "/opt/hostedtoolcache/Python/3.9.23/x64/lib/python3.9/site-packages/asv/benchmark.py", line 99, in <module>
                  main()
                File "/opt/hostedtoolcache/Python/3.9.23/x64/lib/python3.9/site-packages/asv/benchmark.py", line 91, in main
                  commands[mode](args)
                File "/home/runner/work/nilearn/nilearn/asv_benchmarks/env/98bc781cb9d42ce498ecc1fd616179dc/lib/python3.10/site-packages/asv_runner/setup_cache.py", line 41, in _setup_cache
                  cache = benchmark.do_setup_cache()
                File "/home/runner/work/nilearn/nilearn/asv_benchmarks/env/98bc781cb9d42ce498ecc1fd616179dc/lib/python3.10/site-packages/asv_runner/benchmarks/_base.py", line 655, in do_setup_cache
                  return self._setup_cache()
                File "/home/runner/work/nilearn/nilearn/asv_benchmarks/benchmarks/common.py", line 33, in setup_cache
                  concat = concat_imgs(fmri_data.func)
                File "/home/runner/work/nilearn/nilearn/asv_benchmarks/env/98bc781cb9d42ce498ecc1fd616179dc/lib/python3.10/site-packages/sklearn/utils/_bunch.py", line 56, in __getattr__
                  raise AttributeError(key)
              AttributeError: func
              
              asv: setup_cache failed (exit status 1)
              asv: benchmark failed (exit status 1)

[67.86%] Â·Â·Â· comparisons.image.CompareSlice.peakmem_compare_slice skipped (setup_cache failed)
[71.43%] Â·Â·Â· ...risons.image.CompareSlice.time_compare_slice             failed
[71.43%] Â·Â·Â· =============== ========
                  loader             
             --------------- --------
                 nilearn      failed 
              nibabel (ref)   failed 
             =============== ========
             asv: setup_cache failed
             
             [fetch_abide_pcp] Added README.md to /home/runner/nilearn_data
             [fetch_abide_pcp] Dataset created in /home/runner/nilearn_data/ABIDE_pcp
             [fetch_abide_pcp] Downloading data from https://s3.amazonaws.com/fcp-indi/data/Projects/ABIDE_Initiative/Phenotypic_V1_0b_preprocessed1.csv ...
             [fetch_abide_pcp]  ...done. (0 seconds, 0 min)
             
             [fetch_abide_pcp] Downloading data from https://s3.amazonaws.com/fcp-indi/data/Projects/ABIDE_Initiative/Outputs/cpac/nofilt_noglobal/func_preproc/Pitt_0050003_func_preproc.nii.gz ...
             [fetch_abide_pcp] Downloaded 54247424 of 104419884 bytes (52.0%%,    0.9s remaining)
             [fetch_abide_pcp] Downloaded 100646912 of 104419884 bytes (96.4%%,    0.1s remaining)
             [fetch_abide_pcp]  ...done. (2 seconds, 0 min)
             
             [fetch_abide_pcp] Downloading data from https://s3.amazonaws.com/fcp-indi/data/Projects/ABIDE_Initiative/Outputs/cpac/nofilt_noglobal/func_preproc/Pitt_0050004_func_preproc.nii.gz ...
             [fetch_abide_pcp] Downloaded 65748992 of 107986683 bytes (60.9%%,    0.6s remaining)
             [fetch_abide_pcp]  ...done. (2 seconds, 0 min)
             
             [fetch_abide_pcp] Downloading data from https://s3.amazonaws.com/fcp-indi/data/Projects/ABIDE_Initiative/Outputs/cpac/nofilt_noglobal/func_preproc/Pitt_0050005_func_preproc.nii.gz ...
             [fetch_abide_pcp] Downloaded 67100672 of 110518334 bytes (60.7%%,    0.7s remaining)
             [fetch_abide_pcp]  ...done. (2 seconds, 0 min)
             
             [fetch_abide_pcp] Downloading data from https://s3.amazonaws.com/fcp-indi/data/Projects/ABIDE_Initiative/Outputs/cpac/nofilt_noglobal/func_preproc/Pitt_0050006_func_preproc.nii.gz ...
             [fetch_abide_pcp] Downloaded 45907968 of 115167850 bytes (39.9%%,    1.5s remaining)
             [fetch_abide_pcp] Downloaded 100646912 of 115167850 bytes (87.4%%,    0.3s remaining)
             [fetch_abide_pcp]  ...done. (3 seconds, 0 min)
             
             [fetch_abide_pcp] Downloading data from https://s3.amazonaws.com/fcp-indi/data/Projects/ABIDE_Initiative/Outputs/cpac/nofilt_noglobal/func_preproc/Pitt_0050007_func_preproc.nii.gz ...
             [fetch_abide_pcp] Downloaded 50323456 of 102974496 bytes (48.9%%,    1.1s remaining)
             [fetch_abide_pcp]  ...done. (2 seconds, 0 min)
             
             [fetch_abide_pcp] Downloading data from https://s3.amazonaws.com/fcp-indi/data/Projects/ABIDE_Initiative/Outputs/cpac/nofilt_noglobal/func_preproc/Pitt_0050008_func_preproc.nii.gz ...
             [fetch_abide_pcp] Downloaded 41934848 of 105723516 bytes (39.7%%,    1.6s remaining)
             [fetch_abide_pcp] Downloaded 92266496 of 105723516 bytes (87.3%%,    0.3s remaining)
             [fetch_abide_pcp]  ...done. (3 seconds, 0 min)
             
             [fetch_abide_pcp] Downloading data from https://s3.amazonaws.com/fcp-indi/data/Projects/ABIDE_Initiative/Outputs/cpac/nofilt_noglobal/func_preproc/Pitt_0050010_func_preproc.nii.gz ...
             [fetch_abide_pcp] Downloaded 58712064 of 108702932 bytes (54.0%%,    0.9s remaining)
             [fetch_abide_pcp] Downloaded 103301120 of 108702932 bytes (95.0%%,    0.1s remaining)
             [fetch_abide_pcp]  ...done. (2 seconds, 0 min)
             
             [fetch_abide_pcp] Downloading data from https://s3.amazonaws.com/fcp-indi/data/Projects/ABIDE_Initiative/Outputs/cpac/nofilt_noglobal/func_preproc/Pitt_0050011_func_preproc.nii.gz ...
             [fetch_abide_pcp] Downloaded 50323456 of 100532666 bytes (50.1%%,    1.1s remaining)
             [fetch_abide_pcp]  ...done. (2 seconds, 0 min)
             
             [fetch_abide_pcp] Downloading data from https://s3.amazonaws.com/fcp-indi/data/Projects/ABIDE_Initiative/Outputs/cpac/nofilt_noglobal/func_preproc/Pitt_0050012_func_preproc.nii.gz ...
             [fetch_abide_pcp] Downloaded 50323456 of 110228275 bytes (45.7%%,    1.2s remaining)
             [fetch_abide_pcp] Downloaded 109043712 of 110228275 bytes (98.9%%,    0.0s remaining)
             [fetch_abide_pcp]  ...done. (2 seconds, 0 min)
             
             [fetch_abide_pcp] Downloading data from https://s3.amazonaws.com/fcp-indi/data/Projects/ABIDE_Initiative/Outputs/cpac/nofilt_noglobal/func_preproc/Pitt_0050013_func_preproc.nii.gz ...
             [fetch_abide_pcp] Downloaded 50323456 of 112533425 bytes (44.7%%,    1.3s remaining)
             [fetch_abide_pcp] Downloaded 95125504 of 112533425 bytes (84.5%%,    0.4s remaining)
             [fetch_abide_pcp]  ...done. (3 seconds, 0 min)
             
             Traceback (most recent call last):
               File "/home/runner/work/nilearn/nilearn/asv_benchmarks/env/98bc781cb9d42ce498ecc1fd616179dc/lib/python3.10/site-packages/sklearn/utils/_bunch.py", line 54, in __getattr__
                 return self[key]
               File "/home/runner/work/nilearn/nilearn/asv_benchmarks/env/98bc781cb9d42ce498ecc1fd616179dc/lib/python3.10/site-packages/sklearn/utils/_bunch.py", line 39, in __getitem__
                 return super().__getitem__(key)
             KeyError: 'func'
             
             During handling of the above exception, another exception occurred:
             
             Traceback (most recent call last):
               File "/opt/hostedtoolcache/Python/3.9.23/x64/lib/python3.9/site-packages/asv/benchmark.py", line 99, in <module>
                 main()
               File "/opt/hostedtoolcache/Python/3.9.23/x64/lib/python3.9/site-packages/asv/benchmark.py", line 91, in main
                 commands[mode](args)
               File "/home/runner/work/nilearn/nilearn/asv_benchmarks/env/98bc781cb9d42ce498ecc1fd616179dc/lib/python3.10/site-packages/asv_runner/setup_cache.py", line 41, in _setup_cache
                 cache = benchmark.do_setup_cache()
               File "/home/runner/work/nilearn/nilearn/asv_benchmarks/env/98bc781cb9d42ce498ecc1fd616179dc/lib/python3.10/site-packages/asv_runner/benchmarks/_base.py", line 655, in do_setup_cache
                 return self._setup_cache()
               File "/home/runner/work/nilearn/nilearn/asv_benchmarks/benchmarks/common.py", line 33, in setup_cache
                 concat = concat_imgs(fmri_data.func)
               File "/home/runner/work/nilearn/nilearn/asv_benchmarks/env/98bc781cb9d42ce498ecc1fd616179dc/lib/python3.10/site-packages/sklearn/utils/_bunch.py", line 56, in __getattr__
                 raise AttributeError(key)
             AttributeError: func
             
             asv: setup_cache failed (exit status 1)

[71.43%] Â·Â·Â·Â· asv: setup_cache failed
              
              [fetch_abide_pcp] Added README.md to /home/runner/nilearn_data
              [fetch_abide_pcp] Dataset created in /home/runner/nilearn_data/ABIDE_pcp
              [fetch_abide_pcp] Downloading data from https://s3.amazonaws.com/fcp-indi/data/Projects/ABIDE_Initiative/Phenotypic_V1_0b_preprocessed1.csv ...
              [fetch_abide_pcp]  ...done. (0 seconds, 0 min)
              
              [fetch_abide_pcp] Downloading data from https://s3.amazonaws.com/fcp-indi/data/Projects/ABIDE_Initiative/Outputs/cpac/nofilt_noglobal/func_preproc/Pitt_0050003_func_preproc.nii.gz ...
              [fetch_abide_pcp] Downloaded 54247424 of 104419884 bytes (52.0%%,    0.9s remaining)
              [fetch_abide_pcp] Downloaded 100646912 of 104419884 bytes (96.4%%,    0.1s remaining)
              [fetch_abide_pcp]  ...done. (2 seconds, 0 min)
              
              [fetch_abide_pcp] Downloading data from https://s3.amazonaws.com/fcp-indi/data/Projects/ABIDE_Initiative/Outputs/cpac/nofilt_noglobal/func_preproc/Pitt_0050004_func_preproc.nii.gz ...
              [fetch_abide_pcp] Downloaded 65748992 of 107986683 bytes (60.9%%,    0.6s remaining)
              [fetch_abide_pcp]  ...done. (2 seconds, 0 min)
              
              [fetch_abide_pcp] Downloading data from https://s3.amazonaws.com/fcp-indi/data/Projects/ABIDE_Initiative/Outputs/cpac/nofilt_noglobal/func_preproc/Pitt_0050005_func_preproc.nii.gz ...
              [fetch_abide_pcp] Downloaded 67100672 of 110518334 bytes (60.7%%,    0.7s remaining)
              [fetch_abide_pcp]  ...done. (2 seconds, 0 min)
              
              [fetch_abide_pcp] Downloading data from https://s3.amazonaws.com/fcp-indi/data/Projects/ABIDE_Initiative/Outputs/cpac/nofilt_noglobal/func_preproc/Pitt_0050006_func_preproc.nii.gz ...
              [fetch_abide_pcp] Downloaded 45907968 of 115167850 bytes (39.9%%,    1.5s remaining)
              [fetch_abide_pcp] Downloaded 100646912 of 115167850 bytes (87.4%%,    0.3s remaining)
              [fetch_abide_pcp]  ...done. (3 seconds, 0 min)
              
              [fetch_abide_pcp] Downloading data from https://s3.amazonaws.com/fcp-indi/data/Projects/ABIDE_Initiative/Outputs/cpac/nofilt_noglobal/func_preproc/Pitt_0050007_func_preproc.nii.gz ...
              [fetch_abide_pcp] Downloaded 50323456 of 102974496 bytes (48.9%%,    1.1s remaining)
              [fetch_abide_pcp]  ...done. (2 seconds, 0 min)
              
              [fetch_abide_pcp] Downloading data from https://s3.amazonaws.com/fcp-indi/data/Projects/ABIDE_Initiative/Outputs/cpac/nofilt_noglobal/func_preproc/Pitt_0050008_func_preproc.nii.gz ...
              [fetch_abide_pcp] Downloaded 41934848 of 105723516 bytes (39.7%%,    1.6s remaining)
              [fetch_abide_pcp] Downloaded 92266496 of 105723516 bytes (87.3%%,    0.3s remaining)
              [fetch_abide_pcp]  ...done. (3 seconds, 0 min)
              
              [fetch_abide_pcp] Downloading data from https://s3.amazonaws.com/fcp-indi/data/Projects/ABIDE_Initiative/Outputs/cpac/nofilt_noglobal/func_preproc/Pitt_0050010_func_preproc.nii.gz ...
              [fetch_abide_pcp] Downloaded 58712064 of 108702932 bytes (54.0%%,    0.9s remaining)
              [fetch_abide_pcp] Downloaded 103301120 of 108702932 bytes (95.0%%,    0.1s remaining)
              [fetch_abide_pcp]  ...done. (2 seconds, 0 min)
              
              [fetch_abide_pcp] Downloading data from https://s3.amazonaws.com/fcp-indi/data/Projects/ABIDE_Initiative/Outputs/cpac/nofilt_noglobal/func_preproc/Pitt_0050011_func_preproc.nii.gz ...
              [fetch_abide_pcp] Downloaded 50323456 of 100532666 bytes (50.1%%,    1.1s remaining)
              [fetch_abide_pcp]  ...done. (2 seconds, 0 min)
              
              [fetch_abide_pcp] Downloading data from https://s3.amazonaws.com/fcp-indi/data/Projects/ABIDE_Initiative/Outputs/cpac/nofilt_noglobal/func_preproc/Pitt_0050012_func_preproc.nii.gz ...
              [fetch_abide_pcp] Downloaded 50323456 of 110228275 bytes (45.7%%,    1.2s remaining)
              [fetch_abide_pcp] Downloaded 109043712 of 110228275 bytes (98.9%%,    0.0s remaining)
              [fetch_abide_pcp]  ...done. (2 seconds, 0 min)
              
              [fetch_abide_pcp] Downloading data from https://s3.amazonaws.com/fcp-indi/data/Projects/ABIDE_Initiative/Outputs/cpac/nofilt_noglobal/func_preproc/Pitt_0050013_func_preproc.nii.gz ...
              [fetch_abide_pcp] Downloaded 50323456 of 112533425 bytes (44.7%%,    1.3s remaining)
              [fetch_abide_pcp] Downloaded 95125504 of 112533425 bytes (84.5%%,    0.4s remaining)
              [fetch_abide_pcp]  ...done. (3 seconds, 0 min)
              
              Traceback (most recent call last):
                File "/home/runner/work/nilearn/nilearn/asv_benchmarks/env/98bc781cb9d42ce498ecc1fd616179dc/lib/python3.10/site-packages/sklearn/utils/_bunch.py", line 54, in __getattr__
                  return self[key]
                File "/home/runner/work/nilearn/nilearn/asv_benchmarks/env/98bc781cb9d42ce498ecc1fd616179dc/lib/python3.10/site-packages/sklearn/utils/_bunch.py", line 39, in __getitem__
                  return super().__getitem__(key)
              KeyError: 'func'
              
              During handling of the above exception, another exception occurred:
              
              Traceback (most recent call last):
                File "/opt/hostedtoolcache/Python/3.9.23/x64/lib/python3.9/site-packages/asv/benchmark.py", line 99, in <module>
                  main()
                File "/opt/hostedtoolcache/Python/3.9.23/x64/lib/python3.9/site-packages/asv/benchmark.py", line 91, in main
                  commands[mode](args)
                File "/home/runner/work/nilearn/nilearn/asv_benchmarks/env/98bc781cb9d42ce498ecc1fd616179dc/lib/python3.10/site-packages/asv_runner/setup_cache.py", line 41, in _setup_cache
                  cache = benchmark.do_setup_cache()
                File "/home/runner/work/nilearn/nilearn/asv_benchmarks/env/98bc781cb9d42ce498ecc1fd616179dc/lib/python3.10/site-packages/asv_runner/benchmarks/_base.py", line 655, in do_setup_cache
                  return self._setup_cache()
                File "/home/runner/work/nilearn/nilearn/asv_benchmarks/benchmarks/common.py", line 33, in setup_cache
                  concat = concat_imgs(fmri_data.func)
                File "/home/runner/work/nilearn/nilearn/asv_benchmarks/env/98bc781cb9d42ce498ecc1fd616179dc/lib/python3.10/site-packages/sklearn/utils/_bunch.py", line 56, in __getattr__
                  raise AttributeError(key)
              AttributeError: func
              
              asv: setup_cache failed (exit status 1)
              asv: benchmark failed (exit status 1)

[75.00%] Â·Â·Â· comparisons.maskers.CompareMask.peakmem_compare_mask skipped (setup_cache failed)
[78.57%] Â·Â·Â· ...risons.maskers.CompareMask.time_compare_mask             failed
[78.57%] Â·Â·Â· ================ ========= ===============
             --                         loader         
             ---------------- -------------------------
              implementation   nilearn   nibabel (ref) 
             ================ ========= ===============
                 nilearn        failed       failed    
               numpy (ref)      failed       failed    
             ================ ========= ===============
             asv: setup_cache failed
             
             [fetch_abide_pcp] Added README.md to /home/runner/nilearn_data
             [fetch_abide_pcp] Dataset created in /home/runner/nilearn_data/ABIDE_pcp
             [fetch_abide_pcp] Downloading data from https://s3.amazonaws.com/fcp-indi/data/Projects/ABIDE_Initiative/Phenotypic_V1_0b_preprocessed1.csv ...
             [fetch_abide_pcp]  ...done. (0 seconds, 0 min)
             
             [fetch_abide_pcp] Downloading data from https://s3.amazonaws.com/fcp-indi/data/Projects/ABIDE_Initiative/Outputs/cpac/nofilt_noglobal/func_preproc/Pitt_0050003_func_preproc.nii.gz ...
             [fetch_abide_pcp] Downloaded 54247424 of 104419884 bytes (52.0%%,    0.9s remaining)
             [fetch_abide_pcp] Downloaded 100646912 of 104419884 bytes (96.4%%,    0.1s remaining)
             [fetch_abide_pcp]  ...done. (2 seconds, 0 min)
             
             [fetch_abide_pcp] Downloading data from https://s3.amazonaws.com/fcp-indi/data/Projects/ABIDE_Initiative/Outputs/cpac/nofilt_noglobal/func_preproc/Pitt_0050004_func_preproc.nii.gz ...
             [fetch_abide_pcp] Downloaded 65748992 of 107986683 bytes (60.9%%,    0.6s remaining)
             [fetch_abide_pcp]  ...done. (2 seconds, 0 min)
             
             [fetch_abide_pcp] Downloading data from https://s3.amazonaws.com/fcp-indi/data/Projects/ABIDE_Initiative/Outputs/cpac/nofilt_noglobal/func_preproc/Pitt_0050005_func_preproc.nii.gz ...
             [fetch_abide_pcp] Downloaded 67100672 of 110518334 bytes (60.7%%,    0.7s remaining)
             [fetch_abide_pcp]  ...done. (2 seconds, 0 min)
             
             [fetch_abide_pcp] Downloading data from https://s3.amazonaws.com/fcp-indi/data/Projects/ABIDE_Initiative/Outputs/cpac/nofilt_noglobal/func_preproc/Pitt_0050006_func_preproc.nii.gz ...
             [fetch_abide_pcp] Downloaded 45907968 of 115167850 bytes (39.9%%,    1.5s remaining)
             [fetch_abide_pcp] Downloaded 100646912 of 115167850 bytes (87.4%%,    0.3s remaining)
             [fetch_abide_pcp]  ...done. (3 seconds, 0 min)
             
             [fetch_abide_pcp] Downloading data from https://s3.amazonaws.com/fcp-indi/data/Projects/ABIDE_Initiative/Outputs/cpac/nofilt_noglobal/func_preproc/Pitt_0050007_func_preproc.nii.gz ...
             [fetch_abide_pcp] Downloaded 50323456 of 102974496 bytes (48.9%%,    1.1s remaining)
             [fetch_abide_pcp]  ...done. (2 seconds, 0 min)
             
             [fetch_abide_pcp] Downloading data from https://s3.amazonaws.com/fcp-indi/data/Projects/ABIDE_Initiative/Outputs/cpac/nofilt_noglobal/func_preproc/Pitt_0050008_func_preproc.nii.gz ...
             [fetch_abide_pcp] Downloaded 41934848 of 105723516 bytes (39.7%%,    1.6s remaining)
             [fetch_abide_pcp] Downloaded 92266496 of 105723516 bytes (87.3%%,    0.3s remaining)
             [fetch_abide_pcp]  ...done. (3 seconds, 0 min)
             
             [fetch_abide_pcp] Downloading data from https://s3.amazonaws.com/fcp-indi/data/Projects/ABIDE_Initiative/Outputs/cpac/nofilt_noglobal/func_preproc/Pitt_0050010_func_preproc.nii.gz ...
             [fetch_abide_pcp] Downloaded 58712064 of 108702932 bytes (54.0%%,    0.9s remaining)
             [fetch_abide_pcp] Downloaded 103301120 of 108702932 bytes (95.0%%,    0.1s remaining)
             [fetch_abide_pcp]  ...done. (2 seconds, 0 min)
             
             [fetch_abide_pcp] Downloading data from https://s3.amazonaws.com/fcp-indi/data/Projects/ABIDE_Initiative/Outputs/cpac/nofilt_noglobal/func_preproc/Pitt_0050011_func_preproc.nii.gz ...
             [fetch_abide_pcp] Downloaded 50323456 of 100532666 bytes (50.1%%,    1.1s remaining)
             [fetch_abide_pcp]  ...done. (2 seconds, 0 min)
             
             [fetch_abide_pcp] Downloading data from https://s3.amazonaws.com/fcp-indi/data/Projects/ABIDE_Initiative/Outputs/cpac/nofilt_noglobal/func_preproc/Pitt_0050012_func_preproc.nii.gz ...
             [fetch_abide_pcp] Downloaded 50323456 of 110228275 bytes (45.7%%,    1.2s remaining)
             [fetch_abide_pcp] Downloaded 109043712 of 110228275 bytes (98.9%%,    0.0s remaining)
             [fetch_abide_pcp]  ...done. (2 seconds, 0 min)
             
             [fetch_abide_pcp] Downloading data from https://s3.amazonaws.com/fcp-indi/data/Projects/ABIDE_Initiative/Outputs/cpac/nofilt_noglobal/func_preproc/Pitt_0050013_func_preproc.nii.gz ...
             [fetch_abide_pcp] Downloaded 50323456 of 112533425 bytes (44.7%%,    1.3s remaining)
             [fetch_abide_pcp] Downloaded 95125504 of 112533425 bytes (84.5%%,    0.4s remaining)
             [fetch_abide_pcp]  ...done. (3 seconds, 0 min)
             
             Traceback (most recent call last):
               File "/home/runner/work/nilearn/nilearn/asv_benchmarks/env/98bc781cb9d42ce498ecc1fd616179dc/lib/python3.10/site-packages/sklearn/utils/_bunch.py", line 54, in __getattr__
                 return self[key]
               File "/home/runner/work/nilearn/nilearn/asv_benchmarks/env/98bc781cb9d42ce498ecc1fd616179dc/lib/python3.10/site-packages/sklearn/utils/_bunch.py", line 39, in __getitem__
                 return super().__getitem__(key)
             KeyError: 'func'
             
             During handling of the above exception, another exception occurred:
             
             Traceback (most recent call last):
               File "/opt/hostedtoolcache/Python/3.9.23/x64/lib/python3.9/site-packages/asv/benchmark.py", line 99, in <module>
                 main()
               File "/opt/hostedtoolcache/Python/3.9.23/x64/lib/python3.9/site-packages/asv/benchmark.py", line 91, in main
                 commands[mode](args)
               File "/home/runner/work/nilearn/nilearn/asv_benchmarks/env/98bc781cb9d42ce498ecc1fd616179dc/lib/python3.10/site-packages/asv_runner/setup_cache.py", line 41, in _setup_cache
                 cache = benchmark.do_setup_cache()
               File "/home/runner/work/nilearn/nilearn/asv_benchmarks/env/98bc781cb9d42ce498ecc1fd616179dc/lib/python3.10/site-packages/asv_runner/benchmarks/_base.py", line 655, in do_setup_cache
                 return self._setup_cache()
               File "/home/runner/work/nilearn/nilearn/asv_benchmarks/benchmarks/common.py", line 33, in setup_cache
                 concat = concat_imgs(fmri_data.func)
               File "/home/runner/work/nilearn/nilearn/asv_benchmarks/env/98bc781cb9d42ce498ecc1fd616179dc/lib/python3.10/site-packages/sklearn/utils/_bunch.py", line 56, in __getattr__
                 raise AttributeError(key)
             AttributeError: func
             
             asv: setup_cache failed (exit status 1)

[78.57%] Â·Â·Â·Â· asv: setup_cache failed
              
              [fetch_abide_pcp] Added README.md to /home/runner/nilearn_data
              [fetch_abide_pcp] Dataset created in /home/runner/nilearn_data/ABIDE_pcp
              [fetch_abide_pcp] Downloading data from https://s3.amazonaws.com/fcp-indi/data/Projects/ABIDE_Initiative/Phenotypic_V1_0b_preprocessed1.csv ...
              [fetch_abide_pcp]  ...done. (0 seconds, 0 min)
              
              [fetch_abide_pcp] Downloading data from https://s3.amazonaws.com/fcp-indi/data/Projects/ABIDE_Initiative/Outputs/cpac/nofilt_noglobal/func_preproc/Pitt_0050003_func_preproc.nii.gz ...
              [fetch_abide_pcp] Downloaded 54247424 of 104419884 bytes (52.0%%,    0.9s remaining)
              [fetch_abide_pcp] Downloaded 100646912 of 104419884 bytes (96.4%%,    0.1s remaining)
              [fetch_abide_pcp]  ...done. (2 seconds, 0 min)
              
              [fetch_abide_pcp] Downloading data from https://s3.amazonaws.com/fcp-indi/data/Projects/ABIDE_Initiative/Outputs/cpac/nofilt_noglobal/func_preproc/Pitt_0050004_func_preproc.nii.gz ...
              [fetch_abide_pcp] Downloaded 65748992 of 107986683 bytes (60.9%%,    0.6s remaining)
              [fetch_abide_pcp]  ...done. (2 seconds, 0 min)
              
              [fetch_abide_pcp] Downloading data from https://s3.amazonaws.com/fcp-indi/data/Projects/ABIDE_Initiative/Outputs/cpac/nofilt_noglobal/func_preproc/Pitt_0050005_func_preproc.nii.gz ...
              [fetch_abide_pcp] Downloaded 67100672 of 110518334 bytes (60.7%%,    0.7s remaining)
              [fetch_abide_pcp]  ...done. (2 seconds, 0 min)
              
              [fetch_abide_pcp] Downloading data from https://s3.amazonaws.com/fcp-indi/data/Projects/ABIDE_Initiative/Outputs/cpac/nofilt_noglobal/func_preproc/Pitt_0050006_func_preproc.nii.gz ...
              [fetch_abide_pcp] Downloaded 45907968 of 115167850 bytes (39.9%%,    1.5s remaining)
              [fetch_abide_pcp] Downloaded 100646912 of 115167850 bytes (87.4%%,    0.3s remaining)
              [fetch_abide_pcp]  ...done. (3 seconds, 0 min)
              
              [fetch_abide_pcp] Downloading data from https://s3.amazonaws.com/fcp-indi/data/Projects/ABIDE_Initiative/Outputs/cpac/nofilt_noglobal/func_preproc/Pitt_0050007_func_preproc.nii.gz ...
              [fetch_abide_pcp] Downloaded 50323456 of 102974496 bytes (48.9%%,    1.1s remaining)
              [fetch_abide_pcp]  ...done. (2 seconds, 0 min)
              
              [fetch_abide_pcp] Downloading data from https://s3.amazonaws.com/fcp-indi/data/Projects/ABIDE_Initiative/Outputs/cpac/nofilt_noglobal/func_preproc/Pitt_0050008_func_preproc.nii.gz ...
              [fetch_abide_pcp] Downloaded 41934848 of 105723516 bytes (39.7%%,    1.6s remaining)
              [fetch_abide_pcp] Downloaded 92266496 of 105723516 bytes (87.3%%,    0.3s remaining)
              [fetch_abide_pcp]  ...done. (3 seconds, 0 min)
              
              [fetch_abide_pcp] Downloading data from https://s3.amazonaws.com/fcp-indi/data/Projects/ABIDE_Initiative/Outputs/cpac/nofilt_noglobal/func_preproc/Pitt_0050010_func_preproc.nii.gz ...
              [fetch_abide_pcp] Downloaded 58712064 of 108702932 bytes (54.0%%,    0.9s remaining)
              [fetch_abide_pcp] Downloaded 103301120 of 108702932 bytes (95.0%%,    0.1s remaining)
              [fetch_abide_pcp]  ...done. (2 seconds, 0 min)
              
              [fetch_abide_pcp] Downloading data from https://s3.amazonaws.com/fcp-indi/data/Projects/ABIDE_Initiative/Outputs/cpac/nofilt_noglobal/func_preproc/Pitt_0050011_func_preproc.nii.gz ...
              [fetch_abide_pcp] Downloaded 50323456 of 100532666 bytes (50.1%%,    1.1s remaining)
              [fetch_abide_pcp]  ...done. (2 seconds, 0 min)
              
              [fetch_abide_pcp] Downloading data from https://s3.amazonaws.com/fcp-indi/data/Projects/ABIDE_Initiative/Outputs/cpac/nofilt_noglobal/func_preproc/Pitt_0050012_func_preproc.nii.gz ...
              [fetch_abide_pcp] Downloaded 50323456 of 110228275 bytes (45.7%%,    1.2s remaining)
              [fetch_abide_pcp] Downloaded 109043712 of 110228275 bytes (98.9%%,    0.0s remaining)
              [fetch_abide_pcp]  ...done. (2 seconds, 0 min)
              
              [fetch_abide_pcp] Downloading data from https://s3.amazonaws.com/fcp-indi/data/Projects/ABIDE_Initiative/Outputs/cpac/nofilt_noglobal/func_preproc/Pitt_0050013_func_preproc.nii.gz ...
              [fetch_abide_pcp] Downloaded 50323456 of 112533425 bytes (44.7%%,    1.3s remaining)
              [fetch_abide_pcp] Downloaded 95125504 of 112533425 bytes (84.5%%,    0.4s remaining)
              [fetch_abide_pcp]  ...done. (3 seconds, 0 min)
              
              Traceback (most recent call last):
                File "/home/runner/work/nilearn/nilearn/asv_benchmarks/env/98bc781cb9d42ce498ecc1fd616179dc/lib/python3.10/site-packages/sklearn/utils/_bunch.py", line 54, in __getattr__
                  return self[key]
                File "/home/runner/work/nilearn/nilearn/asv_benchmarks/env/98bc781cb9d42ce498ecc1fd616179dc/lib/python3.10/site-packages/sklearn/utils/_bunch.py", line 39, in __getitem__
                  return super().__getitem__(key)
              KeyError: 'func'
              
              During handling of the above exception, another exception occurred:
              
              Traceback (most recent call last):
                File "/opt/hostedtoolcache/Python/3.9.23/x64/lib/python3.9/site-packages/asv/benchmark.py", line 99, in <module>
                  main()
                File "/opt/hostedtoolcache/Python/3.9.23/x64/lib/python3.9/site-packages/asv/benchmark.py", line 91, in main
                  commands[mode](args)
                File "/home/runner/work/nilearn/nilearn/asv_benchmarks/env/98bc781cb9d42ce498ecc1fd616179dc/lib/python3.10/site-packages/asv_runner/setup_cache.py", line 41, in _setup_cache
                  cache = benchmark.do_setup_cache()
                File "/home/runner/work/nilearn/nilearn/asv_benchmarks/env/98bc781cb9d42ce498ecc1fd616179dc/lib/python3.10/site-packages/asv_runner/benchmarks/_base.py", line 655, in do_setup_cache
                  return self._setup_cache()
                File "/home/runner/work/nilearn/nilearn/asv_benchmarks/benchmarks/common.py", line 33, in setup_cache
                  concat = concat_imgs(fmri_data.func)
                File "/home/runner/work/nilearn/nilearn/asv_benchmarks/env/98bc781cb9d42ce498ecc1fd616179dc/lib/python3.10/site-packages/sklearn/utils/_bunch.py", line 56, in __getattr__
                  raise AttributeError(key)
              AttributeError: func
              
              asv: setup_cache failed (exit status 1)
              asv: benchmark failed (exit status 1)

[82.14%] Â·Â·Â· tracking.image.LoadImgBenchmark.peakmem_load_img skipped (setup_cache failed)
[85.71%] Â·Â·Â· tracking.image.LoadImgBenchmark.time_load_img               failed
[85.71%] Â·Â·Â·Â· asv: setup_cache failed
              
              [fetch_abide_pcp] Added README.md to /home/runner/nilearn_data
              [fetch_abide_pcp] Dataset created in /home/runner/nilearn_data/ABIDE_pcp
              [fetch_abide_pcp] Downloading data from https://s3.amazonaws.com/fcp-indi/data/Projects/ABIDE_Initiative/Phenotypic_V1_0b_preprocessed1.csv ...
              [fetch_abide_pcp]  ...done. (0 seconds, 0 min)
              
              [fetch_abide_pcp] Downloading data from https://s3.amazonaws.com/fcp-indi/data/Projects/ABIDE_Initiative/Outputs/cpac/nofilt_noglobal/func_preproc/Pitt_0050003_func_preproc.nii.gz ...
              [fetch_abide_pcp] Downloaded 54247424 of 104419884 bytes (52.0%%,    0.9s remaining)
              [fetch_abide_pcp] Downloaded 100646912 of 104419884 bytes (96.4%%,    0.1s remaining)
              [fetch_abide_pcp]  ...done. (2 seconds, 0 min)
              
              [fetch_abide_pcp] Downloading data from https://s3.amazonaws.com/fcp-indi/data/Projects/ABIDE_Initiative/Outputs/cpac/nofilt_noglobal/func_preproc/Pitt_0050004_func_preproc.nii.gz ...
              [fetch_abide_pcp] Downloaded 65748992 of 107986683 bytes (60.9%%,    0.6s remaining)
              [fetch_abide_pcp]  ...done. (2 seconds, 0 min)
              
              [fetch_abide_pcp] Downloading data from https://s3.amazonaws.com/fcp-indi/data/Projects/ABIDE_Initiative/Outputs/cpac/nofilt_noglobal/func_preproc/Pitt_0050005_func_preproc.nii.gz ...
              [fetch_abide_pcp] Downloaded 67100672 of 110518334 bytes (60.7%%,    0.7s remaining)
              [fetch_abide_pcp]  ...done. (2 seconds, 0 min)
              
              [fetch_abide_pcp] Downloading data from https://s3.amazonaws.com/fcp-indi/data/Projects/ABIDE_Initiative/Outputs/cpac/nofilt_noglobal/func_preproc/Pitt_0050006_func_preproc.nii.gz ...
              [fetch_abide_pcp] Downloaded 45907968 of 115167850 bytes (39.9%%,    1.5s remaining)
              [fetch_abide_pcp] Downloaded 100646912 of 115167850 bytes (87.4%%,    0.3s remaining)
              [fetch_abide_pcp]  ...done. (3 seconds, 0 min)
              
              [fetch_abide_pcp] Downloading data from https://s3.amazonaws.com/fcp-indi/data/Projects/ABIDE_Initiative/Outputs/cpac/nofilt_noglobal/func_preproc/Pitt_0050007_func_preproc.nii.gz ...
              [fetch_abide_pcp] Downloaded 50323456 of 102974496 bytes (48.9%%,    1.1s remaining)
              [fetch_abide_pcp]  ...done. (2 seconds, 0 min)
              
              [fetch_abide_pcp] Downloading data from https://s3.amazonaws.com/fcp-indi/data/Projects/ABIDE_Initiative/Outputs/cpac/nofilt_noglobal/func_preproc/Pitt_0050008_func_preproc.nii.gz ...
              [fetch_abide_pcp] Downloaded 41934848 of 105723516 bytes (39.7%%,    1.6s remaining)
              [fetch_abide_pcp] Downloaded 92266496 of 105723516 bytes (87.3%%,    0.3s remaining)
              [fetch_abide_pcp]  ...done. (3 seconds, 0 min)
              
              [fetch_abide_pcp] Downloading data from https://s3.amazonaws.com/fcp-indi/data/Projects/ABIDE_Initiative/Outputs/cpac/nofilt_noglobal/func_preproc/Pitt_0050010_func_preproc.nii.gz ...
              [fetch_abide_pcp] Downloaded 58712064 of 108702932 bytes (54.0%%,    0.9s remaining)
              [fetch_abide_pcp] Downloaded 103301120 of 108702932 bytes (95.0%%,    0.1s remaining)
              [fetch_abide_pcp]  ...done. (2 seconds, 0 min)
              
              [fetch_abide_pcp] Downloading data from https://s3.amazonaws.com/fcp-indi/data/Projects/ABIDE_Initiative/Outputs/cpac/nofilt_noglobal/func_preproc/Pitt_0050011_func_preproc.nii.gz ...
              [fetch_abide_pcp] Downloaded 50323456 of 100532666 bytes (50.1%%,    1.1s remaining)
              [fetch_abide_pcp]  ...done. (2 seconds, 0 min)
              
              [fetch_abide_pcp] Downloading data from https://s3.amazonaws.com/fcp-indi/data/Projects/ABIDE_Initiative/Outputs/cpac/nofilt_noglobal/func_preproc/Pitt_0050012_func_preproc.nii.gz ...
              [fetch_abide_pcp] Downloaded 50323456 of 110228275 bytes (45.7%%,    1.2s remaining)
              [fetch_abide_pcp] Downloaded 109043712 of 110228275 bytes (98.9%%,    0.0s remaining)
              [fetch_abide_pcp]  ...done. (2 seconds, 0 min)
              
              [fetch_abide_pcp] Downloading data from https://s3.amazonaws.com/fcp-indi/data/Projects/ABIDE_Initiative/Outputs/cpac/nofilt_noglobal/func_preproc/Pitt_0050013_func_preproc.nii.gz ...
              [fetch_abide_pcp] Downloaded 50323456 of 112533425 bytes (44.7%%,    1.3s remaining)
              [fetch_abide_pcp] Downloaded 95125504 of 112533425 bytes (84.5%%,    0.4s remaining)
              [fetch_abide_pcp]  ...done. (3 seconds, 0 min)
              
              Traceback (most recent call last):
                File "/home/runner/work/nilearn/nilearn/asv_benchmarks/env/98bc781cb9d42ce498ecc1fd616179dc/lib/python3.10/site-packages/sklearn/utils/_bunch.py", line 54, in __getattr__
                  return self[key]
                File "/home/runner/work/nilearn/nilearn/asv_benchmarks/env/98bc781cb9d42ce498ecc1fd616179dc/lib/python3.10/site-packages/sklearn/utils/_bunch.py", line 39, in __getitem__
                  return super().__getitem__(key)
              KeyError: 'func'
              
              During handling of the above exception, another exception occurred:
              
              Traceback (most recent call last):
                File "/opt/hostedtoolcache/Python/3.9.23/x64/lib/python3.9/site-packages/asv/benchmark.py", line 99, in <module>
                  main()
                File "/opt/hostedtoolcache/Python/3.9.23/x64/lib/python3.9/site-packages/asv/benchmark.py", line 91, in main
                  commands[mode](args)
                File "/home/runner/work/nilearn/nilearn/asv_benchmarks/env/98bc781cb9d42ce498ecc1fd616179dc/lib/python3.10/site-packages/asv_runner/setup_cache.py", line 41, in _setup_cache
                  cache = benchmark.do_setup_cache()
                File "/home/runner/work/nilearn/nilearn/asv_benchmarks/env/98bc781cb9d42ce498ecc1fd616179dc/lib/python3.10/site-packages/asv_runner/benchmarks/_base.py", line 655, in do_setup_cache
                  return self._setup_cache()
                File "/home/runner/work/nilearn/nilearn/asv_benchmarks/benchmarks/common.py", line 33, in setup_cache
                  concat = concat_imgs(fmri_data.func)
                File "/home/runner/work/nilearn/nilearn/asv_benchmarks/env/98bc781cb9d42ce498ecc1fd616179dc/lib/python3.10/site-packages/sklearn/utils/_bunch.py", line 56, in __getattr__
                  raise AttributeError(key)
              AttributeError: func
              
              asv: setup_cache failed (exit status 1)
              asv: benchmark failed (exit status 1)

[89.29%] Â·Â·Â· tracking.image.MeanImgBenchmark.peakmem_mean_img skipped (setup_cache failed)
[92.86%] Â·Â·Â· tracking.image.MeanImgBenchmark.time_mean_img               failed
[92.86%] Â·Â·Â·Â· asv: setup_cache failed
              
              [fetch_abide_pcp] Added README.md to /home/runner/nilearn_data
              [fetch_abide_pcp] Dataset created in /home/runner/nilearn_data/ABIDE_pcp
              [fetch_abide_pcp] Downloading data from https://s3.amazonaws.com/fcp-indi/data/Projects/ABIDE_Initiative/Phenotypic_V1_0b_preprocessed1.csv ...
              [fetch_abide_pcp]  ...done. (0 seconds, 0 min)
              
              [fetch_abide_pcp] Downloading data from https://s3.amazonaws.com/fcp-indi/data/Projects/ABIDE_Initiative/Outputs/cpac/nofilt_noglobal/func_preproc/Pitt_0050003_func_preproc.nii.gz ...
              [fetch_abide_pcp] Downloaded 54247424 of 104419884 bytes (52.0%%,    0.9s remaining)
              [fetch_abide_pcp] Downloaded 100646912 of 104419884 bytes (96.4%%,    0.1s remaining)
              [fetch_abide_pcp]  ...done. (2 seconds, 0 min)
              
              [fetch_abide_pcp] Downloading data from https://s3.amazonaws.com/fcp-indi/data/Projects/ABIDE_Initiative/Outputs/cpac/nofilt_noglobal/func_preproc/Pitt_0050004_func_preproc.nii.gz ...
              [fetch_abide_pcp] Downloaded 65748992 of 107986683 bytes (60.9%%,    0.6s remaining)
              [fetch_abide_pcp]  ...done. (2 seconds, 0 min)
              
              [fetch_abide_pcp] Downloading data from https://s3.amazonaws.com/fcp-indi/data/Projects/ABIDE_Initiative/Outputs/cpac/nofilt_noglobal/func_preproc/Pitt_0050005_func_preproc.nii.gz ...
              [fetch_abide_pcp] Downloaded 67100672 of 110518334 bytes (60.7%%,    0.7s remaining)
              [fetch_abide_pcp]  ...done. (2 seconds, 0 min)
              
              [fetch_abide_pcp] Downloading data from https://s3.amazonaws.com/fcp-indi/data/Projects/ABIDE_Initiative/Outputs/cpac/nofilt_noglobal/func_preproc/Pitt_0050006_func_preproc.nii.gz ...
              [fetch_abide_pcp] Downloaded 45907968 of 115167850 bytes (39.9%%,    1.5s remaining)
              [fetch_abide_pcp] Downloaded 100646912 of 115167850 bytes (87.4%%,    0.3s remaining)
              [fetch_abide_pcp]  ...done. (3 seconds, 0 min)
              
              [fetch_abide_pcp] Downloading data from https://s3.amazonaws.com/fcp-indi/data/Projects/ABIDE_Initiative/Outputs/cpac/nofilt_noglobal/func_preproc/Pitt_0050007_func_preproc.nii.gz ...
              [fetch_abide_pcp] Downloaded 50323456 of 102974496 bytes (48.9%%,    1.1s remaining)
              [fetch_abide_pcp]  ...done. (2 seconds, 0 min)
              
              [fetch_abide_pcp] Downloading data from https://s3.amazonaws.com/fcp-indi/data/Projects/ABIDE_Initiative/Outputs/cpac/nofilt_noglobal/func_preproc/Pitt_0050008_func_preproc.nii.gz ...
              [fetch_abide_pcp] Downloaded 41934848 of 105723516 bytes (39.7%%,    1.6s remaining)
              [fetch_abide_pcp] Downloaded 92266496 of 105723516 bytes (87.3%%,    0.3s remaining)
              [fetch_abide_pcp]  ...done. (3 seconds, 0 min)
              
              [fetch_abide_pcp] Downloading data from https://s3.amazonaws.com/fcp-indi/data/Projects/ABIDE_Initiative/Outputs/cpac/nofilt_noglobal/func_preproc/Pitt_0050010_func_preproc.nii.gz ...
              [fetch_abide_pcp] Downloaded 58712064 of 108702932 bytes (54.0%%,    0.9s remaining)
              [fetch_abide_pcp] Downloaded 103301120 of 108702932 bytes (95.0%%,    0.1s remaining)
              [fetch_abide_pcp]  ...done. (2 seconds, 0 min)
              
              [fetch_abide_pcp] Downloading data from https://s3.amazonaws.com/fcp-indi/data/Projects/ABIDE_Initiative/Outputs/cpac/nofilt_noglobal/func_preproc/Pitt_0050011_func_preproc.nii.gz ...
              [fetch_abide_pcp] Downloaded 50323456 of 100532666 bytes (50.1%%,    1.1s remaining)
              [fetch_abide_pcp]  ...done. (2 seconds, 0 min)
              
              [fetch_abide_pcp] Downloading data from https://s3.amazonaws.com/fcp-indi/data/Projects/ABIDE_Initiative/Outputs/cpac/nofilt_noglobal/func_preproc/Pitt_0050012_func_preproc.nii.gz ...
              [fetch_abide_pcp] Downloaded 50323456 of 110228275 bytes (45.7%%,    1.2s remaining)
              [fetch_abide_pcp] Downloaded 109043712 of 110228275 bytes (98.9%%,    0.0s remaining)
              [fetch_abide_pcp]  ...done. (2 seconds, 0 min)
              
              [fetch_abide_pcp] Downloading data from https://s3.amazonaws.com/fcp-indi/data/Projects/ABIDE_Initiative/Outputs/cpac/nofilt_noglobal/func_preproc/Pitt_0050013_func_preproc.nii.gz ...
              [fetch_abide_pcp] Downloaded 50323456 of 112533425 bytes (44.7%%,    1.3s remaining)
              [fetch_abide_pcp] Downloaded 95125504 of 112533425 bytes (84.5%%,    0.4s remaining)
              [fetch_abide_pcp]  ...done. (3 seconds, 0 min)
              
              Traceback (most recent call last):
                File "/home/runner/work/nilearn/nilearn/asv_benchmarks/env/98bc781cb9d42ce498ecc1fd616179dc/lib/python3.10/site-packages/sklearn/utils/_bunch.py", line 54, in __getattr__
                  return self[key]
                File "/home/runner/work/nilearn/nilearn/asv_benchmarks/env/98bc781cb9d42ce498ecc1fd616179dc/lib/python3.10/site-packages/sklearn/utils/_bunch.py", line 39, in __getitem__
                  return super().__getitem__(key)
              KeyError: 'func'
              
              During handling of the above exception, another exception occurred:
              
              Traceback (most recent call last):
                File "/opt/hostedtoolcache/Python/3.9.23/x64/lib/python3.9/site-packages/asv/benchmark.py", line 99, in <module>
                  main()
                File "/opt/hostedtoolcache/Python/3.9.23/x64/lib/python3.9/site-packages/asv/benchmark.py", line 91, in main
                  commands[mode](args)
                File "/home/runner/work/nilearn/nilearn/asv_benchmarks/env/98bc781cb9d42ce498ecc1fd616179dc/lib/python3.10/site-packages/asv_runner/setup_cache.py", line 41, in _setup_cache
                  cache = benchmark.do_setup_cache()
                File "/home/runner/work/nilearn/nilearn/asv_benchmarks/env/98bc781cb9d42ce498ecc1fd616179dc/lib/python3.10/site-packages/asv_runner/benchmarks/_base.py", line 655, in do_setup_cache
                  return self._setup_cache()
                File "/home/runner/work/nilearn/nilearn/asv_benchmarks/benchmarks/common.py", line 33, in setup_cache
                  concat = concat_imgs(fmri_data.func)
                File "/home/runner/work/nilearn/nilearn/asv_benchmarks/env/98bc781cb9d42ce498ecc1fd616179dc/lib/python3.10/site-packages/sklearn/utils/_bunch.py", line 56, in __getattr__
                  raise AttributeError(key)
              AttributeError: func
              
              asv: setup_cache failed (exit status 1)
              asv: benchmark failed (exit status 1)

[96.43%] Â·Â·Â· tracking.maskers.NiftiMaskerBenchmark.peakmem_nifti_masker skipped (setup_cache failed)
[100.00%] Â·Â·Â· ...skers.NiftiMaskerBenchmark.time_nifti_masker             failed
[100.00%] Â·Â·Â· ================ ======== ========
              --                    detrend     
              ---------------- -----------------
               smoothing_fwhm   False     True  
              ================ ======== ========
                    None        failed   failed 
                     6          failed   failed 
              ================ ======== ========
              asv: setup_cache failed
              
              [fetch_abide_pcp] Added README.md to /home/runner/nilearn_data
              [fetch_abide_pcp] Dataset created in /home/runner/nilearn_data/ABIDE_pcp
              [fetch_abide_pcp] Downloading data from https://s3.amazonaws.com/fcp-indi/data/Projects/ABIDE_Initiative/Phenotypic_V1_0b_preprocessed1.csv ...
              [fetch_abide_pcp]  ...done. (0 seconds, 0 min)
              
              [fetch_abide_pcp] Downloading data from https://s3.amazonaws.com/fcp-indi/data/Projects/ABIDE_Initiative/Outputs/cpac/nofilt_noglobal/func_preproc/Pitt_0050003_func_preproc.nii.gz ...
              [fetch_abide_pcp] Downloaded 54247424 of 104419884 bytes (52.0%%,    0.9s remaining)
              [fetch_abide_pcp] Downloaded 100646912 of 104419884 bytes (96.4%%,    0.1s remaining)
              [fetch_abide_pcp]  ...done. (2 seconds, 0 min)
              
              [fetch_abide_pcp] Downloading data from https://s3.amazonaws.com/fcp-indi/data/Projects/ABIDE_Initiative/Outputs/cpac/nofilt_noglobal/func_preproc/Pitt_0050004_func_preproc.nii.gz ...
              [fetch_abide_pcp] Downloaded 65748992 of 107986683 bytes (60.9%%,    0.6s remaining)
              [fetch_abide_pcp]  ...done. (2 seconds, 0 min)
              
              [fetch_abide_pcp] Downloading data from https://s3.amazonaws.com/fcp-indi/data/Projects/ABIDE_Initiative/Outputs/cpac/nofilt_noglobal/func_preproc/Pitt_0050005_func_preproc.nii.gz ...
              [fetch_abide_pcp] Downloaded 67100672 of 110518334 bytes (60.7%%,    0.7s remaining)
              [fetch_abide_pcp]  ...done. (2 seconds, 0 min)
              
              [fetch_abide_pcp] Downloading data from https://s3.amazonaws.com/fcp-indi/data/Projects/ABIDE_Initiative/Outputs/cpac/nofilt_noglobal/func_preproc/Pitt_0050006_func_preproc.nii.gz ...
              [fetch_abide_pcp] Downloaded 45907968 of 115167850 bytes (39.9%%,    1.5s remaining)
              [fetch_abide_pcp] Downloaded 100646912 of 115167850 bytes (87.4%%,    0.3s remaining)
              [fetch_abide_pcp]  ...done. (3 seconds, 0 min)
              
              [fetch_abide_pcp] Downloading data from https://s3.amazonaws.com/fcp-indi/data/Projects/ABIDE_Initiative/Outputs/cpac/nofilt_noglobal/func_preproc/Pitt_0050007_func_preproc.nii.gz ...
              [fetch_abide_pcp] Downloaded 50323456 of 102974496 bytes (48.9%%,    1.1s remaining)
              [fetch_abide_pcp]  ...done. (2 seconds, 0 min)
              
              [fetch_abide_pcp] Downloading data from https://s3.amazonaws.com/fcp-indi/data/Projects/ABIDE_Initiative/Outputs/cpac/nofilt_noglobal/func_preproc/Pitt_0050008_func_preproc.nii.gz ...
              [fetch_abide_pcp] Downloaded 41934848 of 105723516 bytes (39.7%%,    1.6s remaining)
              [fetch_abide_pcp] Downloaded 92266496 of 105723516 bytes (87.3%%,    0.3s remaining)
              [fetch_abide_pcp]  ...done. (3 seconds, 0 min)
              
              [fetch_abide_pcp] Downloading data from https://s3.amazonaws.com/fcp-indi/data/Projects/ABIDE_Initiative/Outputs/cpac/nofilt_noglobal/func_preproc/Pitt_0050010_func_preproc.nii.gz ...
              [fetch_abide_pcp] Downloaded 58712064 of 108702932 bytes (54.0%%,    0.9s remaining)
              [fetch_abide_pcp] Downloaded 103301120 of 108702932 bytes (95.0%%,    0.1s remaining)
              [fetch_abide_pcp]  ...done. (2 seconds, 0 min)
              
              [fetch_abide_pcp] Downloading data from https://s3.amazonaws.com/fcp-indi/data/Projects/ABIDE_Initiative/Outputs/cpac/nofilt_noglobal/func_preproc/Pitt_0050011_func_preproc.nii.gz ...
              [fetch_abide_pcp] Downloaded 50323456 of 100532666 bytes (50.1%%,    1.1s remaining)
              [fetch_abide_pcp]  ...done. (2 seconds, 0 min)
              
              [fetch_abide_pcp] Downloading data from https://s3.amazonaws.com/fcp-indi/data/Projects/ABIDE_Initiative/Outputs/cpac/nofilt_noglobal/func_preproc/Pitt_0050012_func_preproc.nii.gz ...
              [fetch_abide_pcp] Downloaded 50323456 of 110228275 bytes (45.7%%,    1.2s remaining)
              [fetch_abide_pcp] Downloaded 109043712 of 110228275 bytes (98.9%%,    0.0s remaining)
              [fetch_abide_pcp]  ...done. (2 seconds, 0 min)
              
              [fetch_abide_pcp] Downloading data from https://s3.amazonaws.com/fcp-indi/data/Projects/ABIDE_Initiative/Outputs/cpac/nofilt_noglobal/func_preproc/Pitt_0050013_func_preproc.nii.gz ...
              [fetch_abide_pcp] Downloaded 50323456 of 112533425 bytes (44.7%%,    1.3s remaining)
              [fetch_abide_pcp] Downloaded 95125504 of 112533425 bytes (84.5%%,    0.4s remaining)
              [fetch_abide_pcp]  ...done. (3 seconds, 0 min)
              
              Traceback (most recent call last):
                File "/home/runner/work/nilearn/nilearn/asv_benchmarks/env/98bc781cb9d42ce498ecc1fd616179dc/lib/python3.10/site-packages/sklearn/utils/_bunch.py", line 54, in __getattr__
                  return self[key]
                File "/home/runner/work/nilearn/nilearn/asv_benchmarks/env/98bc781cb9d42ce498ecc1fd616179dc/lib/python3.10/site-packages/sklearn/utils/_bunch.py", line 39, in __getitem__
                  return super().__getitem__(key)
              KeyError: 'func'
              
              During handling of the above exception, another exception occurred:
              
              Traceback (most recent call last):
                File "/opt/hostedtoolcache/Python/3.9.23/x64/lib/python3.9/site-packages/asv/benchmark.py", line 99, in <module>
                  main()
                File "/opt/hostedtoolcache/Python/3.9.23/x64/lib/python3.9/site-packages/asv/benchmark.py", line 91, in main
                  commands[mode](args)
                File "/home/runner/work/nilearn/nilearn/asv_benchmarks/env/98bc781cb9d42ce498ecc1fd616179dc/lib/python3.10/site-packages/asv_runner/setup_cache.py", line 41, in _setup_cache
                  cache = benchmark.do_setup_cache()
                File "/home/runner/work/nilearn/nilearn/asv_benchmarks/env/98bc781cb9d42ce498ecc1fd616179dc/lib/python3.10/site-packages/asv_runner/benchmarks/_base.py", line 655, in do_setup_cache
                  return self._setup_cache()
                File "/home/runner/work/nilearn/nilearn/asv_benchmarks/benchmarks/common.py", line 33, in setup_cache
                  concat = concat_imgs(fmri_data.func)
                File "/home/runner/work/nilearn/nilearn/asv_benchmarks/env/98bc781cb9d42ce498ecc1fd616179dc/lib/python3.10/site-packages/sklearn/utils/_bunch.py", line 56, in __getattr__
                  raise AttributeError(key)
              AttributeError: func
              
              asv: setup_cache failed (exit status 1)

[100.00%] Â·Â·Â·Â· asv: setup_cache failed
               
               [fetch_abide_pcp] Added README.md to /home/runner/nilearn_data
               [fetch_abide_pcp] Dataset created in /home/runner/nilearn_data/ABIDE_pcp
               [fetch_abide_pcp] Downloading data from https://s3.amazonaws.com/fcp-indi/data/Projects/ABIDE_Initiative/Phenotypic_V1_0b_preprocessed1.csv ...
               [fetch_abide_pcp]  ...done. (0 seconds, 0 min)
               
               [fetch_abide_pcp] Downloading data from https://s3.amazonaws.com/fcp-indi/data/Projects/ABIDE_Initiative/Outputs/cpac/nofilt_noglobal/func_preproc/Pitt_0050003_func_preproc.nii.gz ...
               [fetch_abide_pcp] Downloaded 54247424 of 104419884 bytes (52.0%%,    0.9s remaining)
               [fetch_abide_pcp] Downloaded 100646912 of 104419884 bytes (96.4%%,    0.1s remaining)
               [fetch_abide_pcp]  ...done. (2 seconds, 0 min)
               
               [fetch_abide_pcp] Downloading data from https://s3.amazonaws.com/fcp-indi/data/Projects/ABIDE_Initiative/Outputs/cpac/nofilt_noglobal/func_preproc/Pitt_0050004_func_preproc.nii.gz ...
               [fetch_abide_pcp] Downloaded 65748992 of 107986683 bytes (60.9%%,    0.6s remaining)
               [fetch_abide_pcp]  ...done. (2 seconds, 0 min)
               
               [fetch_abide_pcp] Downloading data from https://s3.amazonaws.com/fcp-indi/data/Projects/ABIDE_Initiative/Outputs/cpac/nofilt_noglobal/func_preproc/Pitt_0050005_func_preproc.nii.gz ...
               [fetch_abide_pcp] Downloaded 67100672 of 110518334 bytes (60.7%%,    0.7s remaining)
               [fetch_abide_pcp]  ...done. (2 seconds, 0 min)
               
               [fetch_abide_pcp] Downloading data from https://s3.amazonaws.com/fcp-indi/data/Projects/ABIDE_Initiative/Outputs/cpac/nofilt_noglobal/func_preproc/Pitt_0050006_func_preproc.nii.gz ...
               [fetch_abide_pcp] Downloaded 45907968 of 115167850 bytes (39.9%%,    1.5s remaining)
               [fetch_abide_pcp] Downloaded 100646912 of 115167850 bytes (87.4%%,    0.3s remaining)
               [fetch_abide_pcp]  ...done. (3 seconds, 0 min)
               
               [fetch_abide_pcp] Downloading data from https://s3.amazonaws.com/fcp-indi/data/Projects/ABIDE_Initiative/Outputs/cpac/nofilt_noglobal/func_preproc/Pitt_0050007_func_preproc.nii.gz ...
               [fetch_abide_pcp] Downloaded 50323456 of 102974496 bytes (48.9%%,    1.1s remaining)
               [fetch_abide_pcp]  ...done. (2 seconds, 0 min)
               
               [fetch_abide_pcp] Downloading data from https://s3.amazonaws.com/fcp-indi/data/Projects/ABIDE_Initiative/Outputs/cpac/nofilt_noglobal/func_preproc/Pitt_0050008_func_preproc.nii.gz ...
               [fetch_abide_pcp] Downloaded 41934848 of 105723516 bytes (39.7%%,    1.6s remaining)
               [fetch_abide_pcp] Downloaded 92266496 of 105723516 bytes (87.3%%,    0.3s remaining)
               [fetch_abide_pcp]  ...done. (3 seconds, 0 min)
               
               [fetch_abide_pcp] Downloading data from https://s3.amazonaws.com/fcp-indi/data/Projects/ABIDE_Initiative/Outputs/cpac/nofilt_noglobal/func_preproc/Pitt_0050010_func_preproc.nii.gz ...
               [fetch_abide_pcp] Downloaded 58712064 of 108702932 bytes (54.0%%,    0.9s remaining)
               [fetch_abide_pcp] Downloaded 103301120 of 108702932 bytes (95.0%%,    0.1s remaining)
               [fetch_abide_pcp]  ...done. (2 seconds, 0 min)
               
               [fetch_abide_pcp] Downloading data from https://s3.amazonaws.com/fcp-indi/data/Projects/ABIDE_Initiative/Outputs/cpac/nofilt_noglobal/func_preproc/Pitt_0050011_func_preproc.nii.gz ...
               [fetch_abide_pcp] Downloaded 50323456 of 100532666 bytes (50.1%%,    1.1s remaining)
               [fetch_abide_pcp]  ...done. (2 seconds, 0 min)
               
               [fetch_abide_pcp] Downloading data from https://s3.amazonaws.com/fcp-indi/data/Projects/ABIDE_Initiative/Outputs/cpac/nofilt_noglobal/func_preproc/Pitt_0050012_func_preproc.nii.gz ...
               [fetch_abide_pcp] Downloaded 50323456 of 110228275 bytes (45.7%%,    1.2s remaining)
               [fetch_abide_pcp] Downloaded 109043712 of 110228275 bytes (98.9%%,    0.0s remaining)
               [fetch_abide_pcp]  ...done. (2 seconds, 0 min)
               
               [fetch_abide_pcp] Downloading data from https://s3.amazonaws.com/fcp-indi/data/Projects/ABIDE_Initiative/Outputs/cpac/nofilt_noglobal/func_preproc/Pitt_0050013_func_preproc.nii.gz ...
               [fetch_abide_pcp] Downloaded 50323456 of 112533425 bytes (44.7%%,    1.3s remaining)
               [fetch_abide_pcp] Downloaded 95125504 of 112533425 bytes (84.5%%,    0.4s remaining)
               [fetch_abide_pcp]  ...done. (3 seconds, 0 min)
               
               Traceback (most recent call last):
                 File "/home/runner/work/nilearn/nilearn/asv_benchmarks/env/98bc781cb9d42ce498ecc1fd616179dc/lib/python3.10/site-packages/sklearn/utils/_bunch.py", line 54, in __getattr__
                   return self[key]
                 File "/home/runner/work/nilearn/nilearn/asv_benchmarks/env/98bc781cb9d42ce498ecc1fd616179dc/lib/python3.10/site-packages/sklearn/utils/_bunch.py", line 39, in __getitem__
                   return super().__getitem__(key)
               KeyError: 'func'
               
               During handling of the above exception, another exception occurred:
               
               Traceback (most recent call last):
                 File "/opt/hostedtoolcache/Python/3.9.23/x64/lib/python3.9/site-packages/asv/benchmark.py", line 99, in <module>
                   main()
                 File "/opt/hostedtoolcache/Python/3.9.23/x64/lib/python3.9/site-packages/asv/benchmark.py", line 91, in main
                   commands[mode](args)
                 File "/home/runner/work/nilearn/nilearn/asv_benchmarks/env/98bc781cb9d42ce498ecc1fd616179dc/lib/python3.10/site-packages/asv_runner/setup_cache.py", line 41, in _setup_cache
                   cache = benchmark.do_setup_cache()
                 File "/home/runner/work/nilearn/nilearn/asv_benchmarks/env/98bc781cb9d42ce498ecc1fd616179dc/lib/python3.10/site-packages/asv_runner/benchmarks/_base.py", line 655, in do_setup_cache
                   return self._setup_cache()
                 File "/home/runner/work/nilearn/nilearn/asv_benchmarks/benchmarks/common.py", line 33, in setup_cache
                   concat = concat_imgs(fmri_data.func)
                 File "/home/runner/work/nilearn/nilearn/asv_benchmarks/env/98bc781cb9d42ce498ecc1fd616179dc/lib/python3.10/site-packages/sklearn/utils/_bunch.py", line 56, in __getattr__
                   raise AttributeError(key)
               AttributeError: func
               
               asv: setup_cache failed (exit status 1)
               asv: benchmark failed (exit status 1)

