Â· Running '/usr/bin/git config init.defaultBranch'
Â· Running '/usr/bin/git config --global init.defaultBranch'
Â· Running '/usr/bin/git config --system init.defaultBranch'
Â· Cloning project
Â· Running '/usr/bin/git clone --mirror https://github.com/nilearn/nilearn.git /home/runner/work/nilearn/nilearn/asv_benchmarks/nilearn'
  OUTPUT -------->
  Cloning into bare repository '/home/runner/work/nilearn/nilearn/asv_benchmarks/nilearn'...
Â· Fetching recent changes
Â· Running '/usr/bin/git fetch origin'
Â· Running '/usr/bin/git rev-parse main^{commit}'
  OUTPUT -------->
  b629fdf4d624228877d26d3b282171d1877d77a5
Â· Creating environments
Â·Â· Creating conda environment for conda-py3.10-joblib1.2.0-nibabel5.2.0-numpy1.22.4-pandas2.2.0-scikit-learn1.4.0-scipy1.9.0
Â·Â· Running '/usr/bin/conda --version'
   OUTPUT -------->
   conda 25.9.1
Â·Â· conda version: 25.9.1
Â·Â· Running '/usr/bin/conda env create -f /tmp/tmp3zj99b4m.yml -p /home/runner/work/nilearn/nilearn/asv_benchmarks/env/7e3cf69549b1676b183e5ca8ac399641 --yes'
   OUTPUT -------->
   CI detected...
   By accessing https://repo.anaconda.com/pkgs/main via CI for this repository you 
   acknowledge and agree to the Terms of Service:
   ANACONDA TERMS OF SERVICE
   Effective Date: July 15, 2025
   
   See https://anaconda.com/legal/terms/terms-of-service
   By accessing https://repo.anaconda.com/pkgs/r via CI for this repository you 

   acknowledge and agree to the Terms of Service:
   ANACONDA TERMS OF SERVICE
   Effective Date: July 15, 2025
   
   See https://anaconda.com/legal/terms/terms-of-service
   2 channel Terms of Service accepted

   Retrieving notices: - \ done
   Channels:
    - conda-forge
    - defaults
   Platform: linux-64
   Collecting package metadata (repodata.json): / - \ | / - \ | / - \ | / - \ | / - \ | / - \ | / done

   Solving environment: \ done
   
   ==> WARNING: A newer version of conda exists. <==
       current version: 25.9.1
       latest version: 25.11.1
   
   Please update conda by running
   
       $ conda update -n base -c defaults conda
   
   
   

   Downloading and Extracting Packages: ...working...scipy-1.9.0          | 26.2 MB   |            |   0% 
   python-3.10.19       | 24.1 MB   |            |   0% [A
   
   pandas-2.2.0         | 12.4 MB   |            |   0% [A[A

   
   
   scikit-learn-1.4.0   | 8.6 MB    |            |   0% [A[A[A

   
   
   
   numpy-1.22.4         | 6.8 MB    |            |   0% [A[A[A[A

   
   
   
   
   libstdcxx-15.2.0     | 5.6 MB    |            |   0% [A[A[A[A[A

   
   
   
   
   
   libopenblas-0.3.25   | 5.3 MB    |            |   0% [A[A[A[A[A[A

   
   
   
   
   
   
   tk-8.6.13            | 3.1 MB    |            |   0% [A[A[A[A[A[A[A

   
   
   
   
   
   
   
   openssl-3.6.0        | 3.0 MB    |            |   0% [A[A[A[A[A[A[A[A

   
   
   
   
   
   
   
   
   nibabel-5.2.0        | 2.6 MB    |            |   0% [A[A[A[A[A[A[A[A[A

   
   
   
   
   
   
   
   
   
   libgfortran5-15.2.0  | 2.4 MB    |            |   0% [A[A[A[A[A[A[A[A[A[A

   
   
   
   
   
   
   
   
   
   
   pip-25.3             | 1.1 MB    |            |   0% [A[A[A[A[A[A[A[A[A[A[A

   
   
   
   
   
   
   
   
   
   
   
   libgcc-15.2.0        | 1018 KB   |            |   0% [A[A[A[A[A[A[A[A[A[A[A[A

   
   
   
   
   
   
   
   
   
   
   
   
   libsqlite-3.51.1     | 917 KB    |            |   0% [A[A[A[A[A[A[A[A[A[A[A[A[A

   
   
   
   
   
   
   
   
   
   
   
   
   
   ncurses-6.5          | 871 KB    |            |   0% [A[A[A[A[A[A[A[A[A[A[A[A[A[A

   
   
   
   
   
   
   
   
   
   
   
   
   
   
   setuptools-80.9.0    | 731 KB    |            |   0% [A[A[A[A[A[A[A[A[A[A[A[A[A[A[A

   
   
   
   
   
   
   
   
   
   
   
   
   
   
   
   ld_impl_linux-64-2.4 | 709 KB    |            |   0% [A[A[A[A[A[A[A[A[A[A[A[A[A[A[A[A

   
   
   
   
   
   
   
   
   
   
   
   
   
   
   
   
   libgomp-15.2.0       | 589 KB    |            |   0% [A[A[A[A[A[A[A[A[A[A[A[A[A[A[A[A[A
   
   
   
   
   
   
   
   
   
   
   
   
   
   
   
   
   
   zstd-1.5.7           | 587 KB    |            |   0% [A[A[A[A[A[A[A[A[A[A[A[A[A[A[A[A[A[A

   
   
   
   
   
   
   
   
   
   
   
   
   
   
   
   
   
   
    ... (more hidden) ...[A[A[A[A[A[A[A[A[A[A[A[A[A[A[A[A[A[A[A

   python-3.10.19       | 24.1 MB   |            |   0% [A
   
   pandas-2.2.0         | 12.4 MB   |            |   0% [A[Ascipy-1.9.0          | 26.2 MB   |            |   0% 

   
   
   scikit-learn-1.4.0   | 8.6 MB    |            |   0% [A[A[A

   python-3.10.19       | 24.1 MB   | #8         |  19% [A
   
   pandas-2.2.0         | 12.4 MB   | ###6       |  37% [A[Ascipy-1.9.0          | 26.2 MB   | #4         |  15% 

   
   
   scikit-learn-1.4.0   | 8.6 MB    | ###8       |  38% [A[A[A

   python-3.10.19       | 24.1 MB   | ###7       |  38% [A
   
   pandas-2.2.0         | 12.4 MB   | #######7   |  77% [A[Ascipy-1.9.0          | 26.2 MB   | ###3       |  34% 

   
   
   scikit-learn-1.4.0   | 8.6 MB    | #########8 |  98% [A[A[A

   
   
   
   numpy-1.22.4         | 6.8 MB    |            |   0% [A[A[A[A

   python-3.10.19       | 24.1 MB   | #####7     |  58% [Ascipy-1.9.0          | 26.2 MB   | #####1     |  51% 
   
   
   
   numpy-1.22.4         | 6.8 MB    | #####3     |  53% [A[A[A[A

   
   
   scikit-learn-1.4.0   | 8.6 MB    | ########## | 100% [A[A[A

   python-3.10.19       | 24.1 MB   | ########1  |  82% [Ascipy-1.9.0          | 26.2 MB   | #######2   |  72% 
   
   
   
   
   libstdcxx-15.2.0     | 5.6 MB    |            |   0% [A[A[A[A[A

   
   pandas-2.2.0         | 12.4 MB   | ########## | 100% [A[A

   
   
   
   numpy-1.22.4         | 6.8 MB    | ########8  |  88% [A[A[A[A

   
   
   
   
   
   libopenblas-0.3.25   | 5.3 MB    |            |   0% [A[A[A[A[A[A

   
   
   
   
   libstdcxx-15.2.0     | 5.6 MB    | #####7     |  58% [A[A[A[A[Ascipy-1.9.0          | 26.2 MB   | ########9  |  90% 

   
   
   
   
   
   libopenblas-0.3.25   | 5.3 MB    | ######4    |  64% [A[A[A[A[A[A

   
   
   
   numpy-1.22.4         | 6.8 MB    | ########## | 100% [A[A[A[A

   
   
   
   
   libstdcxx-15.2.0     | 5.6 MB    | ########## | 100% [A[A[A[A[A

   
   
   
   
   libstdcxx-15.2.0     | 5.6 MB    | ########## | 100% [A[A[A[A[A

   
   
   
   
   
   libopenblas-0.3.25   | 5.3 MB    | ########## | 100% [A[A[A[A[A[A

   
   
   
   
   
   
   tk-8.6.13            | 3.1 MB    |            |   0% [A[A[A[A[A[A[A

   
   
   
   
   
   
   
   openssl-3.6.0        | 3.0 MB    |            |   1% [A[A[A[A[A[A[A[A

   
   
   
   
   
   
   
   
   nibabel-5.2.0        | 2.6 MB    |            |   1% [A[A[A[A[A[A[A[A[A

   
   
   
   
   
   
   tk-8.6.13            | 3.1 MB    | ########## | 100% [A[A[A[A[A[A[A

   
   
   
   
   
   
   tk-8.6.13            | 3.1 MB    | ########## | 100% [A[A[A[A[A[A[A

   
   
   
   
   
   
   
   openssl-3.6.0        | 3.0 MB    | ########## | 100% [A[A[A[A[A[A[A[A

   
   
   
   
   
   
   
   openssl-3.6.0        | 3.0 MB    | ########## | 100% [A[A[A[A[A[A[A[A

   
   
   
   
   
   
   
   
   nibabel-5.2.0        | 2.6 MB    | ########## | 100% [A[A[A[A[A[A[A[A[A

   
   
   
   
   
   
   
   
   nibabel-5.2.0        | 2.6 MB    | ########## | 100% [A[A[A[A[A[A[A[A[A

   
   
   
   
   
   
   
   
   
   libgfortran5-15.2.0  | 2.4 MB    |            |   1% [A[A[A[A[A[A[A[A[A[A

   
   
   
   
   
   
   
   
   
   
   pip-25.3             | 1.1 MB    | 1          |   1% [A[A[A[A[A[A[A[A[A[A[A

   
   
   
   
   
   
   
   
   
   
   
   libgcc-15.2.0        | 1018 KB   | 1          |   2% [A[A[A[A[A[A[A[A[A[A[A[A

   
   
   
   
   
   
   
   
   
   
   
   libgcc-15.2.0        | 1018 KB   | ########## | 100% [A[A[A[A[A[A[A[A[A[A[A[A

   
   
   
   
   
   
   
   
   
   
   pip-25.3             | 1.1 MB    | ########## | 100% [A[A[A[A[A[A[A[A[A[A[A

   
   
   
   
   
   
   
   
   
   libgfortran5-15.2.0  | 2.4 MB    | ########## | 100% [A[A[A[A[A[A[A[A[A[A

   
   
   
   
   
   
   
   
   
   libgfortran5-15.2.0  | 2.4 MB    | ########## | 100% [A[A[A[A[A[A[A[A[A[A

   
   
   
   
   
   
   
   
   
   
   
   
   libsqlite-3.51.1     | 917 KB    | 1          |   2% [A[A[A[A[A[A[A[A[A[A[A[A[A

   
   
   
   
   
   
   
   
   
   
   
   
   
   ncurses-6.5          | 871 KB    | 1          |   2% [A[A[A[A[A[A[A[A[A[A[A[A[A[A

   python-3.10.19       | 24.1 MB   | ########## | 100% [A
   
   
   
   
   
   
   
   
   
   
   
   
   libsqlite-3.51.1     | 917 KB    | ########## | 100% [A[A[A[A[A[A[A[A[A[A[A[A[A

   
   
   
   
   
   
   
   
   
   
   
   
   
   
   setuptools-80.9.0    | 731 KB    | 2          |   2% [A[A[A[A[A[A[A[A[A[A[A[A[A[A[A

   
   
   
   
   
   
   
   
   
   
   
   
   
   ncurses-6.5          | 871 KB    | ########## | 100% [A[A[A[A[A[A[A[A[A[A[A[A[A[A

   
   
   
   
   
   
   
   
   
   
   
   
   
   
   setuptools-80.9.0    | 731 KB    | ########## | 100% [A[A[A[A[A[A[A[A[A[A[A[A[A[A[A

   
   
   
   
   
   
   
   
   
   
   
   
   
   
   
   ld_impl_linux-64-2.4 | 709 KB    | 2          |   2% [A[A[A[A[A[A[A[A[A[A[A[A[A[A[A[A

   
   
   
   
   
   
   
   
   
   
   
   
   
   
   
   
   libgomp-15.2.0       | 589 KB    | 2          |   3% [A[A[A[A[A[A[A[A[A[A[A[A[A[A[A[A[Ascipy-1.9.0          | 26.2 MB   | ########## | 100% 

   
   
   
   
   
   
   
   
   
   
   
   
   
   
   
   
   
   zstd-1.5.7           | 587 KB    | 2          |   3% [A[A[A[A[A[A[A[A[A[A[A[A[A[A[A[A[A[A

   
   
   
   
   
   
   
   
   
   
   
   
   
   
   
   
   libgomp-15.2.0       | 589 KB    | ########## | 100% [A[A[A[A[A[A[A[A[A[A[A[A[A[A[A[A[A

   
   
   
   
   
   
   
   
   
   
   
   
   
   
   
   
   
   zstd-1.5.7           | 587 KB    | ########## | 100% [A[A[A[A[A[A[A[A[A[A[A[A[A[A[A[A[A[A

   
   
   
   
   
   
   
   
   
   
   
   
   
   
   
   
   
   
    ... (more hidden) ...[A[A[A[A[A[A[A[A[A[A[A[A[A[A[A[A[A[A[A

   
   
   
   
   
   
   
   
   
   
   
   
   
   
   
   ld_impl_linux-64-2.4 | 709 KB    | ########## | 100% [A[A[A[A[A[A[A[A[A[A[A[A[A[A[A[A

   
   
   
   
   
   
   
   
   
   
   
   
   
   
   
   
   
   
    ... (more hidden) ...[A[A[A[A[A[A[A[A[A[A[A[A[A[A[A[A[A[A[A

   
   
   scikit-learn-1.4.0   | 8.6 MB    | ########## | 100% [A[A[A

   
   
   
   
   libstdcxx-15.2.0     | 5.6 MB    | ########## | 100% [A[A[A[A[A

   
   
   
   
   
   libopenblas-0.3.25   | 5.3 MB    | ########## | 100% [A[A[A[A[A[A

   
   
   
   
   
   
   tk-8.6.13            | 3.1 MB    | ########## | 100% [A[A[A[A[A[A[A

   
   
   
   
   
   
   
   openssl-3.6.0        | 3.0 MB    | ########## | 100% [A[A[A[A[A[A[A[A

   
   pandas-2.2.0         | 12.4 MB   | ########## | 100% [A[A

   
   
   
   
   
   
   
   
   nibabel-5.2.0        | 2.6 MB    | ########## | 100% [A[A[A[A[A[A[A[A[A

   
   
   
   
   
   
   
   
   
   
   
   libgcc-15.2.0        | 1018 KB   | ########## | 100% [A[A[A[A[A[A[A[A[A[A[A[A

   
   
   
   
   
   
   
   
   
   
   
   libgcc-15.2.0        | 1018 KB   | ########## | 100% [A[A[A[A[A[A[A[A[A[A[A[A

   
   
   
   numpy-1.22.4         | 6.8 MB    | ########## | 100% [A[A[A[A

   
   
   
   
   
   
   
   
   
   libgfortran5-15.2.0  | 2.4 MB    | ########## | 100% [A[A[A[A[A[A[A[A[A[A

   
   
   
   
   
   
   
   
   
   
   
   
   libsqlite-3.51.1     | 917 KB    | ########## | 100% [A[A[A[A[A[A[A[A[A[A[A[A[A

   
   
   
   
   
   
   
   
   
   
   
   
   libsqlite-3.51.1     | 917 KB    | ########## | 100% [A[A[A[A[A[A[A[A[A[A[A[A[A

   
   
   
   
   
   
   
   
   
   
   pip-25.3             | 1.1 MB    | ########## | 100% [A[A[A[A[A[A[A[A[A[A[A

   
   
   
   
   
   
   
   
   
   
   pip-25.3             | 1.1 MB    | ########## | 100% [A[A[A[A[A[A[A[A[A[A[A

   
   
   
   
   
   
   
   
   
   
   
   
   
   
   setuptools-80.9.0    | 731 KB    | ########## | 100% [A[A[A[A[A[A[A[A[A[A[A[A[A[A[A

   
   
   
   
   
   
   
   
   
   
   
   
   
   
   setuptools-80.9.0    | 731 KB    | ########## | 100% [A[A[A[A[A[A[A[A[A[A[A[A[A[A[A

   
   
   
   
   
   
   
   
   
   
   
   
   
   ncurses-6.5          | 871 KB    | ########## | 100% [A[A[A[A[A[A[A[A[A[A[A[A[A[A

   
   
   
   
   
   
   
   
   
   
   
   
   
   ncurses-6.5          | 871 KB    | ########## | 100% [A[A[A[A[A[A[A[A[A[A[A[A[A[A

   
   
   
   
   
   
   
   
   
   
   
   
   
   
   
   
   libgomp-15.2.0       | 589 KB    | ########## | 100% [A[A[A[A[A[A[A[A[A[A[A[A[A[A[A[A[A

   
   
   
   
   
   
   
   
   
   
   
   
   
   
   
   
   libgomp-15.2.0       | 589 KB    | ########## | 100% [A[A[A[A[A[A[A[A[A[A[A[A[A[A[A[A[A

   
   
   
   
   
   
   
   
   
   
   
   
   
   
   
   
   
   zstd-1.5.7           | 587 KB    | ########## | 100% [A[A[A[A[A[A[A[A[A[A[A[A[A[A[A[A[A[A

   
   
   
   
   
   
   
   
   
   
   
   
   
   
   
   
   
   zstd-1.5.7           | 587 KB    | ########## | 100% [A[A[A[A[A[A[A[A[A[A[A[A[A[A[A[A[A[A

   
   
   
   
   
   
   
   
   
   
   
   
   
   
   
   ld_impl_linux-64-2.4 | 709 KB    | ########## | 100% [A[A[A[A[A[A[A[A[A[A[A[A[A[A[A[A

   
   
   
   
   
   
   
   
   
   
   
   
   
   
   
   ld_impl_linux-64-2.4 | 709 KB    | ########## | 100% [A[A[A[A[A[A[A[A[A[A[A[A[A[A[A[A

   
   
   
   
   
   
   
   
   
   
   
   
   
   
   
   
   
   
    ... (more hidden) ...[A[A[A[A[A[A[A[A[A[A[A[A[A[A[A[A[A[A[A

   
   
   
   
   
   
   
   
   
   
   
   
   
   
   
   
   
   
    ... (more hidden) ...[A[A[A[A[A[A[A[A[A[A[A[A[A[A[A[A[A[A[A

   python-3.10.19       | 24.1 MB   | ########## | 100% [Ascipy-1.9.0          | 26.2 MB   | ########## | 100% 
   
   
   
   
   
   
   
   
   
   
   
   
   
   
   
   
   
   
                         [A[A[A[A[A[A[A[A[A[A[A[A[A[A[A[A[A[A[A                                                     

                                                        [A
   
                                                        [A[A
   
   
                                                        [A[A[A

   
   
   
                                                        [A[A[A[A
   
   
   
   
                                                        [A[A[A[A[A
   
   
   
   
   
                                                        [A[A[A[A[A[A
   
   
   
   
   
   
                                                        [A[A[A[A[A[A[A
   
   
   
   
   
   
   
                                                        [A[A[A[A[A[A[A[A
   
   
   
   
   
   
   
   
                                                        [A[A[A[A[A[A[A[A[A
   
   
   
   
   
   
   
   
   
                                                        [A[A[A[A[A[A[A[A[A[A
   
   
   
   
   
   
   
   
   
   
                                                        [A[A[A[A[A[A[A[A[A[A[A

   
   
   
   
   
   
   
   
   
   
   
                                                        [A[A[A[A[A[A[A[A[A[A[A[A
   
   
   
   
   
   
   
   
   
   
   
   
                                                        [A[A[A[A[A[A[A[A[A[A[A[A[A
   
   
   
   
   
   
   
   
   
   
   
   
   
                                                        [A[A[A[A[A[A[A[A[A[A[A[A[A[A
   
   
   
   
   
   
   
   
   
   
   
   
   
   
                                                        [A[A[A[A[A[A[A[A[A[A[A[A[A[A[A

   
   
   
   
   
   
   
   
   
   
   
   
   
   
   
                                                        [A[A[A[A[A[A[A[A[A[A[A[A[A[A[A[A
   
   
   
   
   
   
   
   
   
   
   
   
   
   
   
   
                                                        [A[A[A[A[A[A[A[A[A[A[A[A[A[A[A[A[A
   
   
   
   
   
   
   
   
   
   
   
   
   
   
   
   
   
                                                        [A[A[A[A[A[A[A[A[A[A[A[A[A[A[A[A[A[A
   [A
   
   [A[A
   
   
   [A[A[A
   
   
   
   [A[A[A[A
   
   
   
   
   [A[A[A[A[A
   
   
   
   
   
   [A[A[A[A[A[A
   
   
   
   
   
   
   [A[A[A[A[A[A[A
   
   
   
   
   
   
   
   [A[A[A[A[A[A[A[A
   
   
   
   
   
   
   
   
   [A[A[A[A[A[A[A[A[A
   
   
   
   
   
   
   
   
   
   [A[A[A[A[A[A[A[A[A[A
   
   
   
   
   
   
   
   
   
   
   [A[A[A[A[A[A[A[A[A[A[A
   
   
   
   
   
   
   
   
   
   
   
   [A[A[A[A[A[A[A[A[A[A[A[A
   
   
   
   
   
   
   
   
   
   
   
   
   [A[A[A[A[A[A[A[A[A[A[A[A[A
   
   
   
   
   
   
   
   
   
   
   
   
   
   [A[A[A[A[A[A[A[A[A[A[A[A[A[A
   
   
   
   
   
   
   
   
   
   
   
   
   
   
   [A[A[A[A[A[A[A[A[A[A[A[A[A[A[A
   
   
   
   
   
   
   
   
   
   
   
   
   
   
   
   [A[A[A[A[A[A[A[A[A[A[A[A[A[A[A[A
   
   
   
   
   
   
   
   
   
   
   
   
   
   
   
   
   [A[A[A[A[A[A[A[A[A[A[A[A[A[A[A[A[A
   
   
   
   
   
   
   
   
   
   
   
   
   
   
   
   
   
   [A[A[A[A[A[A[A[A[A[A[A[A[A[A[A[A[A[A
   [A
   
   [A[A

   
   
   [A[A[A
   
   
   
   [A[A[A[A
   
   
   
   
   [A[A[A[A[A
   
   
   
   
   
   [A[A[A[A[A[A
   
   
   
   
   
   
   [A[A[A[A[A[A[A
   
   
   
   
   
   
   
   [A[A[A[A[A[A[A[A
   
   
   
   
   
   
   
   
   [A[A[A[A[A[A[A[A[A
   
   
   
   
   
   
   
   
   
   [A[A[A[A[A[A[A[A[A[A
   
   
   
   
   
   
   
   
   
   
   [A[A[A[A[A[A[A[A[A[A[A done
   Preparing transaction: / - \ done

   Verifying transaction: / - \ | / - \ | / - \ | / - done
   Executing transaction: | / - \ | / - \ | / - \ | / - \ | / - \ | / - \ | / - \ | / - \ | / - \ | / - done
   #
   # To activate this environment, use
   #
   #     $ conda activate /home/runner/work/nilearn/nilearn/asv_benchmarks/env/7e3cf69549b1676b183e5ca8ac399641
   #
   # To deactivate an active environment, use
   #
   #     $ conda deactivate
   

Â·Â· Running '/home/runner/work/nilearn/nilearn/asv_benchmarks/env/7e3cf69549b1676b183e5ca8ac399641/bin/python -m pip install -v --upgrade build'
   OUTPUT -------->
   Using pip 25.3 from /home/runner/work/nilearn/nilearn/asv_benchmarks/env/7e3cf69549b1676b183e5ca8ac399641/lib/python3.10/site-packages/pip (python 3.10)
   Collecting build
     Obtaining dependency information for build from https://files.pythonhosted.org/packages/cb/8c/2b30c12155ad8de0cf641d76a8b396a16d2c36bc6d50b621a62b7c4567c1/build-1.3.0-py3-none-any.whl.metadata
     Using cached build-1.3.0-py3-none-any.whl.metadata (5.6 kB)
   Requirement already satisfied: packaging>=19.1 in ./env/7e3cf69549b1676b183e5ca8ac399641/lib/python3.10/site-packages (from build) (25.0)
   Collecting pyproject_hooks (from build)
     Obtaining dependency information for pyproject_hooks from https://files.pythonhosted.org/packages/bd/24/12818598c362d7f300f18e74db45963dbcb85150324092410c8b49405e42/pyproject_hooks-1.2.0-py3-none-any.whl.metadata
     Using cached pyproject_hooks-1.2.0-py3-none-any.whl.metadata (1.3 kB)
   Collecting tomli>=1.1.0 (from build)
     Obtaining dependency information for tomli>=1.1.0 from https://files.pythonhosted.org/packages/77/b8/0135fadc89e73be292b473cb820b4f5a08197779206b33191e801feeae40/tomli-2.3.0-py3-none-any.whl.metadata
     Using cached tomli-2.3.0-py3-none-any.whl.metadata (10 kB)
   Using cached build-1.3.0-py3-none-any.whl (23 kB)
   Using cached tomli-2.3.0-py3-none-any.whl (14 kB)
   Using cached pyproject_hooks-1.2.0-py3-none-any.whl (10 kB)
   Installing collected packages: tomli, pyproject_hooks, build
     changing mode of /home/runner/work/nilearn/nilearn/asv_benchmarks/env/7e3cf69549b1676b183e5ca8ac399641/bin/pyproject-build to 755
   Successfully installed build-1.3.0 pyproject_hooks-1.2.0 tomli-2.3.0
Â·Â· Running '/home/runner/work/nilearn/nilearn/asv_benchmarks/env/7e3cf69549b1676b183e5ca8ac399641/bin/python -m pip install -v --upgrade asv_runner'
   OUTPUT -------->
   Using pip 25.3 from /home/runner/work/nilearn/nilearn/asv_benchmarks/env/7e3cf69549b1676b183e5ca8ac399641/lib/python3.10/site-packages/pip (python 3.10)
   Collecting asv_runner
     Obtaining dependency information for asv_runner from https://files.pythonhosted.org/packages/54/9a/6872af94fc8e8072723946651e65f66e16a0ca0efec7806bce8c2e2483d1/asv_runner-0.2.1-py3-none-any.whl.metadata
     Using cached asv_runner-0.2.1-py3-none-any.whl.metadata (2.8 kB)
   Collecting importlib-metadata (from asv_runner)
     Obtaining dependency information for importlib-metadata from https://files.pythonhosted.org/packages/20/b0/36bd937216ec521246249be3bf9855081de4c5e06a0c9b4219dbeda50373/importlib_metadata-8.7.0-py3-none-any.whl.metadata
     Using cached importlib_metadata-8.7.0-py3-none-any.whl.metadata (4.8 kB)
   Requirement already satisfied: zipp>=3.20 in ./env/7e3cf69549b1676b183e5ca8ac399641/lib/python3.10/site-packages (from importlib-metadata->asv_runner) (3.23.0)
   Using cached asv_runner-0.2.1-py3-none-any.whl (47 kB)
   Using cached importlib_metadata-8.7.0-py3-none-any.whl (27 kB)
   Installing collected packages: importlib-metadata, asv_runner
   Successfully installed asv_runner-0.2.1 importlib-metadata-8.7.0
Â·Â· Running '/home/runner/work/nilearn/nilearn/asv_benchmarks/env/7e3cf69549b1676b183e5ca8ac399641/bin/python -m pip install -v --upgrade pympler'
   OUTPUT -------->
   Using pip 25.3 from /home/runner/work/nilearn/nilearn/asv_benchmarks/env/7e3cf69549b1676b183e5ca8ac399641/lib/python3.10/site-packages/pip (python 3.10)
   Collecting pympler
     Obtaining dependency information for pympler from https://files.pythonhosted.org/packages/79/4f/a6a2e2b202d7fd97eadfe90979845b8706676b41cbd3b42ba75adf329d1f/Pympler-1.1-py3-none-any.whl.metadata
     Using cached Pympler-1.1-py3-none-any.whl.metadata (3.6 kB)
   Using cached Pympler-1.1-py3-none-any.whl (165 kB)
   Installing collected packages: pympler
   Successfully installed pympler-1.1
Â· Discovering benchmarks
Â·Â· Running '/usr/bin/git rev-parse main^{commit}'
   OUTPUT -------->
   b629fdf4d624228877d26d3b282171d1877d77a5
Â·Â· Running '/usr/bin/git clone --shared --recursive /home/runner/work/nilearn/nilearn/asv_benchmarks/nilearn /home/runner/work/nilearn/nilearn/asv_benchmarks/env/7e3cf69549b1676b183e5ca8ac399641/project'
   OUTPUT -------->
   Cloning into '/home/runner/work/nilearn/nilearn/asv_benchmarks/env/7e3cf69549b1676b183e5ca8ac399641/project'...
   done.
Â·Â· Running '/usr/bin/git -c protocol.file.allow=always submodule deinit -f .'
Â·Â· Running '/usr/bin/git checkout -f b629fdf4d624228877d26d3b282171d1877d77a5'
   OUTPUT -------->
   Note: switching to 'b629fdf4d624228877d26d3b282171d1877d77a5'.
   
   You are in 'detached HEAD' state. You can look around, make experimental
   changes and commit them, and you can discard any commits you make in this
   state without impacting any branches by switching back to a branch.
   
   If you want to create a new branch to retain commits you create, you may
   do so (now or later) by using -c with the switch command. Example:
   
     git switch -c <new-branch-name>
   
   Or undo this operation with:
   
     git switch -
   
   Turn off this advice by setting config variable advice.detachedHead to false
   
   HEAD is now at b629fdf4d [ENH] Refactor Slicers to check cut_coords depending on slicer type (#5886)

Â·Â· Running '/usr/bin/git clean -fdx'
Â·Â· Running '/usr/bin/git -c protocol.file.allow=always submodule update --init --recursive'
Â·Â· Uninstalling from conda-py3.10-joblib1.2.0-nibabel5.2.0-numpy1.22.4-pandas2.2.0-scikit-learn1.4.0-scipy1.9.0
Â·Â· Running '/home/runner/work/nilearn/nilearn/asv_benchmarks/env/7e3cf69549b1676b183e5ca8ac399641/bin/python -m pip uninstall -y nilearn'
   OUTPUT -------->
   WARNING: Skipping nilearn as it is not installed.
Â·Â· Running '/usr/bin/git name-rev --name-only --exclude=remotes/* --no-undefined b629fdf4d624228877d26d3b282171d1877d77a5'
   OUTPUT -------->
   main
Â·Â· Building b629fdf4 <main> for conda-py3.10-joblib1.2.0-nibabel5.2.0-numpy1.22.4-pandas2.2.0-scikit-learn1.4.0-scipy1.9.0
Â·Â· Running '/home/runner/work/nilearn/nilearn/asv_benchmarks/env/7e3cf69549b1676b183e5ca8ac399641/bin/python -m build --wheel -o /home/runner/work/nilearn/nilearn/asv_benchmarks/env/7e3cf69549b1676b183e5ca8ac399641/asv-build-cache/b629fdf4d624228877d26d3b282171d1877d77a5 /home/runner/work/nilearn/nilearn/asv_benchmarks/env/7e3cf69549b1676b183e5ca8ac399641/project'
   OUTPUT -------->
   * Creating isolated environment: venv+pip...
   * Installing packages in isolated environment:
     - hatch-vcs
     - hatchling
     - setuptools-scm!=9.0.0
   * Getting build dependencies for wheel...
   * Building wheel...

   Successfully built nilearn-0.12.2.dev210+gb629fdf4d-py3-none-any.whl
Â·Â· Running '/usr/bin/git name-rev --name-only --exclude=remotes/* --no-undefined b629fdf4d624228877d26d3b282171d1877d77a5'
   OUTPUT -------->
   main
Â·Â· Installing b629fdf4 <main> into conda-py3.10-joblib1.2.0-nibabel5.2.0-numpy1.22.4-pandas2.2.0-scikit-learn1.4.0-scipy1.9.0
Â·Â· Running '/home/runner/work/nilearn/nilearn/asv_benchmarks/env/7e3cf69549b1676b183e5ca8ac399641/bin/python -m pip install /home/runner/work/nilearn/nilearn/asv_benchmarks/env/7e3cf69549b1676b183e5ca8ac399641/asv-build-cache/b629fdf4d624228877d26d3b282171d1877d77a5/nilearn-0.12.2.dev210+gb629fdf4d-py3-none-any.whl'
   OUTPUT -------->
   Processing /home/runner/work/nilearn/nilearn/asv_benchmarks/env/7e3cf69549b1676b183e5ca8ac399641/asv-build-cache/b629fdf4d624228877d26d3b282171d1877d77a5/nilearn-0.12.2.dev210+gb629fdf4d-py3-none-any.whl
   Collecting jinja2>=3.1.2 (from nilearn==0.12.2.dev210+gb629fdf4d)
     Downloading jinja2-3.1.6-py3-none-any.whl.metadata (2.9 kB)
   Requirement already satisfied: joblib>=1.2.0 in /home/runner/work/nilearn/nilearn/asv_benchmarks/env/7e3cf69549b1676b183e5ca8ac399641/lib/python3.10/site-packages (from nilearn==0.12.2.dev210+gb629fdf4d) (1.2.0)
   Requirement already satisfied: nibabel>=5.2.0 in /home/runner/work/nilearn/nilearn/asv_benchmarks/env/7e3cf69549b1676b183e5ca8ac399641/lib/python3.10/site-packages (from nilearn==0.12.2.dev210+gb629fdf4d) (5.2.0)
   Requirement already satisfied: numpy>=1.22.4 in /home/runner/work/nilearn/nilearn/asv_benchmarks/env/7e3cf69549b1676b183e5ca8ac399641/lib/python3.10/site-packages (from nilearn==0.12.2.dev210+gb629fdf4d) (1.22.4)
   Requirement already satisfied: packaging in /home/runner/work/nilearn/nilearn/asv_benchmarks/env/7e3cf69549b1676b183e5ca8ac399641/lib/python3.10/site-packages (from nilearn==0.12.2.dev210+gb629fdf4d) (25.0)
   Requirement already satisfied: pandas>=2.2.0 in /home/runner/work/nilearn/nilearn/asv_benchmarks/env/7e3cf69549b1676b183e5ca8ac399641/lib/python3.10/site-packages (from nilearn==0.12.2.dev210+gb629fdf4d) (2.2.0)
   Collecting requests>=2.30.0 (from nilearn==0.12.2.dev210+gb629fdf4d)
     Using cached requests-2.32.5-py3-none-any.whl.metadata (4.9 kB)
   Requirement already satisfied: scikit-learn>=1.4.0 in /home/runner/work/nilearn/nilearn/asv_benchmarks/env/7e3cf69549b1676b183e5ca8ac399641/lib/python3.10/site-packages (from nilearn==0.12.2.dev210+gb629fdf4d) (1.4.0)
   Requirement already satisfied: scipy>=1.9.0 in /home/runner/work/nilearn/nilearn/asv_benchmarks/env/7e3cf69549b1676b183e5ca8ac399641/lib/python3.10/site-packages (from nilearn==0.12.2.dev210+gb629fdf4d) (1.9.0)
   Collecting MarkupSafe>=2.0 (from jinja2>=3.1.2->nilearn==0.12.2.dev210+gb629fdf4d)
     Downloading markupsafe-3.0.3-cp310-cp310-manylinux2014_x86_64.manylinux_2_17_x86_64.manylinux_2_28_x86_64.whl.metadata (2.7 kB)
   Requirement already satisfied: python-dateutil>=2.8.2 in /home/runner/work/nilearn/nilearn/asv_benchmarks/env/7e3cf69549b1676b183e5ca8ac399641/lib/python3.10/site-packages (from pandas>=2.2.0->nilearn==0.12.2.dev210+gb629fdf4d) (2.9.0.post0)
   Requirement already satisfied: pytz>=2020.1 in /home/runner/work/nilearn/nilearn/asv_benchmarks/env/7e3cf69549b1676b183e5ca8ac399641/lib/python3.10/site-packages (from pandas>=2.2.0->nilearn==0.12.2.dev210+gb629fdf4d) (2025.2)
   Requirement already satisfied: tzdata>=2022.7 in /home/runner/work/nilearn/nilearn/asv_benchmarks/env/7e3cf69549b1676b183e5ca8ac399641/lib/python3.10/site-packages (from pandas>=2.2.0->nilearn==0.12.2.dev210+gb629fdf4d) (2025.3)
   Requirement already satisfied: six>=1.5 in /home/runner/work/nilearn/nilearn/asv_benchmarks/env/7e3cf69549b1676b183e5ca8ac399641/lib/python3.10/site-packages (from python-dateutil>=2.8.2->pandas>=2.2.0->nilearn==0.12.2.dev210+gb629fdf4d) (1.17.0)
   Collecting charset_normalizer<4,>=2 (from requests>=2.30.0->nilearn==0.12.2.dev210+gb629fdf4d)
     Using cached charset_normalizer-3.4.4-cp310-cp310-manylinux2014_x86_64.manylinux_2_17_x86_64.manylinux_2_28_x86_64.whl.metadata (37 kB)
   Collecting idna<4,>=2.5 (from requests>=2.30.0->nilearn==0.12.2.dev210+gb629fdf4d)
     Using cached idna-3.11-py3-none-any.whl.metadata (8.4 kB)
   Collecting urllib3<3,>=1.21.1 (from requests>=2.30.0->nilearn==0.12.2.dev210+gb629fdf4d)
     Using cached urllib3-2.6.2-py3-none-any.whl.metadata (6.6 kB)
   Collecting certifi>=2017.4.17 (from requests>=2.30.0->nilearn==0.12.2.dev210+gb629fdf4d)
     Using cached certifi-2025.11.12-py3-none-any.whl.metadata (2.5 kB)
   Requirement already satisfied: threadpoolctl>=2.0.0 in /home/runner/work/nilearn/nilearn/asv_benchmarks/env/7e3cf69549b1676b183e5ca8ac399641/lib/python3.10/site-packages (from scikit-learn>=1.4.0->nilearn==0.12.2.dev210+gb629fdf4d) (3.6.0)
   Downloading jinja2-3.1.6-py3-none-any.whl (134 kB)
   Downloading markupsafe-3.0.3-cp310-cp310-manylinux2014_x86_64.manylinux_2_17_x86_64.manylinux_2_28_x86_64.whl (20 kB)
   Using cached requests-2.32.5-py3-none-any.whl (64 kB)
   Using cached charset_normalizer-3.4.4-cp310-cp310-manylinux2014_x86_64.manylinux_2_17_x86_64.manylinux_2_28_x86_64.whl (153 kB)
   Using cached idna-3.11-py3-none-any.whl (71 kB)
   Using cached urllib3-2.6.2-py3-none-any.whl (131 kB)
   Using cached certifi-2025.11.12-py3-none-any.whl (159 kB)
   Installing collected packages: urllib3, MarkupSafe, idna, charset_normalizer, certifi, requests, jinja2, nilearn
   Successfully installed MarkupSafe-3.0.3 certifi-2025.11.12 charset_normalizer-3.4.4 idna-3.11 jinja2-3.1.6 nilearn-0.12.2.dev210+gb629fdf4d requests-2.32.5 urllib3-2.6.2
Â·Â· Running '/opt/hostedtoolcache/Python/3.10.18/x64/lib/python3.10/site-packages/asv/benchmark.py discover /home/runner/work/nilearn/nilearn/asv_benchmarks/benchmarks /tmp/tmpjaf4x7_4/result.json' in conda-py3.10-joblib1.2.0-nibabel5.2.0-numpy1.22.4-pandas2.2.0-scikit-learn1.4.0-scipy1.9.0
Â·Â· Running '/home/runner/work/nilearn/nilearn/asv_benchmarks/env/7e3cf69549b1676b183e5ca8ac399641/bin/python /opt/hostedtoolcache/Python/3.10.18/x64/lib/python3.10/site-packages/asv/benchmark.py discover /home/runner/work/nilearn/nilearn/asv_benchmarks/benchmarks /tmp/tmpjaf4x7_4/result.json'
Â· Running 16 total benchmarks (1 commits * 1 environments * 16 benchmarks)
[ 0.00%] Â· Running '/usr/bin/git name-rev --name-only --exclude=remotes/* --no-undefined b629fdf4d624228877d26d3b282171d1877d77a5'
           OUTPUT -------->
           main
[ 0.00%] Â· For nilearn commit b629fdf4 <main>:
[ 0.00%] Â·Â· Running '/usr/bin/git rev-list -n 1 --format=%at b629fdf4d624228877d26d3b282171d1877d77a5'
            OUTPUT -------->
            commit b629fdf4d624228877d26d3b282171d1877d77a5
            1766132617
[ 0.00%] Â·Â· Benchmarking conda-py3.10-joblib1.2.0-nibabel5.2.0-numpy1.22.4-pandas2.2.0-scikit-learn1.4.0-scipy1.9.0
[ 0.00%] Â·Â·Â· Running '/opt/hostedtoolcache/Python/3.10.18/x64/lib/python3.10/site-packages/asv/benchmark.py run_server /home/runner/work/nilearn/nilearn/asv_benchmarks/benchmarks /tmp/asv-forkserver-_z7z388o/socket' in conda-py3.10-joblib1.2.0-nibabel5.2.0-numpy1.22.4-pandas2.2.0-scikit-learn1.4.0-scipy1.9.0
[ 0.00%] Â·Â·Â· Running '/home/runner/work/nilearn/nilearn/asv_benchmarks/env/7e3cf69549b1676b183e5ca8ac399641/bin/python /opt/hostedtoolcache/Python/3.10.18/x64/lib/python3.10/site-packages/asv/benchmark.py run_server /home/runner/work/nilearn/nilearn/asv_benchmarks/benchmarks /tmp/asv-forkserver-_z7z388o/socket'
[ 6.25%] Â·Â·Â· Setting up common:16
[ 6.25%] Â·Â·Â· Running '/opt/hostedtoolcache/Python/3.10.18/x64/lib/python3.10/site-packages/asv/benchmark.py setup_cache /home/runner/work/nilearn/nilearn/asv_benchmarks/benchmarks comparisons.image.CompareLoad.time_compare_load {"cpu_affinity": null}' in conda-py3.10-joblib1.2.0-nibabel5.2.0-numpy1.22.4-pandas2.2.0-scikit-learn1.4.0-scipy1.9.0
[ 6.25%] Â·Â·Â· Running '/home/runner/work/nilearn/nilearn/asv_benchmarks/env/7e3cf69549b1676b183e5ca8ac399641/bin/python /opt/hostedtoolcache/Python/3.10.18/x64/lib/python3.10/site-packages/asv/benchmark.py setup_cache /home/runner/work/nilearn/nilearn/asv_benchmarks/benchmarks comparisons.image.CompareLoad.time_compare_load {"cpu_affinity": null}'
             OUTPUT -------->
             [fetch_abide_pcp] Added README.md to /home/runner/nilearn_data
             [fetch_abide_pcp] Dataset created in /home/runner/nilearn_data/ABIDE_pcp
             [fetch_abide_pcp] Downloading data from https://s3.amazonaws.com/fcp-indi/data/Projects/ABIDE_Initiative/Phenotypic_V1_0b_preprocessed1.csv ...
             [fetch_abide_pcp]  ...done. (0 seconds, 0 min)
             
             [fetch_abide_pcp] Downloading data from https://s3.amazonaws.com/fcp-indi/data/Projects/ABIDE_Initiative/Outputs/cpac/nofilt_noglobal/func_preproc/Pitt_0050003_func_preproc.nii.gz ...
             [fetch_abide_pcp] Downloaded 58359808 of 104419884 bytes (55.9%%,    0.8s remaining)
             [fetch_abide_pcp] Downloaded 100646912 of 104419884 bytes (96.4%%,    0.1s remaining)
             [fetch_abide_pcp]  ...done. (2 seconds, 0 min)
             
             [fetch_abide_pcp] Downloading data from https://s3.amazonaws.com/fcp-indi/data/Projects/ABIDE_Initiative/Outputs/cpac/nofilt_noglobal/func_preproc/Pitt_0050004_func_preproc.nii.gz ...
             [fetch_abide_pcp] Downloaded 58712064 of 107986683 bytes (54.4%%,    0.9s remaining)
             [fetch_abide_pcp]  ...done. (2 seconds, 0 min)
             
             [fetch_abide_pcp] Downloading data from https://s3.amazonaws.com/fcp-indi/data/Projects/ABIDE_Initiative/Outputs/cpac/nofilt_noglobal/func_preproc/Pitt_0050005_func_preproc.nii.gz ...
             [fetch_abide_pcp] Downloaded 41934848 of 110518334 bytes (37.9%%,    1.8s remaining)
             [fetch_abide_pcp] Downloaded 93126656 of 110518334 bytes (84.3%%,    0.4s remaining)
             [fetch_abide_pcp]  ...done. (3 seconds, 0 min)
             
             [fetch_abide_pcp] Downloading data from https://s3.amazonaws.com/fcp-indi/data/Projects/ABIDE_Initiative/Outputs/cpac/nofilt_noglobal/func_preproc/Pitt_0050006_func_preproc.nii.gz ...
             [fetch_abide_pcp] Downloaded 58712064 of 115167850 bytes (51.0%%,    1.0s remaining)
             [fetch_abide_pcp] Downloaded 108855296 of 115167850 bytes (94.5%%,    0.1s remaining)
             [fetch_abide_pcp]  ...done. (3 seconds, 0 min)
             
             [fetch_abide_pcp] Downloading data from https://s3.amazonaws.com/fcp-indi/data/Projects/ABIDE_Initiative/Outputs/cpac/nofilt_noglobal/func_preproc/Pitt_0050007_func_preproc.nii.gz ...
             [fetch_abide_pcp] Downloaded 64126976 of 102974496 bytes (62.3%%,    0.6s remaining)
             [fetch_abide_pcp]  ...done. (2 seconds, 0 min)
             
             [fetch_abide_pcp] Downloading data from https://s3.amazonaws.com/fcp-indi/data/Projects/ABIDE_Initiative/Outputs/cpac/nofilt_noglobal/func_preproc/Pitt_0050008_func_preproc.nii.gz ...
             [fetch_abide_pcp] Downloaded 66134016 of 105723516 bytes (62.6%%,    0.6s remaining)
             [fetch_abide_pcp]  ...done. (2 seconds, 0 min)
             
             [fetch_abide_pcp] Downloading data from https://s3.amazonaws.com/fcp-indi/data/Projects/ABIDE_Initiative/Outputs/cpac/nofilt_noglobal/func_preproc/Pitt_0050010_func_preproc.nii.gz ...
             [fetch_abide_pcp] Downloaded 51740672 of 108702932 bytes (47.6%%,    1.1s remaining)
             [fetch_abide_pcp] Downloaded 100646912 of 108702932 bytes (92.6%%,    0.2s remaining)
             [fetch_abide_pcp]  ...done. (2 seconds, 0 min)
             
             [fetch_abide_pcp] Downloading data from https://s3.amazonaws.com/fcp-indi/data/Projects/ABIDE_Initiative/Outputs/cpac/nofilt_noglobal/func_preproc/Pitt_0050011_func_preproc.nii.gz ...
             [fetch_abide_pcp] Downloaded 50323456 of 100532666 bytes (50.1%%,    1.0s remaining)
             [fetch_abide_pcp]  ...done. (2 seconds, 0 min)
             
             [fetch_abide_pcp] Downloading data from https://s3.amazonaws.com/fcp-indi/data/Projects/ABIDE_Initiative/Outputs/cpac/nofilt_noglobal/func_preproc/Pitt_0050012_func_preproc.nii.gz ...
             [fetch_abide_pcp] Downloaded 58712064 of 110228275 bytes (53.3%%,    0.9s remaining)
             [fetch_abide_pcp]  ...done. (2 seconds, 0 min)
             
             [fetch_abide_pcp] Downloading data from https://s3.amazonaws.com/fcp-indi/data/Projects/ABIDE_Initiative/Outputs/cpac/nofilt_noglobal/func_preproc/Pitt_0050013_func_preproc.nii.gz ...
             [fetch_abide_pcp] Downloaded 58712064 of 112533425 bytes (52.2%%,    1.0s remaining)
             [fetch_abide_pcp] Downloaded 109207552 of 112533425 bytes (97.0%%,    0.1s remaining)
             [fetch_abide_pcp]  ...done. (2 seconds, 0 min)
             
             [fetch_atlas_schaefer_2018] Dataset created in /home/runner/nilearn_data/schaefer_2018
             [fetch_atlas_schaefer_2018] Downloading data from https://raw.githubusercontent.com/ThomasYeoLab/CBIG/v0.14.3-Update_Yeo2011_Schaefer2018_labelname/stable_projects/brain_parcellation/Schaefer2018_LocalGlobal/Parcellations/MNI/Schaefer2018_100Parcels_7Networks_order.txt ...

             [fetch_atlas_schaefer_2018]  ...done. (0 seconds, 0 min)
             
             [fetch_atlas_schaefer_2018] Downloading data from https://raw.githubusercontent.com/ThomasYeoLab/CBIG/v0.14.3-Update_Yeo2011_Schaefer2018_labelname/stable_projects/brain_parcellation/Schaefer2018_LocalGlobal/Parcellations/MNI/Schaefer2018_100Parcels_7Networks_order_FSLMNI152_1mm.nii.gz ...
             [fetch_atlas_schaefer_2018]  ...done. (0 seconds, 0 min)
             
                                            ok
[ 6.25%] Â·Â·Â· Running (comparisons.image.CompareLoad.time_compare_load--)..
[18.75%] Â·Â·Â· Running (comparisons.image.CompareSlice.time_compare_slice--)..
[31.25%] Â·Â·Â· Running (tracking.image.IndexImgBenchmark.time_index_img--)...
[50.00%] Â·Â·Â· Running (tracking.maskers.NiftiMaskerBenchmark.time_nifti_masker--).
[53.12%] Â·Â·Â· ...isons.image.CompareLoad.peakmem_compare_load                 ok
[53.12%] Â·Â·Â· =============== =======
                  loader            
             --------------- -------
                 nilearn      8.62G 
              nibabel (ref)    101M 
             =============== =======

[56.25%] Â·Â·Â· comparisons.image.CompareLoad.time_compare_load                 ok
[56.25%] Â·Â·Â· =============== =============
                  loader                  
             --------------- -------------
                 nilearn       10.3Â±0.1s  
              nibabel (ref)   1.01Â±0.01ms 
             =============== =============

[59.38%] Â·Â·Â· ...isons.image.CompareMean.peakmem_compare_mean                 ok
[59.38%] Â·Â·Â· =============== =======
                  loader            
             --------------- -------
                 nilearn      8.62G 
              nibabel (ref)   8.62G 
             =============== =======

[62.50%] Â·Â·Â· comparisons.image.CompareMean.time_compare_mean                 ok
[62.50%] Â·Â·Â· =============== ============
                  loader                 
             --------------- ------------
                 nilearn      10.4Â±0.02s 
              nibabel (ref)    10.3Â±0s   
             =============== ============

[65.62%] Â·Â·Â· ...ons.image.CompareSlice.peakmem_compare_slice                 ok
[65.62%] Â·Â·Â· =============== =======
                  loader            
             --------------- -------
                 nilearn      8.62G 
              nibabel (ref)    104M 
             =============== =======

[68.75%] Â·Â·Â· ...risons.image.CompareSlice.time_compare_slice                 ok
[68.75%] Â·Â·Â· =============== =============
                  loader                  
             --------------- -------------
                 nilearn        10.1Â±0s   
              nibabel (ref)   5.79Â±0.04ms 
             =============== =============

[71.88%] Â·Â·Â· ...ons.maskers.CompareMask.peakmem_compare_mask                 ok
[71.88%] Â·Â·Â· ================ ========= ===============
             --                         loader         
             ---------------- -------------------------
              implementation   nilearn   nibabel (ref) 
             ================ ========= ===============
                 nilearn         9.7G         9.7G     
               numpy (ref)      8.62G         101M     
             ================ ========= ===============

[71.88%] Â·Â·Â·Â· For parameters: 'nilearn', 'nilearn'
              /home/runner/work/nilearn/nilearn/asv_benchmarks/benchmarks/utils.py:64: UserWarning: [NiftiMasker.fit] Generation of a mask has been requested (imgs != None) while a mask was given at masker creation. Given mask will be used.
                NiftiMasker(mask_img=mask).fit_transform(img)
              
              For parameters: 'nilearn', 'nibabel (ref)'
              /home/runner/work/nilearn/nilearn/asv_benchmarks/benchmarks/utils.py:64: UserWarning: [NiftiMasker.fit] Generation of a mask has been requested (imgs != None) while a mask was given at masker creation. Given mask will be used.
                NiftiMasker(mask_img=mask).fit_transform(img)

[75.00%] Â·Â·Â· ...risons.maskers.CompareMask.time_compare_mask                 ok
[75.00%] Â·Â·Â· ================ ============ ===============
             --                          loader           
             ---------------- ----------------------------
              implementation    nilearn     nibabel (ref) 
             ================ ============ ===============
                 nilearn       19.4Â±0.03s     19.3Â±0.05s  
               numpy (ref)     10.2Â±0.02s    1.01Â±0.01ms  
             ================ ============ ===============

[75.00%] Â·Â·Â·Â· For parameters: 'nilearn', 'nilearn'
              /home/runner/work/nilearn/nilearn/asv_benchmarks/benchmarks/utils.py:64: UserWarning: [NiftiMasker.fit] Generation of a mask has been requested (imgs != None) while a mask was given at masker creation. Given mask will be used.
                NiftiMasker(mask_img=mask).fit_transform(img)
              /home/runner/work/nilearn/nilearn/asv_benchmarks/benchmarks/utils.py:64: UserWarning: [NiftiMasker.fit] Generation of a mask has been requested (imgs != None) while a mask was given at masker creation. Given mask will be used.
                NiftiMasker(mask_img=mask).fit_transform(img)
              
              For parameters: 'nilearn', 'nibabel (ref)'
              /home/runner/work/nilearn/nilearn/asv_benchmarks/benchmarks/utils.py:64: UserWarning: [NiftiMasker.fit] Generation of a mask has been requested (imgs != None) while a mask was given at masker creation. Given mask will be used.
                NiftiMasker(mask_img=mask).fit_transform(img)
              /home/runner/work/nilearn/nilearn/asv_benchmarks/benchmarks/utils.py:64: UserWarning: [NiftiMasker.fit] Generation of a mask has been requested (imgs != None) while a mask was given at masker creation. Given mask will be used.
                NiftiMasker(mask_img=mask).fit_transform(img)

[78.12%] Â·Â·Â· ...ng.image.IndexImgBenchmark.peakmem_index_img             failed
[78.12%] Â·Â·Â·Â· Traceback (most recent call last):
                File "/home/runner/work/nilearn/nilearn/asv_benchmarks/env/7e3cf69549b1676b183e5ca8ac399641/lib/python3.10/site-packages/asv_runner/server.py", line 179, in _run_server
                  _run(run_args)
                File "/home/runner/work/nilearn/nilearn/asv_benchmarks/env/7e3cf69549b1676b183e5ca8ac399641/lib/python3.10/site-packages/asv_runner/run.py", line 72, in _run
                  result = benchmark.do_run()
                File "/home/runner/work/nilearn/nilearn/asv_benchmarks/env/7e3cf69549b1676b183e5ca8ac399641/lib/python3.10/site-packages/asv_runner/benchmarks/_base.py", line 661, in do_run
                  return self.run(*self._current_params)
                File "/home/runner/work/nilearn/nilearn/asv_benchmarks/env/7e3cf69549b1676b183e5ca8ac399641/lib/python3.10/site-packages/asv_runner/benchmarks/peakmem.py", line 66, in run
                  self.func(*param)
                File "/home/runner/work/nilearn/nilearn/asv_benchmarks/benchmarks/tracking/image.py", line 49, in peakmem_index_img
                  index_img("fmri_100.nii.gz", slice(1, 90, 2))
                File "/home/runner/work/nilearn/nilearn/asv_benchmarks/env/7e3cf69549b1676b183e5ca8ac399641/lib/python3.10/site-packages/nilearn/image/image.py", line 712, in index_img
                  imgs = check_niimg_4d(imgs)
                File "/home/runner/work/nilearn/nilearn/asv_benchmarks/env/7e3cf69549b1676b183e5ca8ac399641/lib/python3.10/site-packages/nilearn/image/image.py", line 2415, in check_niimg_4d
                  return check_niimg(
                File "/home/runner/work/nilearn/nilearn/asv_benchmarks/env/7e3cf69549b1676b183e5ca8ac399641/lib/python3.10/site-packages/nilearn/image/image.py", line 2278, in check_niimg
                  raise ValueError(f"File not found: '{niimg}'")
              ValueError: File not found: 'fmri_100.nii.gz'
              asv: benchmark failed (exit status 1)

[81.25%] Â·Â·Â· tracking.image.IndexImgBenchmark.time_index_img             failed
[81.25%] Â·Â·Â·Â· Traceback (most recent call last):
                File "/home/runner/work/nilearn/nilearn/asv_benchmarks/env/7e3cf69549b1676b183e5ca8ac399641/lib/python3.10/site-packages/asv_runner/server.py", line 179, in _run_server
                  _run(run_args)
                File "/home/runner/work/nilearn/nilearn/asv_benchmarks/env/7e3cf69549b1676b183e5ca8ac399641/lib/python3.10/site-packages/asv_runner/run.py", line 72, in _run
                  result = benchmark.do_run()
                File "/home/runner/work/nilearn/nilearn/asv_benchmarks/env/7e3cf69549b1676b183e5ca8ac399641/lib/python3.10/site-packages/asv_runner/benchmarks/_base.py", line 661, in do_run
                  return self.run(*self._current_params)
                File "/home/runner/work/nilearn/nilearn/asv_benchmarks/env/7e3cf69549b1676b183e5ca8ac399641/lib/python3.10/site-packages/asv_runner/benchmarks/time.py", line 165, in run
                  samples, number = self.benchmark_timing(
                File "/home/runner/work/nilearn/nilearn/asv_benchmarks/env/7e3cf69549b1676b183e5ca8ac399641/lib/python3.10/site-packages/asv_runner/benchmarks/time.py", line 258, in benchmark_timing
                  timing = timer.timeit(number)
                File "/home/runner/work/nilearn/nilearn/asv_benchmarks/env/7e3cf69549b1676b183e5ca8ac399641/lib/python3.10/timeit.py", line 178, in timeit
                  timing = self.inner(it, self.timer)
                File "<timeit-src>", line 6, in inner
                File "/home/runner/work/nilearn/nilearn/asv_benchmarks/benchmarks/tracking/image.py", line 45, in time_index_img
                  index_img("fmri_100.nii.gz", slice(1, 90, 2))
                File "/home/runner/work/nilearn/nilearn/asv_benchmarks/env/7e3cf69549b1676b183e5ca8ac399641/lib/python3.10/site-packages/nilearn/image/image.py", line 712, in index_img
                  imgs = check_niimg_4d(imgs)
                File "/home/runner/work/nilearn/nilearn/asv_benchmarks/env/7e3cf69549b1676b183e5ca8ac399641/lib/python3.10/site-packages/nilearn/image/image.py", line 2415, in check_niimg_4d
                  return check_niimg(
                File "/home/runner/work/nilearn/nilearn/asv_benchmarks/env/7e3cf69549b1676b183e5ca8ac399641/lib/python3.10/site-packages/nilearn/image/image.py", line 2278, in check_niimg
                  raise ValueError(f"File not found: '{niimg}'")
              ValueError: File not found: 'fmri_100.nii.gz'
              asv: benchmark failed (exit status 1)

[84.38%] Â·Â·Â· ...king.image.LoadImgBenchmark.peakmem_load_img              8.62G
[87.50%] Â·Â·Â· tracking.image.LoadImgBenchmark.time_load_img           10.2Â±0.01s
[90.62%] Â·Â·Â· ...king.image.MeanImgBenchmark.peakmem_mean_img              8.62G
[93.75%] Â·Â·Â· tracking.image.MeanImgBenchmark.time_mean_img              10.4Â±0s
[96.88%] Â·Â·Â· ...rs.NiftiMaskerBenchmark.peakmem_nifti_masker                 ok
[96.88%] Â·Â·Â· ================ ======= ======
             --                  detrend    
             ---------------- --------------
              smoothing_fwhm   False   True 
             ================ ======= ======
                   None         9.7G   9.7G 
                    6           14G    14G  
             ================ ======= ======

[96.88%] Â·Â·Â·Â· For parameters: None, False
              /home/runner/work/nilearn/nilearn/asv_benchmarks/benchmarks/utils.py:68: UserWarning: [NiftiMasker.fit] Generation of a mask has been requested (imgs != None) while a mask was given at masker creation. Given mask will be used.
                masker.fit_transform(img)
              
              For parameters: None, True
              /home/runner/work/nilearn/nilearn/asv_benchmarks/benchmarks/utils.py:68: UserWarning: [NiftiMasker.fit] Generation of a mask has been requested (imgs != None) while a mask was given at masker creation. Given mask will be used.
                masker.fit_transform(img)
              
              For parameters: 6, False
              /home/runner/work/nilearn/nilearn/asv_benchmarks/benchmarks/utils.py:68: UserWarning: [NiftiMasker.fit] Generation of a mask has been requested (imgs != None) while a mask was given at masker creation. Given mask will be used.
                masker.fit_transform(img)
              
              For parameters: 6, True
              /home/runner/work/nilearn/nilearn/asv_benchmarks/benchmarks/utils.py:68: UserWarning: [NiftiMasker.fit] Generation of a mask has been requested (imgs != None) while a mask was given at masker creation. Given mask will be used.
                masker.fit_transform(img)

[100.00%] Â·Â·Â· ...skers.NiftiMaskerBenchmark.time_nifti_masker                 ok
[100.00%] Â·Â·Â· ================ ============ ============
              --                        detrend         
              ---------------- -------------------------
               smoothing_fwhm     False         True    
              ================ ============ ============
                    None        19.3Â±0.01s   19.3Â±0.02s 
                     6          26.3Â±0.07s   26.3Â±0.06s 
              ================ ============ ============

[100.00%] Â·Â·Â·Â· For parameters: None, False
               /home/runner/work/nilearn/nilearn/asv_benchmarks/benchmarks/utils.py:68: UserWarning: [NiftiMasker.fit] Generation of a mask has been requested (imgs != None) while a mask was given at masker creation. Given mask will be used.
                 masker.fit_transform(img)
               /home/runner/work/nilearn/nilearn/asv_benchmarks/benchmarks/utils.py:68: UserWarning: [NiftiMasker.fit] Generation of a mask has been requested (imgs != None) while a mask was given at masker creation. Given mask will be used.
                 masker.fit_transform(img)
               
               For parameters: None, True
               /home/runner/work/nilearn/nilearn/asv_benchmarks/benchmarks/utils.py:68: UserWarning: [NiftiMasker.fit] Generation of a mask has been requested (imgs != None) while a mask was given at masker creation. Given mask will be used.
                 masker.fit_transform(img)
               /home/runner/work/nilearn/nilearn/asv_benchmarks/benchmarks/utils.py:68: UserWarning: [NiftiMasker.fit] Generation of a mask has been requested (imgs != None) while a mask was given at masker creation. Given mask will be used.
                 masker.fit_transform(img)
               
               For parameters: 6, False
               /home/runner/work/nilearn/nilearn/asv_benchmarks/benchmarks/utils.py:68: UserWarning: [NiftiMasker.fit] Generation of a mask has been requested (imgs != None) while a mask was given at masker creation. Given mask will be used.
                 masker.fit_transform(img)
               /home/runner/work/nilearn/nilearn/asv_benchmarks/benchmarks/utils.py:68: UserWarning: [NiftiMasker.fit] Generation of a mask has been requested (imgs != None) while a mask was given at masker creation. Given mask will be used.
                 masker.fit_transform(img)
               
               For parameters: 6, True
               /home/runner/work/nilearn/nilearn/asv_benchmarks/benchmarks/utils.py:68: UserWarning: [NiftiMasker.fit] Generation of a mask has been requested (imgs != None) while a mask was given at masker creation. Given mask will be used.
                 masker.fit_transform(img)
               /home/runner/work/nilearn/nilearn/asv_benchmarks/benchmarks/utils.py:68: UserWarning: [NiftiMasker.fit] Generation of a mask has been requested (imgs != None) while a mask was given at masker creation. Given mask will be used.
                 masker.fit_transform(img)

